[0.040s] Invoking command in '/home/amareb/autonomousDriving/build/dynamixel_sdk': /usr/bin/cmake /home/amareb/autonomousDriving/src/DynamixelSDK/dynamixel_sdk -DCMAKE_INSTALL_PREFIX=/home/amareb/autonomousDriving/install/dynamixel_sdk
[0.530s] -- The C compiler identification is GNU 11.4.0
[0.904s] -- The CXX compiler identification is GNU 11.4.0
[0.986s] -- Detecting C compiler ABI info
[1.210s] -- Detecting C compiler ABI info - done
[1.238s] -- Check for working C compiler: /usr/bin/cc - skipped
[1.238s] -- Detecting C compile features
[1.239s] -- Detecting C compile features - done
[1.243s] -- Detecting CXX compiler ABI info
[1.427s] -- Detecting CXX compiler ABI info - done
[1.448s] -- Check for working CXX compiler: /usr/bin/c++ - skipped
[1.449s] -- Detecting CXX compile features
[1.449s] -- Detecting CXX compile features - done
[1.956s] [31mCMake Error at CMakeLists.txt:18 (find_package):
[1.956s]   By not providing "Findament_cmake.cmake" in CMAKE_MODULE_PATH this project
[1.956s]   has asked CMake to find a package configuration file provided by
[1.956s]   "ament_cmake", but CMake did not find one.
[1.956s] 
[1.957s]   Could not find a package configuration file provided by "ament_cmake" with
[1.957s]   any of the following names:
[1.958s] 
[1.958s]     ament_cmakeConfig.cmake
[1.960s]     ament_cmake-config.cmake
[1.960s] 
[1.960s]   Add the installation prefix of "ament_cmake" to CMAKE_PREFIX_PATH or set
[1.960s]   "ament_cmake_DIR" to a directory containing one of the above files.  If
[1.963s]   "ament_cmake" provides a separate development package or SDK, be sure it
[1.963s]   has been installed.
[1.963s] 
[1.964s] [0m
[1.965s] -- Configuring incomplete, errors occurred!
[1.965s] See also "/home/amareb/autonomousDriving/build/dynamixel_sdk/CMakeFiles/CMakeOutput.log".
[1.978s] Invoked command in '/home/amareb/autonomousDriving/build/dynamixel_sdk' returned '1': /usr/bin/cmake /home/amareb/autonomousDriving/src/DynamixelSDK/dynamixel_sdk -DCMAKE_INSTALL_PREFIX=/home/amareb/autonomousDriving/install/dynamixel_sdk
