[0.048s] Invoking command in '/home/amareb/autonomousDriving/build/turtlebot3_navigation2': CMAKE_PREFIX_PATH=/home/amareb/autonomousDriving/install/turtlebot3_teleop:/opt/ros/humble /usr/bin/cmake /home/amareb/autonomousDriving/src/turtlebot3/turtlebot3_navigation2 -DCMAKE_INSTALL_PREFIX=/home/amareb/autonomousDriving/install/turtlebot3_navigation2
[0.646s] -- Found ament_cmake: 1.3.9 (/opt/ros/humble/share/ament_cmake/cmake)
[0.646s] -- Found Python3: /usr/bin/python3 (found version "3.10.12") found components: Interpreter 
[0.702s] -- Configuring done
[0.714s] -- Generating done
[0.717s] -- Build files have been written to: /home/amareb/autonomousDriving/build/turtlebot3_navigation2
[0.726s] Invoked command in '/home/amareb/autonomousDriving/build/turtlebot3_navigation2' returned '0': CMAKE_PREFIX_PATH=/home/amareb/autonomousDriving/install/turtlebot3_teleop:/opt/ros/humble /usr/bin/cmake /home/amareb/autonomousDriving/src/turtlebot3/turtlebot3_navigation2 -DCMAKE_INSTALL_PREFIX=/home/amareb/autonomousDriving/install/turtlebot3_navigation2
[0.733s] Invoking command in '/home/amareb/autonomousDriving/build/turtlebot3_navigation2': CMAKE_PREFIX_PATH=/home/amareb/autonomousDriving/install/turtlebot3_teleop:/opt/ros/humble /usr/bin/cmake --build /home/amareb/autonomousDriving/build/turtlebot3_navigation2 -- -j16 -l16
[0.824s] Invoked command in '/home/amareb/autonomousDriving/build/turtlebot3_navigation2' returned '0': CMAKE_PREFIX_PATH=/home/amareb/autonomousDriving/install/turtlebot3_teleop:/opt/ros/humble /usr/bin/cmake --build /home/amareb/autonomousDriving/build/turtlebot3_navigation2 -- -j16 -l16
[0.905s] Invoking command in '/home/amareb/autonomousDriving/build/turtlebot3_navigation2': CMAKE_PREFIX_PATH=/home/amareb/autonomousDriving/install/turtlebot3_teleop:/opt/ros/humble /usr/bin/cmake --install /home/amareb/autonomousDriving/build/turtlebot3_navigation2
[0.938s] -- Install configuration: ""
[0.941s] -- Installing: /home/amareb/autonomousDriving/install/turtlebot3_navigation2/share/turtlebot3_navigation2/launch
[0.947s] -- Installing: /home/amareb/autonomousDriving/install/turtlebot3_navigation2/share/turtlebot3_navigation2/launch/navigation2.launch.py:Zone.Identifier
[0.947s] -- Installing: /home/amareb/autonomousDriving/install/turtlebot3_navigation2/share/turtlebot3_navigation2/launch/navigation2.launch.py
[0.947s] -- Installing: /home/amareb/autonomousDriving/install/turtlebot3_navigation2/share/turtlebot3_navigation2/map
[0.949s] -- Installing: /home/amareb/autonomousDriving/install/turtlebot3_navigation2/share/turtlebot3_navigation2/map/stage4.pgm
[0.949s] -- Installing: /home/amareb/autonomousDriving/install/turtlebot3_navigation2/share/turtlebot3_navigation2/map/map.pgm
[0.949s] -- Installing: /home/amareb/autonomousDriving/install/turtlebot3_navigation2/share/turtlebot3_navigation2/map/map.yaml:Zone.Identifier
[0.949s] -- Installing: /home/amareb/autonomousDriving/install/turtlebot3_navigation2/share/turtlebot3_navigation2/map/map.pgm:Zone.Identifier
[0.950s] -- Installing: /home/amareb/autonomousDriving/install/turtlebot3_navigation2/share/turtlebot3_navigation2/map/stage4.yaml:Zone.Identifier
[0.959s] -- Installing: /home/amareb/autonomousDriving/install/turtlebot3_navigation2/share/turtlebot3_navigation2/map/stage4.pgm:Zone.Identifier
[0.960s] -- Installing: /home/amareb/autonomousDriving/install/turtlebot3_navigation2/share/turtlebot3_navigation2/map/map.yaml
[0.961s] -- Installing: /home/amareb/autonomousDriving/install/turtlebot3_navigation2/share/turtlebot3_navigation2/map/stage4.yaml
[0.962s] -- Installing: /home/amareb/autonomousDriving/install/turtlebot3_navigation2/share/turtlebot3_navigation2/param
[0.963s] -- Installing: /home/amareb/autonomousDriving/install/turtlebot3_navigation2/share/turtlebot3_navigation2/param/waffle.yaml
[0.963s] -- Installing: /home/amareb/autonomousDriving/install/turtlebot3_navigation2/share/turtlebot3_navigation2/param/waffle_pi.yaml
[0.963s] -- Installing: /home/amareb/autonomousDriving/install/turtlebot3_navigation2/share/turtlebot3_navigation2/param/burger.yaml:Zone.Identifier
[0.963s] -- Installing: /home/amareb/autonomousDriving/install/turtlebot3_navigation2/share/turtlebot3_navigation2/param/burger.yaml
[0.964s] -- Installing: /home/amareb/autonomousDriving/install/turtlebot3_navigation2/share/turtlebot3_navigation2/param/waffle_pi.yaml:Zone.Identifier
[0.964s] -- Installing: /home/amareb/autonomousDriving/install/turtlebot3_navigation2/share/turtlebot3_navigation2/param/waffle.yaml:Zone.Identifier
[0.964s] -- Installing: /home/amareb/autonomousDriving/install/turtlebot3_navigation2/share/turtlebot3_navigation2/rviz
[0.964s] -- Installing: /home/amareb/autonomousDriving/install/turtlebot3_navigation2/share/turtlebot3_navigation2/rviz/tb3_navigation2.rviz
[0.964s] -- Installing: /home/amareb/autonomousDriving/install/turtlebot3_navigation2/share/turtlebot3_navigation2/rviz/tb3_navigation2.rviz:Zone.Identifier
[0.965s] -- Installing: /home/amareb/autonomousDriving/install/turtlebot3_navigation2/share/ament_index/resource_index/package_run_dependencies/turtlebot3_navigation2
[0.965s] -- Installing: /home/amareb/autonomousDriving/install/turtlebot3_navigation2/share/ament_index/resource_index/parent_prefix_path/turtlebot3_navigation2
[0.966s] -- Installing: /home/amareb/autonomousDriving/install/turtlebot3_navigation2/share/turtlebot3_navigation2/environment/ament_prefix_path.sh
[0.970s] -- Installing: /home/amareb/autonomousDriving/install/turtlebot3_navigation2/share/turtlebot3_navigation2/environment/ament_prefix_path.dsv
[0.971s] -- Installing: /home/amareb/autonomousDriving/install/turtlebot3_navigation2/share/turtlebot3_navigation2/environment/path.sh
[0.975s] -- Installing: /home/amareb/autonomousDriving/install/turtlebot3_navigation2/share/turtlebot3_navigation2/environment/path.dsv
[0.987s] -- Installing: /home/amareb/autonomousDriving/install/turtlebot3_navigation2/share/turtlebot3_navigation2/local_setup.bash
[0.987s] -- Installing: /home/amareb/autonomousDriving/install/turtlebot3_navigation2/share/turtlebot3_navigation2/local_setup.sh
[0.988s] -- Installing: /home/amareb/autonomousDriving/install/turtlebot3_navigation2/share/turtlebot3_navigation2/local_setup.zsh
[0.988s] -- Installing: /home/amareb/autonomousDriving/install/turtlebot3_navigation2/share/turtlebot3_navigation2/local_setup.dsv
[0.988s] -- Installing: /home/amareb/autonomousDriving/install/turtlebot3_navigation2/share/turtlebot3_navigation2/package.dsv
[0.988s] -- Installing: /home/amareb/autonomousDriving/install/turtlebot3_navigation2/share/ament_index/resource_index/packages/turtlebot3_navigation2
[0.988s] -- Installing: /home/amareb/autonomousDriving/install/turtlebot3_navigation2/share/turtlebot3_navigation2/cmake/turtlebot3_navigation2Config.cmake
[0.988s] -- Installing: /home/amareb/autonomousDriving/install/turtlebot3_navigation2/share/turtlebot3_navigation2/cmake/turtlebot3_navigation2Config-version.cmake
[0.988s] -- Installing: /home/amareb/autonomousDriving/install/turtlebot3_navigation2/share/turtlebot3_navigation2/package.xml
[1.012s] Invoked command in '/home/amareb/autonomousDriving/build/turtlebot3_navigation2' returned '0': CMAKE_PREFIX_PATH=/home/amareb/autonomousDriving/install/turtlebot3_teleop:/opt/ros/humble /usr/bin/cmake --install /home/amareb/autonomousDriving/build/turtlebot3_navigation2
