[0.040s] Invoking command in '/home/amareb/autonomousDriving/build/turtlebot3_cartographer': /usr/bin/cmake /home/amareb/autonomousDriving/src/turtlebot3/turtlebot3_cartographer -DCMAKE_INSTALL_PREFIX=/home/amareb/autonomousDriving/install/turtlebot3_cartographer
[0.520s] -- The C compiler identification is GNU 11.4.0
[0.895s] -- The CXX compiler identification is GNU 11.4.0
[0.972s] -- Detecting C compiler ABI info
[1.226s] -- Detecting C compiler ABI info - done
[1.238s] -- Check for working C compiler: /usr/bin/cc - skipped
[1.239s] -- Detecting C compile features
[1.240s] -- Detecting C compile features - done
[1.248s] -- Detecting CXX compiler ABI info
[1.480s] -- Detecting CXX compiler ABI info - done
[1.500s] -- Check for working CXX compiler: /usr/bin/c++ - skipped
[1.500s] -- Detecting CXX compile features
[1.501s] -- Detecting CXX compile features - done
[2.156s] [31mCMake Error at CMakeLists.txt:14 (find_package):
[2.156s]   By not providing "Findament_cmake.cmake" in CMAKE_MODULE_PATH this project
[2.156s]   has asked CMake to find a package configuration file provided by
[2.156s]   "ament_cmake", but CMake did not find one.
[2.156s] 
[2.156s]   Could not find a package configuration file provided by "ament_cmake" with
[2.156s]   any of the following names:
[2.156s] 
[2.156s]     ament_cmakeConfig.cmake
[2.156s]     ament_cmake-config.cmake
[2.156s] 
[2.156s]   Add the installation prefix of "ament_cmake" to CMAKE_PREFIX_PATH or set
[2.156s]   "ament_cmake_DIR" to a directory containing one of the above files.  If
[2.156s]   "ament_cmake" provides a separate development package or SDK, be sure it
[2.157s]   has been installed.
[2.157s] 
[2.157s] [0m
[2.157s] -- Configuring incomplete, errors occurred!
[2.157s] See also "/home/amareb/autonomousDriving/build/turtlebot3_cartographer/CMakeFiles/CMakeOutput.log".
