[0.371s] Invoking command in '/home/amareb/autonomousDriving/build/turtlebot3_node': AMENT_PREFIX_PATH=/home/amareb/autonomousDriving/install/turtlebot3_msgs:/home/amareb/autonomousDriving/install/dynamixel_sdk:${AMENT_PREFIX_PATH} CMAKE_PREFIX_PATH=/home/amareb/autonomousDriving/install/turtlebot3_msgs:/home/amareb/autonomousDriving/install/dynamixel_sdk:/home/amareb/autonomousDriving/install/turtlebot3_teleop:/opt/ros/humble LD_LIBRARY_PATH=/home/amareb/autonomousDriving/install/turtlebot3_msgs/lib:/home/amareb/autonomousDriving/install/dynamixel_sdk/lib:${LD_LIBRARY_PATH} PYTHONPATH=/home/amareb/autonomousDriving/install/turtlebot3_msgs/local/lib/python3.10/dist-packages:${PYTHONPATH} /usr/bin/cmake /home/amareb/autonomousDriving/src/turtlebot3/turtlebot3_node -DCMAKE_INSTALL_PREFIX=/home/amareb/autonomousDriving/install/turtlebot3_node
[0.460s] -- The C compiler identification is GNU 11.4.0
[0.639s] -- The CXX compiler identification is GNU 11.4.0
[0.746s] -- Detecting C compiler ABI info
[0.861s] -- Detecting C compiler ABI info - done
[0.873s] -- Check for working C compiler: /usr/bin/cc - skipped
[0.873s] -- Detecting C compile features
[0.874s] -- Detecting C compile features - done
[0.882s] -- Detecting CXX compiler ABI info
[1.047s] -- Detecting CXX compiler ABI info - done
[1.061s] -- Check for working CXX compiler: /usr/bin/c++ - skipped
[1.061s] -- Detecting CXX compile features
[1.062s] -- Detecting CXX compile features - done
[1.066s] -- Found ament_cmake: 1.3.9 (/opt/ros/humble/share/ament_cmake/cmake)
[1.369s] -- Found Python3: /usr/bin/python3 (found version "3.10.12") found components: Interpreter 
[1.538s] -- Found dynamixel_sdk: 3.7.60 (/home/amareb/autonomousDriving/install/dynamixel_sdk/share/dynamixel_sdk/cmake)
[1.544s] -- Found geometry_msgs: 4.2.4 (/opt/ros/humble/share/geometry_msgs/cmake)
[1.677s] -- Found rosidl_generator_c: 3.1.5 (/opt/ros/humble/share/rosidl_generator_c/cmake)
[1.684s] -- Found rosidl_adapter: 3.1.5 (/opt/ros/humble/share/rosidl_adapter/cmake)
[1.700s] -- Found rosidl_generator_cpp: 3.1.5 (/opt/ros/humble/share/rosidl_generator_cpp/cmake)
[1.721s] -- Using all available rosidl_typesupport_c: rosidl_typesupport_fastrtps_c;rosidl_typesupport_introspection_c
[1.753s] -- Using all available rosidl_typesupport_cpp: rosidl_typesupport_fastrtps_cpp;rosidl_typesupport_introspection_cpp
[1.941s] -- Found message_filters: 4.3.4 (/opt/ros/humble/share/message_filters/cmake)
[2.040s] -- Found rmw_implementation_cmake: 6.1.2 (/opt/ros/humble/share/rmw_implementation_cmake/cmake)
[2.045s] -- Found rmw_fastrtps_cpp: 6.2.6 (/opt/ros/humble/share/rmw_fastrtps_cpp/cmake)
[2.629s] -- Found OpenSSL: /usr/lib/x86_64-linux-gnu/libcrypto.so (found version "3.0.2")  
[3.078s] -- Found FastRTPS: /opt/ros/humble/include  
[4.134s] -- Using RMW implementation 'rmw_fastrtps_cpp' as default
[4.147s] -- Looking for pthread.h
[4.263s] -- Looking for pthread.h - found
[4.263s] -- Performing Test CMAKE_HAVE_LIBC_PTHREAD
[4.374s] -- Performing Test CMAKE_HAVE_LIBC_PTHREAD - Success
[4.376s] -- Found Threads: TRUE  
[4.585s] -- Found nav_msgs: 4.2.4 (/opt/ros/humble/share/nav_msgs/cmake)
[4.727s] -- Found sensor_msgs: 4.2.4 (/opt/ros/humble/share/sensor_msgs/cmake)
[4.865s] -- Found std_srvs: 4.2.4 (/opt/ros/humble/share/std_srvs/cmake)
[4.901s] -- Found tf2: 0.25.7 (/opt/ros/humble/share/tf2/cmake)
[4.923s] -- Found tf2_ros: 0.25.7 (/opt/ros/humble/share/tf2_ros/cmake)
[5.473s] -- Found turtlebot3_msgs: 2.2.3 (/home/amareb/autonomousDriving/install/turtlebot3_msgs/share/turtlebot3_msgs/cmake)
[5.708s] -- Configuring done
[5.755s] -- Generating done
[5.759s] -- Build files have been written to: /home/amareb/autonomousDriving/build/turtlebot3_node
[5.773s] Invoked command in '/home/amareb/autonomousDriving/build/turtlebot3_node' returned '0': AMENT_PREFIX_PATH=/home/amareb/autonomousDriving/install/turtlebot3_msgs:/home/amareb/autonomousDriving/install/dynamixel_sdk:${AMENT_PREFIX_PATH} CMAKE_PREFIX_PATH=/home/amareb/autonomousDriving/install/turtlebot3_msgs:/home/amareb/autonomousDriving/install/dynamixel_sdk:/home/amareb/autonomousDriving/install/turtlebot3_teleop:/opt/ros/humble LD_LIBRARY_PATH=/home/amareb/autonomousDriving/install/turtlebot3_msgs/lib:/home/amareb/autonomousDriving/install/dynamixel_sdk/lib:${LD_LIBRARY_PATH} PYTHONPATH=/home/amareb/autonomousDriving/install/turtlebot3_msgs/local/lib/python3.10/dist-packages:${PYTHONPATH} /usr/bin/cmake /home/amareb/autonomousDriving/src/turtlebot3/turtlebot3_node -DCMAKE_INSTALL_PREFIX=/home/amareb/autonomousDriving/install/turtlebot3_node
[5.777s] Invoking command in '/home/amareb/autonomousDriving/build/turtlebot3_node': AMENT_PREFIX_PATH=/home/amareb/autonomousDriving/install/turtlebot3_msgs:/home/amareb/autonomousDriving/install/dynamixel_sdk:${AMENT_PREFIX_PATH} CMAKE_PREFIX_PATH=/home/amareb/autonomousDriving/install/turtlebot3_msgs:/home/amareb/autonomousDriving/install/dynamixel_sdk:/home/amareb/autonomousDriving/install/turtlebot3_teleop:/opt/ros/humble LD_LIBRARY_PATH=/home/amareb/autonomousDriving/install/turtlebot3_msgs/lib:/home/amareb/autonomousDriving/install/dynamixel_sdk/lib:${LD_LIBRARY_PATH} PYTHONPATH=/home/amareb/autonomousDriving/install/turtlebot3_msgs/local/lib/python3.10/dist-packages:${PYTHONPATH} /usr/bin/cmake --build /home/amareb/autonomousDriving/build/turtlebot3_node -- -j16 -l16
[5.843s] [ 21%] [32mBuilding CXX object CMakeFiles/turtlebot3_node_lib.dir/src/devices/reset.cpp.o[0m
[5.843s] [ 21%] [32mBuilding CXX object CMakeFiles/turtlebot3_node_lib.dir/src/odometry.cpp.o[0m
[5.844s] [ 21%] [32mBuilding CXX object CMakeFiles/turtlebot3_node_lib.dir/src/devices/motor_power.cpp.o[0m
[5.844s] [ 28%] [32mBuilding CXX object CMakeFiles/turtlebot3_node_lib.dir/src/devices/sound.cpp.o[0m
[5.845s] [ 42%] [32mBuilding CXX object CMakeFiles/turtlebot3_node_lib.dir/src/diff_drive_controller.cpp.o[0m
[5.845s] [ 42%] [32mBuilding CXX object CMakeFiles/turtlebot3_node_lib.dir/src/sensors/battery_state.cpp.o[0m
[5.846s] [ 50%] [32mBuilding CXX object CMakeFiles/turtlebot3_node_lib.dir/src/sensors/imu.cpp.o[0m
[5.847s] [ 64%] [32mBuilding CXX object CMakeFiles/turtlebot3_node_lib.dir/src/dynamixel_sdk_wrapper.cpp.o[0m
[5.847s] [ 64%] [32mBuilding CXX object CMakeFiles/turtlebot3_node_lib.dir/src/sensors/sensor_state.cpp.o[0m
[5.850s] [ 71%] [32mBuilding CXX object CMakeFiles/turtlebot3_node_lib.dir/src/turtlebot3.cpp.o[0m
[5.850s] [ 78%] [32mBuilding CXX object CMakeFiles/turtlebot3_node_lib.dir/src/sensors/joint_state.cpp.o[0m
[55.302s] [ 85%] [32m[1mLinking CXX static library libturtlebot3_node_lib.a[0m
[55.984s] [ 85%] Built target turtlebot3_node_lib
[56.027s] [ 92%] [32mBuilding CXX object CMakeFiles/turtlebot3_ros.dir/src/node_main.cpp.o[0m
[61.214s] [100%] [32m[1mLinking CXX executable turtlebot3_ros[0m
[63.622s] [100%] Built target turtlebot3_ros
[63.637s] Invoked command in '/home/amareb/autonomousDriving/build/turtlebot3_node' returned '0': AMENT_PREFIX_PATH=/home/amareb/autonomousDriving/install/turtlebot3_msgs:/home/amareb/autonomousDriving/install/dynamixel_sdk:${AMENT_PREFIX_PATH} CMAKE_PREFIX_PATH=/home/amareb/autonomousDriving/install/turtlebot3_msgs:/home/amareb/autonomousDriving/install/dynamixel_sdk:/home/amareb/autonomousDriving/install/turtlebot3_teleop:/opt/ros/humble LD_LIBRARY_PATH=/home/amareb/autonomousDriving/install/turtlebot3_msgs/lib:/home/amareb/autonomousDriving/install/dynamixel_sdk/lib:${LD_LIBRARY_PATH} PYTHONPATH=/home/amareb/autonomousDriving/install/turtlebot3_msgs/local/lib/python3.10/dist-packages:${PYTHONPATH} /usr/bin/cmake --build /home/amareb/autonomousDriving/build/turtlebot3_node -- -j16 -l16
[63.696s] Invoking command in '/home/amareb/autonomousDriving/build/turtlebot3_node': AMENT_PREFIX_PATH=/home/amareb/autonomousDriving/install/turtlebot3_msgs:/home/amareb/autonomousDriving/install/dynamixel_sdk:${AMENT_PREFIX_PATH} CMAKE_PREFIX_PATH=/home/amareb/autonomousDriving/install/turtlebot3_msgs:/home/amareb/autonomousDriving/install/dynamixel_sdk:/home/amareb/autonomousDriving/install/turtlebot3_teleop:/opt/ros/humble LD_LIBRARY_PATH=/home/amareb/autonomousDriving/install/turtlebot3_msgs/lib:/home/amareb/autonomousDriving/install/dynamixel_sdk/lib:${LD_LIBRARY_PATH} PYTHONPATH=/home/amareb/autonomousDriving/install/turtlebot3_msgs/local/lib/python3.10/dist-packages:${PYTHONPATH} /usr/bin/cmake --install /home/amareb/autonomousDriving/build/turtlebot3_node
[63.704s] -- Install configuration: ""
[63.704s] -- Installing: /home/amareb/autonomousDriving/install/turtlebot3_node/share/turtlebot3_node/param
[63.705s] -- Installing: /home/amareb/autonomousDriving/install/turtlebot3_node/share/turtlebot3_node/param/waffle.yaml
[63.705s] -- Installing: /home/amareb/autonomousDriving/install/turtlebot3_node/share/turtlebot3_node/param/waffle_pi.yaml
[63.706s] -- Installing: /home/amareb/autonomousDriving/install/turtlebot3_node/share/turtlebot3_node/param/burger.yaml:Zone.Identifier
[63.706s] -- Installing: /home/amareb/autonomousDriving/install/turtlebot3_node/share/turtlebot3_node/param/burger.yaml
[63.707s] -- Installing: /home/amareb/autonomousDriving/install/turtlebot3_node/share/turtlebot3_node/param/waffle_pi.yaml:Zone.Identifier
[63.708s] -- Installing: /home/amareb/autonomousDriving/install/turtlebot3_node/share/turtlebot3_node/param/waffle.yaml:Zone.Identifier
[63.708s] -- Installing: /home/amareb/autonomousDriving/install/turtlebot3_node/lib/turtlebot3_node/turtlebot3_ros
[63.720s] -- Set runtime path of "/home/amareb/autonomousDriving/install/turtlebot3_node/lib/turtlebot3_node/turtlebot3_ros" to ""
[63.721s] -- Installing: /home/amareb/autonomousDriving/install/turtlebot3_node/share/ament_index/resource_index/package_run_dependencies/turtlebot3_node
[63.722s] -- Installing: /home/amareb/autonomousDriving/install/turtlebot3_node/share/ament_index/resource_index/parent_prefix_path/turtlebot3_node
[63.723s] -- Installing: /home/amareb/autonomousDriving/install/turtlebot3_node/share/turtlebot3_node/environment/ament_prefix_path.sh
[63.723s] -- Installing: /home/amareb/autonomousDriving/install/turtlebot3_node/share/turtlebot3_node/environment/ament_prefix_path.dsv
[63.724s] -- Installing: /home/amareb/autonomousDriving/install/turtlebot3_node/share/turtlebot3_node/environment/path.sh
[63.724s] -- Installing: /home/amareb/autonomousDriving/install/turtlebot3_node/share/turtlebot3_node/environment/path.dsv
[63.725s] -- Installing: /home/amareb/autonomousDriving/install/turtlebot3_node/share/turtlebot3_node/local_setup.bash
[63.725s] -- Installing: /home/amareb/autonomousDriving/install/turtlebot3_node/share/turtlebot3_node/local_setup.sh
[63.726s] -- Installing: /home/amareb/autonomousDriving/install/turtlebot3_node/share/turtlebot3_node/local_setup.zsh
[63.726s] -- Installing: /home/amareb/autonomousDriving/install/turtlebot3_node/share/turtlebot3_node/local_setup.dsv
[63.727s] -- Installing: /home/amareb/autonomousDriving/install/turtlebot3_node/share/turtlebot3_node/package.dsv
[63.728s] -- Installing: /home/amareb/autonomousDriving/install/turtlebot3_node/share/ament_index/resource_index/packages/turtlebot3_node
[63.729s] -- Installing: /home/amareb/autonomousDriving/install/turtlebot3_node/share/turtlebot3_node/cmake/ament_cmake_export_include_directories-extras.cmake
[63.729s] -- Installing: /home/amareb/autonomousDriving/install/turtlebot3_node/share/turtlebot3_node/cmake/turtlebot3_nodeConfig.cmake
[63.730s] -- Installing: /home/amareb/autonomousDriving/install/turtlebot3_node/share/turtlebot3_node/cmake/turtlebot3_nodeConfig-version.cmake
[63.731s] -- Installing: /home/amareb/autonomousDriving/install/turtlebot3_node/share/turtlebot3_node/package.xml
[63.736s] Invoked command in '/home/amareb/autonomousDriving/build/turtlebot3_node' returned '0': AMENT_PREFIX_PATH=/home/amareb/autonomousDriving/install/turtlebot3_msgs:/home/amareb/autonomousDriving/install/dynamixel_sdk:${AMENT_PREFIX_PATH} CMAKE_PREFIX_PATH=/home/amareb/autonomousDriving/install/turtlebot3_msgs:/home/amareb/autonomousDriving/install/dynamixel_sdk:/home/amareb/autonomousDriving/install/turtlebot3_teleop:/opt/ros/humble LD_LIBRARY_PATH=/home/amareb/autonomousDriving/install/turtlebot3_msgs/lib:/home/amareb/autonomousDriving/install/dynamixel_sdk/lib:${LD_LIBRARY_PATH} PYTHONPATH=/home/amareb/autonomousDriving/install/turtlebot3_msgs/local/lib/python3.10/dist-packages:${PYTHONPATH} /usr/bin/cmake --install /home/amareb/autonomousDriving/build/turtlebot3_node
