-- The C compiler identification is GNU 11.4.0
-- The CXX compiler identification is GNU 11.4.0
-- Detecting C compiler ABI info
-- Detecting C compiler ABI info - done
-- Check for working C compiler: /usr/bin/cc - skipped
-- Detecting C compile features
-- Detecting C compile features - done
-- Detecting CXX compiler ABI info
-- Detecting CXX compiler ABI info - done
-- Check for working CXX compiler: /usr/bin/c++ - skipped
-- Detecting CXX compile features
-- Detecting CXX compile features - done
[31mCMake Error at CMakeLists.txt:18 (find_package):
  By not providing "Findaction_msgs.cmake" in CMAKE_MODULE_PATH this project
  has asked CMake to find a package configuration file provided by
  "action_msgs", but CMake did not find one.

  Could not find a package configuration file provided by "action_msgs" with
  any of the following names:

    action_msgsConfig.cmake
    action_msgs-config.cmake

  Add the installation prefix of "action_msgs" to CMAKE_PREFIX_PATH or set
  "action_msgs_DIR" to a directory containing one of the above files.  If
  "action_msgs" provides a separate development package or SDK, be sure it
  has been installed.

-- Configuring incomplete, errors occurred!
See also "/home/amareb/autonomousDriving/build/turtlebot3_msgs/CMakeFiles/CMakeOutput.log".
[0m
