[0.040s] Invoking command in '/home/amareb/autonomousDriving/build/turtlebot3_navigation2': /usr/bin/cmake /home/amareb/autonomousDriving/src/turtlebot3/turtlebot3_navigation2 -DCMAKE_INSTALL_PREFIX=/home/amareb/autonomousDriving/install/turtlebot3_navigation2
[0.514s] -- The C compiler identification is GNU 11.4.0
[0.896s] -- The CXX compiler identification is GNU 11.4.0
[0.971s] -- Detecting C compiler ABI info
[1.183s] -- Detecting C compiler ABI info - done
[1.201s] -- Check for working C compiler: /usr/bin/cc - skipped
[1.203s] -- Detecting C compile features
[1.209s] -- Detecting C compile features - done
[1.224s] -- Detecting CXX compiler ABI info
[1.411s] -- Detecting CXX compiler ABI info - done
[1.430s] -- Check for working CXX compiler: /usr/bin/c++ - skipped
[1.430s] -- Detecting CXX compile features
[1.430s] -- Detecting CXX compile features - done
[1.932s] [31mCMake Error at CMakeLists.txt:14 (find_package):
[1.933s]   By not providing "Findament_cmake.cmake" in CMAKE_MODULE_PATH this project
[1.933s]   has asked CMake to find a package configuration file provided by
[1.934s]   "ament_cmake", but CMake did not find one.
[1.934s] 
[1.934s]   Could not find a package configuration file provided by "ament_cmake" with
[1.934s]   any of the following names:
[1.934s] 
[1.935s]     ament_cmakeConfig.cmake
[1.935s]     ament_cmake-config.cmake
[1.935s] 
[1.936s]   Add the installation prefix of "ament_cmake" to CMAKE_PREFIX_PATH or set
[1.936s]   "ament_cmake_DIR" to a directory containing one of the above files.  If
[1.939s]   "ament_cmake" provides a separate development package or SDK, be sure it
[1.940s]   has been installed.
[1.940s] 
[1.941s] [0m
[1.951s] -- Configuring incomplete, errors occurred!
[1.951s] See also "/home/amareb/autonomousDriving/build/turtlebot3_navigation2/CMakeFiles/CMakeOutput.log".
[1.962s] Invoked command in '/home/amareb/autonomousDriving/build/turtlebot3_navigation2' returned '1': /usr/bin/cmake /home/amareb/autonomousDriving/src/turtlebot3/turtlebot3_navigation2 -DCMAKE_INSTALL_PREFIX=/home/amareb/autonomousDriving/install/turtlebot3_navigation2
