[1.748s] Invoking command in '/home/amareb/autonomousDriving/src/turtlebot3/turtlebot3_teleop': PYTHONPATH=/home/amareb/autonomousDriving/build/turtlebot3_teleop/prefix_override:/home/amareb/autonomousDriving/install/turtlebot3_teleop/lib/python3.10/site-packages:${PYTHONPATH} /usr/bin/python3 -W ignore:setup.py install is deprecated setup.py egg_info --egg-base ../../../build/turtlebot3_teleop build --build-base /home/amareb/autonomousDriving/build/turtlebot3_teleop/build install --record /home/amareb/autonomousDriving/build/turtlebot3_teleop/install.log --single-version-externally-managed install_data
[2.400s] running egg_info
[2.404s] writing ../../../build/turtlebot3_teleop/turtlebot3_teleop.egg-info/PKG-INFO
[2.406s] writing dependency_links to ../../../build/turtlebot3_teleop/turtlebot3_teleop.egg-info/dependency_links.txt
[2.407s] writing entry points to ../../../build/turtlebot3_teleop/turtlebot3_teleop.egg-info/entry_points.txt
[2.411s] writing requirements to ../../../build/turtlebot3_teleop/turtlebot3_teleop.egg-info/requires.txt
[2.412s] writing top-level names to ../../../build/turtlebot3_teleop/turtlebot3_teleop.egg-info/top_level.txt
[2.421s] reading manifest file '../../../build/turtlebot3_teleop/turtlebot3_teleop.egg-info/SOURCES.txt'
[2.424s] writing manifest file '../../../build/turtlebot3_teleop/turtlebot3_teleop.egg-info/SOURCES.txt'
[2.424s] running build
[2.424s] running build_py
[2.425s] running install
[2.426s] running install_lib
[2.430s] running install_data
[2.431s] running install_egg_info
[2.436s] removing '/home/amareb/autonomousDriving/install/turtlebot3_teleop/lib/python3.10/site-packages/turtlebot3_teleop-2.1.5-py3.10.egg-info' (and everything under it)
[2.437s] Copying ../../../build/turtlebot3_teleop/turtlebot3_teleop.egg-info to /home/amareb/autonomousDriving/install/turtlebot3_teleop/lib/python3.10/site-packages/turtlebot3_teleop-2.1.5-py3.10.egg-info
[2.440s] running install_scripts
[2.496s] Installing teleop_keyboard script to /home/amareb/autonomousDriving/install/turtlebot3_teleop/lib/turtlebot3_teleop
[2.497s] writing list of installed files to '/home/amareb/autonomousDriving/build/turtlebot3_teleop/install.log'
[2.551s] Invoked command in '/home/amareb/autonomousDriving/src/turtlebot3/turtlebot3_teleop' returned '0': PYTHONPATH=/home/amareb/autonomousDriving/build/turtlebot3_teleop/prefix_override:/home/amareb/autonomousDriving/install/turtlebot3_teleop/lib/python3.10/site-packages:${PYTHONPATH} /usr/bin/python3 -W ignore:setup.py install is deprecated setup.py egg_info --egg-base ../../../build/turtlebot3_teleop build --build-base /home/amareb/autonomousDriving/build/turtlebot3_teleop/build install --record /home/amareb/autonomousDriving/build/turtlebot3_teleop/install.log --single-version-externally-managed install_data
