[0.145s] Invoking command in '/home/amareb/autonomousDriving/build/turtlebot3_bringup': AMENT_PREFIX_PATH=/home/amareb/autonomousDriving/install/turtlebot3_node:/home/amareb/autonomousDriving/install/turtlebot3_msgs:/home/amareb/autonomousDriving/install/turtlebot3_description:/home/amareb/autonomousDriving/install/dynamixel_sdk:${AMENT_PREFIX_PATH} CMAKE_PREFIX_PATH=/home/amareb/autonomousDriving/install/turtlebot3_node:/home/amareb/autonomousDriving/install/turtlebot3_msgs:/home/amareb/autonomousDriving/install/turtlebot3_description:/home/amareb/autonomousDriving/install/dynamixel_sdk:/home/amareb/autonomousDriving/install/turtlebot3_teleop:/opt/ros/humble LD_LIBRARY_PATH=/home/amareb/autonomousDriving/install/turtlebot3_msgs/lib:/home/amareb/autonomousDriving/install/dynamixel_sdk/lib:${LD_LIBRARY_PATH} PYTHONPATH=/home/amareb/autonomousDriving/install/turtlebot3_msgs/local/lib/python3.10/dist-packages:${PYTHONPATH} /usr/bin/cmake /home/amareb/autonomousDriving/src/turtlebot3/turtlebot3_bringup -DCMAKE_INSTALL_PREFIX=/home/amareb/autonomousDriving/install/turtlebot3_bringup
[0.251s] -- The C compiler identification is GNU 11.4.0
[0.516s] -- The CXX compiler identification is GNU 11.4.0
[0.677s] -- Detecting C compiler ABI info
[0.785s] -- Detecting C compiler ABI info - done
[0.793s] -- Check for working C compiler: /usr/bin/cc - skipped
[0.793s] -- Detecting C compile features
[0.794s] -- Detecting C compile features - done
[0.797s] -- Detecting CXX compiler ABI info
[0.914s] -- Detecting CXX compiler ABI info - done
[0.922s] -- Check for working CXX compiler: /usr/bin/c++ - skipped
[0.923s] -- Detecting CXX compile features
[0.924s] -- Detecting CXX compile features - done
[0.926s] -- Found ament_cmake: 1.3.9 (/opt/ros/humble/share/ament_cmake/cmake)
[1.093s] -- Found Python3: /usr/bin/python3 (found version "3.10.12") found components: Interpreter 
[1.285s] -- Configuring done
[1.288s] -- Generating done
[1.289s] -- Build files have been written to: /home/amareb/autonomousDriving/build/turtlebot3_bringup
[1.297s] Invoked command in '/home/amareb/autonomousDriving/build/turtlebot3_bringup' returned '0': AMENT_PREFIX_PATH=/home/amareb/autonomousDriving/install/turtlebot3_node:/home/amareb/autonomousDriving/install/turtlebot3_msgs:/home/amareb/autonomousDriving/install/turtlebot3_description:/home/amareb/autonomousDriving/install/dynamixel_sdk:${AMENT_PREFIX_PATH} CMAKE_PREFIX_PATH=/home/amareb/autonomousDriving/install/turtlebot3_node:/home/amareb/autonomousDriving/install/turtlebot3_msgs:/home/amareb/autonomousDriving/install/turtlebot3_description:/home/amareb/autonomousDriving/install/dynamixel_sdk:/home/amareb/autonomousDriving/install/turtlebot3_teleop:/opt/ros/humble LD_LIBRARY_PATH=/home/amareb/autonomousDriving/install/turtlebot3_msgs/lib:/home/amareb/autonomousDriving/install/dynamixel_sdk/lib:${LD_LIBRARY_PATH} PYTHONPATH=/home/amareb/autonomousDriving/install/turtlebot3_msgs/local/lib/python3.10/dist-packages:${PYTHONPATH} /usr/bin/cmake /home/amareb/autonomousDriving/src/turtlebot3/turtlebot3_bringup -DCMAKE_INSTALL_PREFIX=/home/amareb/autonomousDriving/install/turtlebot3_bringup
[1.297s] Invoking command in '/home/amareb/autonomousDriving/build/turtlebot3_bringup': AMENT_PREFIX_PATH=/home/amareb/autonomousDriving/install/turtlebot3_node:/home/amareb/autonomousDriving/install/turtlebot3_msgs:/home/amareb/autonomousDriving/install/turtlebot3_description:/home/amareb/autonomousDriving/install/dynamixel_sdk:${AMENT_PREFIX_PATH} CMAKE_PREFIX_PATH=/home/amareb/autonomousDriving/install/turtlebot3_node:/home/amareb/autonomousDriving/install/turtlebot3_msgs:/home/amareb/autonomousDriving/install/turtlebot3_description:/home/amareb/autonomousDriving/install/dynamixel_sdk:/home/amareb/autonomousDriving/install/turtlebot3_teleop:/opt/ros/humble LD_LIBRARY_PATH=/home/amareb/autonomousDriving/install/turtlebot3_msgs/lib:/home/amareb/autonomousDriving/install/dynamixel_sdk/lib:${LD_LIBRARY_PATH} PYTHONPATH=/home/amareb/autonomousDriving/install/turtlebot3_msgs/local/lib/python3.10/dist-packages:${PYTHONPATH} /usr/bin/cmake --build /home/amareb/autonomousDriving/build/turtlebot3_bringup -- -j16 -l16
[1.343s] Invoked command in '/home/amareb/autonomousDriving/build/turtlebot3_bringup' returned '0': AMENT_PREFIX_PATH=/home/amareb/autonomousDriving/install/turtlebot3_node:/home/amareb/autonomousDriving/install/turtlebot3_msgs:/home/amareb/autonomousDriving/install/turtlebot3_description:/home/amareb/autonomousDriving/install/dynamixel_sdk:${AMENT_PREFIX_PATH} CMAKE_PREFIX_PATH=/home/amareb/autonomousDriving/install/turtlebot3_node:/home/amareb/autonomousDriving/install/turtlebot3_msgs:/home/amareb/autonomousDriving/install/turtlebot3_description:/home/amareb/autonomousDriving/install/dynamixel_sdk:/home/amareb/autonomousDriving/install/turtlebot3_teleop:/opt/ros/humble LD_LIBRARY_PATH=/home/amareb/autonomousDriving/install/turtlebot3_msgs/lib:/home/amareb/autonomousDriving/install/dynamixel_sdk/lib:${LD_LIBRARY_PATH} PYTHONPATH=/home/amareb/autonomousDriving/install/turtlebot3_msgs/local/lib/python3.10/dist-packages:${PYTHONPATH} /usr/bin/cmake --build /home/amareb/autonomousDriving/build/turtlebot3_bringup -- -j16 -l16
[1.367s] Invoking command in '/home/amareb/autonomousDriving/build/turtlebot3_bringup': AMENT_PREFIX_PATH=/home/amareb/autonomousDriving/install/turtlebot3_node:/home/amareb/autonomousDriving/install/turtlebot3_msgs:/home/amareb/autonomousDriving/install/turtlebot3_description:/home/amareb/autonomousDriving/install/dynamixel_sdk:${AMENT_PREFIX_PATH} CMAKE_PREFIX_PATH=/home/amareb/autonomousDriving/install/turtlebot3_node:/home/amareb/autonomousDriving/install/turtlebot3_msgs:/home/amareb/autonomousDriving/install/turtlebot3_description:/home/amareb/autonomousDriving/install/dynamixel_sdk:/home/amareb/autonomousDriving/install/turtlebot3_teleop:/opt/ros/humble LD_LIBRARY_PATH=/home/amareb/autonomousDriving/install/turtlebot3_msgs/lib:/home/amareb/autonomousDriving/install/dynamixel_sdk/lib:${LD_LIBRARY_PATH} PYTHONPATH=/home/amareb/autonomousDriving/install/turtlebot3_msgs/local/lib/python3.10/dist-packages:${PYTHONPATH} /usr/bin/cmake --install /home/amareb/autonomousDriving/build/turtlebot3_bringup
[1.374s] -- Install configuration: ""
[1.375s] -- Installing: /home/amareb/autonomousDriving/install/turtlebot3_bringup/share/turtlebot3_bringup/launch
[1.375s] -- Installing: /home/amareb/autonomousDriving/install/turtlebot3_bringup/share/turtlebot3_bringup/launch/turtlebot3_state_publisher.launch.py
[1.376s] -- Installing: /home/amareb/autonomousDriving/install/turtlebot3_bringup/share/turtlebot3_bringup/launch/robot.launch.py:Zone.Identifier
[1.376s] -- Installing: /home/amareb/autonomousDriving/install/turtlebot3_bringup/share/turtlebot3_bringup/launch/rviz2.launch.py:Zone.Identifier
[1.376s] -- Installing: /home/amareb/autonomousDriving/install/turtlebot3_bringup/share/turtlebot3_bringup/launch/rviz2.launch.py
[1.376s] -- Installing: /home/amareb/autonomousDriving/install/turtlebot3_bringup/share/turtlebot3_bringup/launch/robot.launch.py
[1.377s] -- Installing: /home/amareb/autonomousDriving/install/turtlebot3_bringup/share/turtlebot3_bringup/launch/turtlebot3_state_publisher.launch.py:Zone.Identifier
[1.377s] -- Installing: /home/amareb/autonomousDriving/install/turtlebot3_bringup/share/turtlebot3_bringup/param
[1.377s] -- Installing: /home/amareb/autonomousDriving/install/turtlebot3_bringup/share/turtlebot3_bringup/param/waffle.yaml
[1.378s] -- Installing: /home/amareb/autonomousDriving/install/turtlebot3_bringup/share/turtlebot3_bringup/param/waffle_pi.yaml
[1.378s] -- Installing: /home/amareb/autonomousDriving/install/turtlebot3_bringup/share/turtlebot3_bringup/param/burger.yaml:Zone.Identifier
[1.378s] -- Installing: /home/amareb/autonomousDriving/install/turtlebot3_bringup/share/turtlebot3_bringup/param/burger.yaml
[1.379s] -- Installing: /home/amareb/autonomousDriving/install/turtlebot3_bringup/share/turtlebot3_bringup/param/waffle_pi.yaml:Zone.Identifier
[1.379s] -- Installing: /home/amareb/autonomousDriving/install/turtlebot3_bringup/share/turtlebot3_bringup/param/waffle.yaml:Zone.Identifier
[1.380s] -- Installing: /home/amareb/autonomousDriving/install/turtlebot3_bringup/share/turtlebot3_bringup/script
[1.380s] -- Installing: /home/amareb/autonomousDriving/install/turtlebot3_bringup/share/turtlebot3_bringup/script/99-turtlebot3-cdc.rules:Zone.Identifier
[1.380s] -- Installing: /home/amareb/autonomousDriving/install/turtlebot3_bringup/share/turtlebot3_bringup/script/create_udev_rules:Zone.Identifier
[1.380s] -- Installing: /home/amareb/autonomousDriving/install/turtlebot3_bringup/share/turtlebot3_bringup/script/create_udev_rules
[1.380s] -- Installing: /home/amareb/autonomousDriving/install/turtlebot3_bringup/share/turtlebot3_bringup/script/99-turtlebot3-cdc.rules
[1.382s] -- Installing: /home/amareb/autonomousDriving/install/turtlebot3_bringup/share/ament_index/resource_index/package_run_dependencies/turtlebot3_bringup
[1.382s] -- Installing: /home/amareb/autonomousDriving/install/turtlebot3_bringup/share/ament_index/resource_index/parent_prefix_path/turtlebot3_bringup
[1.382s] -- Installing: /home/amareb/autonomousDriving/install/turtlebot3_bringup/share/turtlebot3_bringup/environment/ament_prefix_path.sh
[1.383s] -- Installing: /home/amareb/autonomousDriving/install/turtlebot3_bringup/share/turtlebot3_bringup/environment/ament_prefix_path.dsv
[1.383s] -- Installing: /home/amareb/autonomousDriving/install/turtlebot3_bringup/share/turtlebot3_bringup/environment/path.sh
[1.383s] -- Installing: /home/amareb/autonomousDriving/install/turtlebot3_bringup/share/turtlebot3_bringup/environment/path.dsv
[1.383s] -- Installing: /home/amareb/autonomousDriving/install/turtlebot3_bringup/share/turtlebot3_bringup/local_setup.bash
[1.383s] -- Installing: /home/amareb/autonomousDriving/install/turtlebot3_bringup/share/turtlebot3_bringup/local_setup.sh
[1.383s] -- Installing: /home/amareb/autonomousDriving/install/turtlebot3_bringup/share/turtlebot3_bringup/local_setup.zsh
[1.383s] -- Installing: /home/amareb/autonomousDriving/install/turtlebot3_bringup/share/turtlebot3_bringup/local_setup.dsv
[1.384s] -- Installing: /home/amareb/autonomousDriving/install/turtlebot3_bringup/share/turtlebot3_bringup/package.dsv
[1.384s] -- Installing: /home/amareb/autonomousDriving/install/turtlebot3_bringup/share/ament_index/resource_index/packages/turtlebot3_bringup
[1.384s] -- Installing: /home/amareb/autonomousDriving/install/turtlebot3_bringup/share/turtlebot3_bringup/cmake/turtlebot3_bringupConfig.cmake
[1.384s] -- Installing: /home/amareb/autonomousDriving/install/turtlebot3_bringup/share/turtlebot3_bringup/cmake/turtlebot3_bringupConfig-version.cmake
[1.384s] -- Installing: /home/amareb/autonomousDriving/install/turtlebot3_bringup/share/turtlebot3_bringup/package.xml
[1.387s] Invoked command in '/home/amareb/autonomousDriving/build/turtlebot3_bringup' returned '0': AMENT_PREFIX_PATH=/home/amareb/autonomousDriving/install/turtlebot3_node:/home/amareb/autonomousDriving/install/turtlebot3_msgs:/home/amareb/autonomousDriving/install/turtlebot3_description:/home/amareb/autonomousDriving/install/dynamixel_sdk:${AMENT_PREFIX_PATH} CMAKE_PREFIX_PATH=/home/amareb/autonomousDriving/install/turtlebot3_node:/home/amareb/autonomousDriving/install/turtlebot3_msgs:/home/amareb/autonomousDriving/install/turtlebot3_description:/home/amareb/autonomousDriving/install/dynamixel_sdk:/home/amareb/autonomousDriving/install/turtlebot3_teleop:/opt/ros/humble LD_LIBRARY_PATH=/home/amareb/autonomousDriving/install/turtlebot3_msgs/lib:/home/amareb/autonomousDriving/install/dynamixel_sdk/lib:${LD_LIBRARY_PATH} PYTHONPATH=/home/amareb/autonomousDriving/install/turtlebot3_msgs/local/lib/python3.10/dist-packages:${PYTHONPATH} /usr/bin/cmake --install /home/amareb/autonomousDriving/build/turtlebot3_bringup
