-- Found ament_cmake: 1.3.9 (/opt/ros/humble/share/ament_cmake/cmake)
-- Found Python3: /usr/bin/python3 (found version "3.10.12") found components: Interpreter 
-- Configuring done
-- Generating done
-- Build files have been written to: /home/amareb/autonomousDriving/build/dynamixel_sdk
[ 10%] [32mBuilding CXX object CMakeFiles/dynamixel_sdk.dir/src/dynamixel_sdk/protocol1_packet_handler.cpp.o[0m
[ 20%] [32mBuilding CXX object CMakeFiles/dynamixel_sdk.dir/src/dynamixel_sdk/packet_handler.cpp.o[0m
[ 30%] [32mBuilding CXX object CMakeFiles/dynamixel_sdk.dir/src/dynamixel_sdk/group_sync_write.cpp.o[0m
[ 50%] [32mBuilding CXX object CMakeFiles/dynamixel_sdk.dir/src/dynamixel_sdk/group_bulk_write.cpp.o[0m
[ 50%] [32mBuilding CXX object CMakeFiles/dynamixel_sdk.dir/src/dynamixel_sdk/group_sync_read.cpp.o[0m
[ 60%] [32mBuilding CXX object CMakeFiles/dynamixel_sdk.dir/src/dynamixel_sdk/protocol2_packet_handler.cpp.o[0m
[ 70%] [32mBuilding CXX object CMakeFiles/dynamixel_sdk.dir/src/dynamixel_sdk/group_bulk_read.cpp.o[0m
[ 80%] [32mBuilding CXX object CMakeFiles/dynamixel_sdk.dir/src/dynamixel_sdk/port_handler.cpp.o[0m
[ 90%] [32mBuilding CXX object CMakeFiles/dynamixel_sdk.dir/src/dynamixel_sdk/port_handler_linux.cpp.o[0m
[100%] [32m[1mLinking CXX shared library libdynamixel_sdk.so[0m
[100%] Built target dynamixel_sdk
-- Install configuration: ""
-- Installing: /home/amareb/autonomousDriving/install/dynamixel_sdk/include/
-- Installing: /home/amareb/autonomousDriving/install/dynamixel_sdk/include//dynamixel_sdk
-- Installing: /home/amareb/autonomousDriving/install/dynamixel_sdk/include//dynamixel_sdk/protocol1_packet_handler.h
-- Installing: /home/amareb/autonomousDriving/install/dynamixel_sdk/include//dynamixel_sdk/group_bulk_read.h:Zone.Identifier
-- Installing: /home/amareb/autonomousDriving/install/dynamixel_sdk/include//dynamixel_sdk/port_handler.h
-- Installing: /home/amareb/autonomousDriving/install/dynamixel_sdk/include//dynamixel_sdk/port_handler_linux.h
-- Installing: /home/amareb/autonomousDriving/install/dynamixel_sdk/include//dynamixel_sdk/port_handler_arduino.h:Zone.Identifier
-- Installing: /home/amareb/autonomousDriving/install/dynamixel_sdk/include//dynamixel_sdk/group_bulk_write.h
-- Installing: /home/amareb/autonomousDriving/install/dynamixel_sdk/include//dynamixel_sdk/dynamixel_sdk.h:Zone.Identifier
-- Installing: /home/amareb/autonomousDriving/install/dynamixel_sdk/include//dynamixel_sdk/dynamixel_sdk.h
-- Installing: /home/amareb/autonomousDriving/install/dynamixel_sdk/include//dynamixel_sdk/protocol2_packet_handler.h:Zone.Identifier
-- Installing: /home/amareb/autonomousDriving/install/dynamixel_sdk/include//dynamixel_sdk/port_handler_windows.h
-- Installing: /home/amareb/autonomousDriving/install/dynamixel_sdk/include//dynamixel_sdk/port_handler_linux.h:Zone.Identifier
-- Installing: /home/amareb/autonomousDriving/install/dynamixel_sdk/include//dynamixel_sdk/packet_handler.h
-- Installing: /home/amareb/autonomousDriving/install/dynamixel_sdk/include//dynamixel_sdk/port_handler_arduino.h
-- Installing: /home/amareb/autonomousDriving/install/dynamixel_sdk/include//dynamixel_sdk/packet_handler.h:Zone.Identifier
-- Installing: /home/amareb/autonomousDriving/install/dynamixel_sdk/include//dynamixel_sdk/protocol1_packet_handler.h:Zone.Identifier
-- Installing: /home/amareb/autonomousDriving/install/dynamixel_sdk/include//dynamixel_sdk/group_bulk_read.h
-- Installing: /home/amareb/autonomousDriving/install/dynamixel_sdk/include//dynamixel_sdk/port_handler_windows.h:Zone.Identifier
-- Installing: /home/amareb/autonomousDriving/install/dynamixel_sdk/include//dynamixel_sdk/group_sync_read.h:Zone.Identifier
-- Installing: /home/amareb/autonomousDriving/install/dynamixel_sdk/include//dynamixel_sdk/port_handler.h:Zone.Identifier
-- Installing: /home/amareb/autonomousDriving/install/dynamixel_sdk/include//dynamixel_sdk/group_sync_write.h:Zone.Identifier
-- Installing: /home/amareb/autonomousDriving/install/dynamixel_sdk/include//dynamixel_sdk/port_handler_mac.h
-- Installing: /home/amareb/autonomousDriving/install/dynamixel_sdk/include//dynamixel_sdk/group_sync_write.h
-- Installing: /home/amareb/autonomousDriving/install/dynamixel_sdk/include//dynamixel_sdk/protocol2_packet_handler.h
-- Installing: /home/amareb/autonomousDriving/install/dynamixel_sdk/include//dynamixel_sdk/port_handler_mac.h:Zone.Identifier
-- Installing: /home/amareb/autonomousDriving/install/dynamixel_sdk/include//dynamixel_sdk/group_sync_read.h
-- Installing: /home/amareb/autonomousDriving/install/dynamixel_sdk/include//dynamixel_sdk/group_bulk_write.h:Zone.Identifier
-- Installing: /home/amareb/autonomousDriving/install/dynamixel_sdk/lib/libdynamixel_sdk.so
-- Installing: /home/amareb/autonomousDriving/install/dynamixel_sdk/share/dynamixel_sdk/environment/library_path.sh
-- Installing: /home/amareb/autonomousDriving/install/dynamixel_sdk/share/dynamixel_sdk/environment/library_path.dsv
-- Installing: /home/amareb/autonomousDriving/install/dynamixel_sdk/share/ament_index/resource_index/package_run_dependencies/dynamixel_sdk
-- Installing: /home/amareb/autonomousDriving/install/dynamixel_sdk/share/ament_index/resource_index/parent_prefix_path/dynamixel_sdk
-- Installing: /home/amareb/autonomousDriving/install/dynamixel_sdk/share/dynamixel_sdk/environment/ament_prefix_path.sh
-- Installing: /home/amareb/autonomousDriving/install/dynamixel_sdk/share/dynamixel_sdk/environment/ament_prefix_path.dsv
-- Installing: /home/amareb/autonomousDriving/install/dynamixel_sdk/share/dynamixel_sdk/environment/path.sh
-- Installing: /home/amareb/autonomousDriving/install/dynamixel_sdk/share/dynamixel_sdk/environment/path.dsv
-- Installing: /home/amareb/autonomousDriving/install/dynamixel_sdk/share/dynamixel_sdk/local_setup.bash
-- Installing: /home/amareb/autonomousDriving/install/dynamixel_sdk/share/dynamixel_sdk/local_setup.sh
-- Installing: /home/amareb/autonomousDriving/install/dynamixel_sdk/share/dynamixel_sdk/local_setup.zsh
-- Installing: /home/amareb/autonomousDriving/install/dynamixel_sdk/share/dynamixel_sdk/local_setup.dsv
-- Installing: /home/amareb/autonomousDriving/install/dynamixel_sdk/share/dynamixel_sdk/package.dsv
-- Installing: /home/amareb/autonomousDriving/install/dynamixel_sdk/share/ament_index/resource_index/packages/dynamixel_sdk
-- Installing: /home/amareb/autonomousDriving/install/dynamixel_sdk/share/dynamixel_sdk/cmake/ament_cmake_export_include_directories-extras.cmake
-- Installing: /home/amareb/autonomousDriving/install/dynamixel_sdk/share/dynamixel_sdk/cmake/ament_cmake_export_libraries-extras.cmake
-- Installing: /home/amareb/autonomousDriving/install/dynamixel_sdk/share/dynamixel_sdk/cmake/dynamixel_sdkConfig.cmake
-- Installing: /home/amareb/autonomousDriving/install/dynamixel_sdk/share/dynamixel_sdk/cmake/dynamixel_sdkConfig-version.cmake
-- Installing: /home/amareb/autonomousDriving/install/dynamixel_sdk/share/dynamixel_sdk/package.xml
