[0.050s] Invoking command in '/home/amareb/autonomousDriving/build/dynamixel_sdk': CMAKE_PREFIX_PATH=/home/amareb/autonomousDriving/install/turtlebot3_teleop:/opt/ros/humble /usr/bin/cmake /home/amareb/autonomousDriving/src/DynamixelSDK/dynamixel_sdk -DCMAKE_INSTALL_PREFIX=/home/amareb/autonomousDriving/install/dynamixel_sdk
[0.654s] -- Found ament_cmake: 1.3.9 (/opt/ros/humble/share/ament_cmake/cmake)
[0.656s] -- Found Python3: /usr/bin/python3 (found version "3.10.12") found components: Interpreter 
[0.743s] -- Configuring done
[0.767s] -- Generating done
[0.769s] -- Build files have been written to: /home/amareb/autonomousDriving/build/dynamixel_sdk
[0.780s] Invoked command in '/home/amareb/autonomousDriving/build/dynamixel_sdk' returned '0': CMAKE_PREFIX_PATH=/home/amareb/autonomousDriving/install/turtlebot3_teleop:/opt/ros/humble /usr/bin/cmake /home/amareb/autonomousDriving/src/DynamixelSDK/dynamixel_sdk -DCMAKE_INSTALL_PREFIX=/home/amareb/autonomousDriving/install/dynamixel_sdk
[0.786s] Invoking command in '/home/amareb/autonomousDriving/build/dynamixel_sdk': CMAKE_PREFIX_PATH=/home/amareb/autonomousDriving/install/turtlebot3_teleop:/opt/ros/humble /usr/bin/cmake --build /home/amareb/autonomousDriving/build/dynamixel_sdk -- -j16 -l16
[0.892s] [ 10%] [32mBuilding CXX object CMakeFiles/dynamixel_sdk.dir/src/dynamixel_sdk/protocol1_packet_handler.cpp.o[0m
[0.893s] [ 20%] [32mBuilding CXX object CMakeFiles/dynamixel_sdk.dir/src/dynamixel_sdk/packet_handler.cpp.o[0m
[0.893s] [ 30%] [32mBuilding CXX object CMakeFiles/dynamixel_sdk.dir/src/dynamixel_sdk/group_sync_write.cpp.o[0m
[0.898s] [ 50%] [32mBuilding CXX object CMakeFiles/dynamixel_sdk.dir/src/dynamixel_sdk/group_bulk_write.cpp.o[0m
[0.898s] [ 50%] [32mBuilding CXX object CMakeFiles/dynamixel_sdk.dir/src/dynamixel_sdk/group_sync_read.cpp.o[0m
[0.902s] [ 60%] [32mBuilding CXX object CMakeFiles/dynamixel_sdk.dir/src/dynamixel_sdk/protocol2_packet_handler.cpp.o[0m
[0.903s] [ 70%] [32mBuilding CXX object CMakeFiles/dynamixel_sdk.dir/src/dynamixel_sdk/group_bulk_read.cpp.o[0m
[0.912s] [ 80%] [32mBuilding CXX object CMakeFiles/dynamixel_sdk.dir/src/dynamixel_sdk/port_handler.cpp.o[0m
[0.914s] [ 90%] [32mBuilding CXX object CMakeFiles/dynamixel_sdk.dir/src/dynamixel_sdk/port_handler_linux.cpp.o[0m
[2.478s] [100%] [32m[1mLinking CXX shared library libdynamixel_sdk.so[0m
[2.679s] [100%] Built target dynamixel_sdk
[2.704s] Invoked command in '/home/amareb/autonomousDriving/build/dynamixel_sdk' returned '0': CMAKE_PREFIX_PATH=/home/amareb/autonomousDriving/install/turtlebot3_teleop:/opt/ros/humble /usr/bin/cmake --build /home/amareb/autonomousDriving/build/dynamixel_sdk -- -j16 -l16
[2.804s] Invoking command in '/home/amareb/autonomousDriving/build/dynamixel_sdk': CMAKE_PREFIX_PATH=/home/amareb/autonomousDriving/install/turtlebot3_teleop:/opt/ros/humble /usr/bin/cmake --install /home/amareb/autonomousDriving/build/dynamixel_sdk
[2.812s] -- Install configuration: ""
[2.813s] -- Installing: /home/amareb/autonomousDriving/install/dynamixel_sdk/include/
[2.814s] -- Installing: /home/amareb/autonomousDriving/install/dynamixel_sdk/include//dynamixel_sdk
[2.814s] -- Installing: /home/amareb/autonomousDriving/install/dynamixel_sdk/include//dynamixel_sdk/protocol1_packet_handler.h
[2.814s] -- Installing: /home/amareb/autonomousDriving/install/dynamixel_sdk/include//dynamixel_sdk/group_bulk_read.h:Zone.Identifier
[2.815s] -- Installing: /home/amareb/autonomousDriving/install/dynamixel_sdk/include//dynamixel_sdk/port_handler.h
[2.815s] -- Installing: /home/amareb/autonomousDriving/install/dynamixel_sdk/include//dynamixel_sdk/port_handler_linux.h
[2.816s] -- Installing: /home/amareb/autonomousDriving/install/dynamixel_sdk/include//dynamixel_sdk/port_handler_arduino.h:Zone.Identifier
[2.816s] -- Installing: /home/amareb/autonomousDriving/install/dynamixel_sdk/include//dynamixel_sdk/group_bulk_write.h
[2.817s] -- Installing: /home/amareb/autonomousDriving/install/dynamixel_sdk/include//dynamixel_sdk/dynamixel_sdk.h:Zone.Identifier
[2.817s] -- Installing: /home/amareb/autonomousDriving/install/dynamixel_sdk/include//dynamixel_sdk/dynamixel_sdk.h
[2.817s] -- Installing: /home/amareb/autonomousDriving/install/dynamixel_sdk/include//dynamixel_sdk/protocol2_packet_handler.h:Zone.Identifier
[2.818s] -- Installing: /home/amareb/autonomousDriving/install/dynamixel_sdk/include//dynamixel_sdk/port_handler_windows.h
[2.819s] -- Installing: /home/amareb/autonomousDriving/install/dynamixel_sdk/include//dynamixel_sdk/port_handler_linux.h:Zone.Identifier
[2.819s] -- Installing: /home/amareb/autonomousDriving/install/dynamixel_sdk/include//dynamixel_sdk/packet_handler.h
[2.820s] -- Installing: /home/amareb/autonomousDriving/install/dynamixel_sdk/include//dynamixel_sdk/port_handler_arduino.h
[2.820s] -- Installing: /home/amareb/autonomousDriving/install/dynamixel_sdk/include//dynamixel_sdk/packet_handler.h:Zone.Identifier
[2.821s] -- Installing: /home/amareb/autonomousDriving/install/dynamixel_sdk/include//dynamixel_sdk/protocol1_packet_handler.h:Zone.Identifier
[2.822s] -- Installing: /home/amareb/autonomousDriving/install/dynamixel_sdk/include//dynamixel_sdk/group_bulk_read.h
[2.822s] -- Installing: /home/amareb/autonomousDriving/install/dynamixel_sdk/include//dynamixel_sdk/port_handler_windows.h:Zone.Identifier
[2.822s] -- Installing: /home/amareb/autonomousDriving/install/dynamixel_sdk/include//dynamixel_sdk/group_sync_read.h:Zone.Identifier
[2.823s] -- Installing: /home/amareb/autonomousDriving/install/dynamixel_sdk/include//dynamixel_sdk/port_handler.h:Zone.Identifier
[2.824s] -- Installing: /home/amareb/autonomousDriving/install/dynamixel_sdk/include//dynamixel_sdk/group_sync_write.h:Zone.Identifier
[2.825s] -- Installing: /home/amareb/autonomousDriving/install/dynamixel_sdk/include//dynamixel_sdk/port_handler_mac.h
[2.825s] -- Installing: /home/amareb/autonomousDriving/install/dynamixel_sdk/include//dynamixel_sdk/group_sync_write.h
[2.827s] -- Installing: /home/amareb/autonomousDriving/install/dynamixel_sdk/include//dynamixel_sdk/protocol2_packet_handler.h
[2.827s] -- Installing: /home/amareb/autonomousDriving/install/dynamixel_sdk/include//dynamixel_sdk/port_handler_mac.h:Zone.Identifier
[2.828s] -- Installing: /home/amareb/autonomousDriving/install/dynamixel_sdk/include//dynamixel_sdk/group_sync_read.h
[2.829s] -- Installing: /home/amareb/autonomousDriving/install/dynamixel_sdk/include//dynamixel_sdk/group_bulk_write.h:Zone.Identifier
[2.829s] -- Installing: /home/amareb/autonomousDriving/install/dynamixel_sdk/lib/libdynamixel_sdk.so
[2.830s] -- Installing: /home/amareb/autonomousDriving/install/dynamixel_sdk/share/dynamixel_sdk/environment/library_path.sh
[2.830s] -- Installing: /home/amareb/autonomousDriving/install/dynamixel_sdk/share/dynamixel_sdk/environment/library_path.dsv
[2.830s] -- Installing: /home/amareb/autonomousDriving/install/dynamixel_sdk/share/ament_index/resource_index/package_run_dependencies/dynamixel_sdk
[2.832s] -- Installing: /home/amareb/autonomousDriving/install/dynamixel_sdk/share/ament_index/resource_index/parent_prefix_path/dynamixel_sdk
[2.833s] -- Installing: /home/amareb/autonomousDriving/install/dynamixel_sdk/share/dynamixel_sdk/environment/ament_prefix_path.sh
[2.834s] -- Installing: /home/amareb/autonomousDriving/install/dynamixel_sdk/share/dynamixel_sdk/environment/ament_prefix_path.dsv
[2.834s] -- Installing: /home/amareb/autonomousDriving/install/dynamixel_sdk/share/dynamixel_sdk/environment/path.sh
[2.835s] -- Installing: /home/amareb/autonomousDriving/install/dynamixel_sdk/share/dynamixel_sdk/environment/path.dsv
[2.836s] -- Installing: /home/amareb/autonomousDriving/install/dynamixel_sdk/share/dynamixel_sdk/local_setup.bash
[2.837s] -- Installing: /home/amareb/autonomousDriving/install/dynamixel_sdk/share/dynamixel_sdk/local_setup.sh
[2.837s] -- Installing: /home/amareb/autonomousDriving/install/dynamixel_sdk/share/dynamixel_sdk/local_setup.zsh
[2.837s] -- Installing: /home/amareb/autonomousDriving/install/dynamixel_sdk/share/dynamixel_sdk/local_setup.dsv
[2.838s] -- Installing: /home/amareb/autonomousDriving/install/dynamixel_sdk/share/dynamixel_sdk/package.dsv
[2.838s] -- Installing: /home/amareb/autonomousDriving/install/dynamixel_sdk/share/ament_index/resource_index/packages/dynamixel_sdk
[2.839s] -- Installing: /home/amareb/autonomousDriving/install/dynamixel_sdk/share/dynamixel_sdk/cmake/ament_cmake_export_include_directories-extras.cmake
[2.840s] -- Installing: /home/amareb/autonomousDriving/install/dynamixel_sdk/share/dynamixel_sdk/cmake/ament_cmake_export_libraries-extras.cmake
[2.840s] -- Installing: /home/amareb/autonomousDriving/install/dynamixel_sdk/share/dynamixel_sdk/cmake/dynamixel_sdkConfig.cmake
[2.840s] -- Installing: /home/amareb/autonomousDriving/install/dynamixel_sdk/share/dynamixel_sdk/cmake/dynamixel_sdkConfig-version.cmake
[2.843s] -- Installing: /home/amareb/autonomousDriving/install/dynamixel_sdk/share/dynamixel_sdk/package.xml
[2.843s] Invoked command in '/home/amareb/autonomousDriving/build/dynamixel_sdk' returned '0': CMAKE_PREFIX_PATH=/home/amareb/autonomousDriving/install/turtlebot3_teleop:/opt/ros/humble /usr/bin/cmake --install /home/amareb/autonomousDriving/build/dynamixel_sdk
