[0.171s] Invoking command in '/home/amareb/autonomousDriving/build/dynamixel_sdk_examples': AMENT_PREFIX_PATH=/home/amareb/autonomousDriving/install/dynamixel_sdk_custom_interfaces:/home/amareb/autonomousDriving/install/dynamixel_sdk:${AMENT_PREFIX_PATH} CMAKE_PREFIX_PATH=/home/amareb/autonomousDriving/install/dynamixel_sdk_custom_interfaces:/home/amareb/autonomousDriving/install/dynamixel_sdk:/home/amareb/autonomousDriving/install/turtlebot3_teleop:/opt/ros/humble LD_LIBRARY_PATH=/home/amareb/autonomousDriving/install/dynamixel_sdk_custom_interfaces/lib:/home/amareb/autonomousDriving/install/dynamixel_sdk/lib:${LD_LIBRARY_PATH} PYTHONPATH=/home/amareb/autonomousDriving/install/dynamixel_sdk_custom_interfaces/local/lib/python3.10/dist-packages:${PYTHONPATH} /usr/bin/cmake /home/amareb/autonomousDriving/src/DynamixelSDK/dynamixel_sdk_examples -DCMAKE_INSTALL_PREFIX=/home/amareb/autonomousDriving/install/dynamixel_sdk_examples
[0.424s] -- The C compiler identification is GNU 11.4.0
[0.828s] -- The CXX compiler identification is GNU 11.4.0
[0.987s] -- Detecting C compiler ABI info
[1.128s] -- Detecting C compiler ABI info - done
[1.141s] -- Check for working C compiler: /usr/bin/cc - skipped
[1.142s] -- Detecting C compile features
[1.142s] -- Detecting C compile features - done
[1.147s] -- Detecting CXX compiler ABI info
[1.281s] -- Detecting CXX compiler ABI info - done
[1.291s] -- Check for working CXX compiler: /usr/bin/c++ - skipped
[1.292s] -- Detecting CXX compile features
[1.292s] -- Detecting CXX compile features - done
[1.296s] -- Found ament_cmake: 1.3.9 (/opt/ros/humble/share/ament_cmake/cmake)
[1.517s] -- Found Python3: /usr/bin/python3 (found version "3.10.12") found components: Interpreter 
[1.642s] -- Found dynamixel_sdk: 3.7.60 (/home/amareb/autonomousDriving/install/dynamixel_sdk/share/dynamixel_sdk/cmake)
[1.644s] -- Found dynamixel_sdk_custom_interfaces: 3.7.60 (/home/amareb/autonomousDriving/install/dynamixel_sdk_custom_interfaces/share/dynamixel_sdk_custom_interfaces/cmake)
[1.762s] -- Found rosidl_generator_c: 3.1.5 (/opt/ros/humble/share/rosidl_generator_c/cmake)
[1.769s] -- Found rosidl_adapter: 3.1.5 (/opt/ros/humble/share/rosidl_adapter/cmake)
[1.780s] -- Found rosidl_generator_cpp: 3.1.5 (/opt/ros/humble/share/rosidl_generator_cpp/cmake)
[1.797s] -- Using all available rosidl_typesupport_c: rosidl_typesupport_fastrtps_c;rosidl_typesupport_introspection_c
[1.820s] -- Using all available rosidl_typesupport_cpp: rosidl_typesupport_fastrtps_cpp;rosidl_typesupport_introspection_cpp
[1.892s] -- Found rclcpp: 16.0.9 (/opt/ros/humble/share/rclcpp/cmake)
[1.993s] -- Found rmw_implementation_cmake: 6.1.2 (/opt/ros/humble/share/rmw_implementation_cmake/cmake)
[1.998s] -- Found rmw_fastrtps_cpp: 6.2.6 (/opt/ros/humble/share/rmw_fastrtps_cpp/cmake)
[2.656s] -- Found OpenSSL: /usr/lib/x86_64-linux-gnu/libcrypto.so (found version "3.0.2")  
[3.240s] -- Found FastRTPS: /opt/ros/humble/include  
[4.656s] -- Using RMW implementation 'rmw_fastrtps_cpp' as default
[4.676s] -- Looking for pthread.h
[4.786s] -- Looking for pthread.h - found
[4.787s] -- Performing Test CMAKE_HAVE_LIBC_PTHREAD
[4.900s] -- Performing Test CMAKE_HAVE_LIBC_PTHREAD - Success
[4.902s] -- Found Threads: TRUE  
[5.165s] -- Found ament_lint_auto: 0.12.11 (/opt/ros/humble/share/ament_lint_auto/cmake)
[5.307s] -- Added test 'copyright' to check source files copyright and LICENSE
[5.309s] -- Added test 'cppcheck' to perform static code analysis on C / C++ code
[5.310s] -- Configured cppcheck include dirs: /home/amareb/autonomousDriving/src/DynamixelSDK/dynamixel_sdk_examples/include
[5.310s] -- Configured cppcheck exclude dirs and/or files: 
[5.311s] -- Added test 'cpplint' to check C / C++ code against the Google style
[5.311s] -- Configured cpplint exclude dirs and/or files: 
[5.314s] -- Added test 'lint_cmake' to check CMake code style
[5.317s] -- Added test 'uncrustify' to check C / C++ code style
[5.317s] -- Configured uncrustify additional arguments: 
[5.318s] -- Added test 'xmllint' to check XML markup files
[5.320s] -- Configuring done
[5.336s] -- Generating done
[5.338s] -- Build files have been written to: /home/amareb/autonomousDriving/build/dynamixel_sdk_examples
[5.355s] Invoked command in '/home/amareb/autonomousDriving/build/dynamixel_sdk_examples' returned '0': AMENT_PREFIX_PATH=/home/amareb/autonomousDriving/install/dynamixel_sdk_custom_interfaces:/home/amareb/autonomousDriving/install/dynamixel_sdk:${AMENT_PREFIX_PATH} CMAKE_PREFIX_PATH=/home/amareb/autonomousDriving/install/dynamixel_sdk_custom_interfaces:/home/amareb/autonomousDriving/install/dynamixel_sdk:/home/amareb/autonomousDriving/install/turtlebot3_teleop:/opt/ros/humble LD_LIBRARY_PATH=/home/amareb/autonomousDriving/install/dynamixel_sdk_custom_interfaces/lib:/home/amareb/autonomousDriving/install/dynamixel_sdk/lib:${LD_LIBRARY_PATH} PYTHONPATH=/home/amareb/autonomousDriving/install/dynamixel_sdk_custom_interfaces/local/lib/python3.10/dist-packages:${PYTHONPATH} /usr/bin/cmake /home/amareb/autonomousDriving/src/DynamixelSDK/dynamixel_sdk_examples -DCMAKE_INSTALL_PREFIX=/home/amareb/autonomousDriving/install/dynamixel_sdk_examples
[5.360s] Invoking command in '/home/amareb/autonomousDriving/build/dynamixel_sdk_examples': AMENT_PREFIX_PATH=/home/amareb/autonomousDriving/install/dynamixel_sdk_custom_interfaces:/home/amareb/autonomousDriving/install/dynamixel_sdk:${AMENT_PREFIX_PATH} CMAKE_PREFIX_PATH=/home/amareb/autonomousDriving/install/dynamixel_sdk_custom_interfaces:/home/amareb/autonomousDriving/install/dynamixel_sdk:/home/amareb/autonomousDriving/install/turtlebot3_teleop:/opt/ros/humble LD_LIBRARY_PATH=/home/amareb/autonomousDriving/install/dynamixel_sdk_custom_interfaces/lib:/home/amareb/autonomousDriving/install/dynamixel_sdk/lib:${LD_LIBRARY_PATH} PYTHONPATH=/home/amareb/autonomousDriving/install/dynamixel_sdk_custom_interfaces/local/lib/python3.10/dist-packages:${PYTHONPATH} /usr/bin/cmake --build /home/amareb/autonomousDriving/build/dynamixel_sdk_examples -- -j16 -l16
[5.425s] [ 50%] [32mBuilding CXX object CMakeFiles/read_write_node.dir/src/read_write_node.cpp.o[0m
[40.548s] [100%] [32m[1mLinking CXX executable read_write_node[0m
[41.832s] [100%] Built target read_write_node
[41.863s] Invoked command in '/home/amareb/autonomousDriving/build/dynamixel_sdk_examples' returned '0': AMENT_PREFIX_PATH=/home/amareb/autonomousDriving/install/dynamixel_sdk_custom_interfaces:/home/amareb/autonomousDriving/install/dynamixel_sdk:${AMENT_PREFIX_PATH} CMAKE_PREFIX_PATH=/home/amareb/autonomousDriving/install/dynamixel_sdk_custom_interfaces:/home/amareb/autonomousDriving/install/dynamixel_sdk:/home/amareb/autonomousDriving/install/turtlebot3_teleop:/opt/ros/humble LD_LIBRARY_PATH=/home/amareb/autonomousDriving/install/dynamixel_sdk_custom_interfaces/lib:/home/amareb/autonomousDriving/install/dynamixel_sdk/lib:${LD_LIBRARY_PATH} PYTHONPATH=/home/amareb/autonomousDriving/install/dynamixel_sdk_custom_interfaces/local/lib/python3.10/dist-packages:${PYTHONPATH} /usr/bin/cmake --build /home/amareb/autonomousDriving/build/dynamixel_sdk_examples -- -j16 -l16
[41.917s] Invoking command in '/home/amareb/autonomousDriving/build/dynamixel_sdk_examples': AMENT_PREFIX_PATH=/home/amareb/autonomousDriving/install/dynamixel_sdk_custom_interfaces:/home/amareb/autonomousDriving/install/dynamixel_sdk:${AMENT_PREFIX_PATH} CMAKE_PREFIX_PATH=/home/amareb/autonomousDriving/install/dynamixel_sdk_custom_interfaces:/home/amareb/autonomousDriving/install/dynamixel_sdk:/home/amareb/autonomousDriving/install/turtlebot3_teleop:/opt/ros/humble LD_LIBRARY_PATH=/home/amareb/autonomousDriving/install/dynamixel_sdk_custom_interfaces/lib:/home/amareb/autonomousDriving/install/dynamixel_sdk/lib:${LD_LIBRARY_PATH} PYTHONPATH=/home/amareb/autonomousDriving/install/dynamixel_sdk_custom_interfaces/local/lib/python3.10/dist-packages:${PYTHONPATH} /usr/bin/cmake --install /home/amareb/autonomousDriving/build/dynamixel_sdk_examples
[41.932s] -- Install configuration: ""
[41.934s] -- Installing: /home/amareb/autonomousDriving/install/dynamixel_sdk_examples/lib/dynamixel_sdk_examples/read_write_node
[41.940s] -- Set runtime path of "/home/amareb/autonomousDriving/install/dynamixel_sdk_examples/lib/dynamixel_sdk_examples/read_write_node" to ""
[41.941s] -- Installing: /home/amareb/autonomousDriving/install/dynamixel_sdk_examples/share/ament_index/resource_index/package_run_dependencies/dynamixel_sdk_examples
[41.942s] -- Installing: /home/amareb/autonomousDriving/install/dynamixel_sdk_examples/share/ament_index/resource_index/parent_prefix_path/dynamixel_sdk_examples
[41.947s] -- Installing: /home/amareb/autonomousDriving/install/dynamixel_sdk_examples/share/dynamixel_sdk_examples/environment/ament_prefix_path.sh
[41.948s] -- Installing: /home/amareb/autonomousDriving/install/dynamixel_sdk_examples/share/dynamixel_sdk_examples/environment/ament_prefix_path.dsv
[41.949s] -- Installing: /home/amareb/autonomousDriving/install/dynamixel_sdk_examples/share/dynamixel_sdk_examples/environment/path.sh
[41.950s] -- Installing: /home/amareb/autonomousDriving/install/dynamixel_sdk_examples/share/dynamixel_sdk_examples/environment/path.dsv
[41.951s] -- Installing: /home/amareb/autonomousDriving/install/dynamixel_sdk_examples/share/dynamixel_sdk_examples/local_setup.bash
[41.953s] -- Installing: /home/amareb/autonomousDriving/install/dynamixel_sdk_examples/share/dynamixel_sdk_examples/local_setup.sh
[41.954s] -- Installing: /home/amareb/autonomousDriving/install/dynamixel_sdk_examples/share/dynamixel_sdk_examples/local_setup.zsh
[41.955s] -- Installing: /home/amareb/autonomousDriving/install/dynamixel_sdk_examples/share/dynamixel_sdk_examples/local_setup.dsv
[41.956s] -- Installing: /home/amareb/autonomousDriving/install/dynamixel_sdk_examples/share/dynamixel_sdk_examples/package.dsv
[41.958s] -- Installing: /home/amareb/autonomousDriving/install/dynamixel_sdk_examples/share/ament_index/resource_index/packages/dynamixel_sdk_examples
[41.959s] -- Installing: /home/amareb/autonomousDriving/install/dynamixel_sdk_examples/share/dynamixel_sdk_examples/cmake/dynamixel_sdk_examplesConfig.cmake
[41.960s] -- Installing: /home/amareb/autonomousDriving/install/dynamixel_sdk_examples/share/dynamixel_sdk_examples/cmake/dynamixel_sdk_examplesConfig-version.cmake
[41.961s] -- Installing: /home/amareb/autonomousDriving/install/dynamixel_sdk_examples/share/dynamixel_sdk_examples/package.xml
[41.968s] Invoked command in '/home/amareb/autonomousDriving/build/dynamixel_sdk_examples' returned '0': AMENT_PREFIX_PATH=/home/amareb/autonomousDriving/install/dynamixel_sdk_custom_interfaces:/home/amareb/autonomousDriving/install/dynamixel_sdk:${AMENT_PREFIX_PATH} CMAKE_PREFIX_PATH=/home/amareb/autonomousDriving/install/dynamixel_sdk_custom_interfaces:/home/amareb/autonomousDriving/install/dynamixel_sdk:/home/amareb/autonomousDriving/install/turtlebot3_teleop:/opt/ros/humble LD_LIBRARY_PATH=/home/amareb/autonomousDriving/install/dynamixel_sdk_custom_interfaces/lib:/home/amareb/autonomousDriving/install/dynamixel_sdk/lib:${LD_LIBRARY_PATH} PYTHONPATH=/home/amareb/autonomousDriving/install/dynamixel_sdk_custom_interfaces/local/lib/python3.10/dist-packages:${PYTHONPATH} /usr/bin/cmake --install /home/amareb/autonomousDriving/build/dynamixel_sdk_examples
