[0.040s] Invoking command in '/home/amareb/autonomousDriving/build/turtlebot3_description': /usr/bin/cmake /home/amareb/autonomousDriving/src/turtlebot3/turtlebot3_description -DCMAKE_INSTALL_PREFIX=/home/amareb/autonomousDriving/install/turtlebot3_description
[0.526s] -- The C compiler identification is GNU 11.4.0
[0.902s] -- The CXX compiler identification is GNU 11.4.0
[0.983s] -- Detecting C compiler ABI info
[1.209s] -- Detecting C compiler ABI info - done
[1.232s] -- Check for working C compiler: /usr/bin/cc - skipped
[1.232s] -- Detecting C compile features
[1.235s] -- Detecting C compile features - done
[1.238s] -- Detecting CXX compiler ABI info
[1.403s] -- Detecting CXX compiler ABI info - done
[1.428s] -- Check for working CXX compiler: /usr/bin/c++ - skipped
[1.429s] -- Detecting CXX compile features
[1.431s] -- Detecting CXX compile features - done
[1.928s] [31mCMake Error at CMakeLists.txt:18 (find_package):
[1.929s]   By not providing "Findament_cmake.cmake" in CMAKE_MODULE_PATH this project
[1.930s]   has asked CMake to find a package configuration file provided by
[1.930s]   "ament_cmake", but CMake did not find one.
[1.931s] 
[1.931s]   Could not find a package configuration file provided by "ament_cmake" with
[1.932s]   any of the following names:
[1.932s] 
[1.932s]     ament_cmakeConfig.cmake
[1.932s]     ament_cmake-config.cmake
[1.932s] 
[1.932s]   Add the installation prefix of "ament_cmake" to CMAKE_PREFIX_PATH or set
[1.932s]   "ament_cmake_DIR" to a directory containing one of the above files.  If
[1.932s]   "ament_cmake" provides a separate development package or SDK, be sure it
[1.932s]   has been installed.
[1.933s] 
[1.933s] [0m
[1.933s] -- Configuring incomplete, errors occurred!
[1.933s] See also "/home/amareb/autonomousDriving/build/turtlebot3_description/CMakeFiles/CMakeOutput.log".
[1.976s] Invoked command in '/home/amareb/autonomousDriving/build/turtlebot3_description' returned '1': /usr/bin/cmake /home/amareb/autonomousDriving/src/turtlebot3/turtlebot3_description -DCMAKE_INSTALL_PREFIX=/home/amareb/autonomousDriving/install/turtlebot3_description
