[0.047s] Invoking command in '/home/amareb/autonomousDriving/build/turtlebot3_gazebo': CMAKE_PREFIX_PATH=/home/amareb/autonomousDriving/install/turtlebot3_teleop:/opt/ros/humble /usr/bin/cmake /home/amareb/autonomousDriving/src/turtlebot3_simulations/turtlebot3_gazebo -DCMAKE_INSTALL_PREFIX=/home/amareb/autonomousDriving/install/turtlebot3_gazebo
[0.638s] -- Found ament_cmake: 1.3.9 (/opt/ros/humble/share/ament_cmake/cmake)
[0.638s] -- Found Python3: /usr/bin/python3 (found version "3.10.12") found components: Interpreter 
[0.646s] -- Found PkgConfig: /usr/bin/pkg-config (found version "0.29.2") 
[0.649s] -- Checking for module 'bullet>=2.82'
[0.649s] --   Found bullet, version 3.05
[0.649s] [33mCMake Warning (dev) at /usr/share/cmake-3.22/Modules/FindPackageHandleStandardArgs.cmake:438 (message):
[0.649s]   The package name passed to `find_package_handle_standard_args` (PkgConfig)
[0.650s]   does not match the name of the calling package (gazebo).  This can lead to
[0.650s]   problems in calling code that expects `find_package` result variables
[0.650s]   (e.g., `_FOUND`) to follow a certain pattern.
[0.650s] Call Stack (most recent call first):
[0.650s]   /usr/share/cmake-3.22/Modules/FindPkgConfig.cmake:99 (find_package_handle_standard_args)
[0.650s]   /usr/lib/x86_64-linux-gnu/cmake/gazebo/gazebo-config.cmake:72 (include)
[0.650s]   CMakeLists.txt:23 (find_package)
[0.650s] This warning is for project developers.  Use -Wno-dev to suppress it.
[0.650s] [0m
[0.910s] -- Found fcl: /usr/include (found suitable version "0.7.0", minimum required is "0.5.0") 
[1.054s] -- Found assimp: /usr/include (found version "5.2.0") 
[1.159s] -- Found DART: /usr/include (Required is at least version "6.6") found components: dart 
[1.835s] -- Found Boost: /usr/lib/x86_64-linux-gnu/cmake/Boost-1.74.0/BoostConfig.cmake (found suitable version "1.74.0", minimum required is "1.40.0") found components: thread system filesystem program_options regex iostreams date_time 
[2.254s] -- Found Protobuf: /usr/lib/x86_64-linux-gnu/libprotobuf.so (found version "3.12.4") 
[2.274s] -- Looking for ignition-math6 -- found version 6.15.1
[2.309s] -- Searching for dependencies of ignition-math6
[2.318s] -- Looking for OGRE...
[2.320s] -- OGRE_PREFIX_WATCH changed.
[2.333s] -- Checking for module 'OGRE'
[2.359s] --   Found OGRE, version 1.9.0
[2.438s] -- Found Ogre Ghadamon (1.9.0)
[2.762s] -- Found OGRE: optimized;/usr/lib/x86_64-linux-gnu/libOgreMain.so;debug;/usr/lib/x86_64-linux-gnu/libOgreMain.so
[2.784s] -- Looking for OGRE_Paging...
[3.033s] -- Found OGRE_Paging: optimized;/usr/lib/x86_64-linux-gnu/libOgrePaging.so;debug;/usr/lib/x86_64-linux-gnu/libOgrePaging.so
[3.033s] -- Looking for OGRE_Terrain...
[3.242s] -- Found OGRE_Terrain: optimized;/usr/lib/x86_64-linux-gnu/libOgreTerrain.so;debug;/usr/lib/x86_64-linux-gnu/libOgreTerrain.so
[3.243s] -- Looking for OGRE_Property...
[3.424s] -- Found OGRE_Property: optimized;/usr/lib/x86_64-linux-gnu/libOgreProperty.so;debug;/usr/lib/x86_64-linux-gnu/libOgreProperty.so
[3.424s] -- Looking for OGRE_RTShaderSystem...
[3.617s] -- Found OGRE_RTShaderSystem: optimized;/usr/lib/x86_64-linux-gnu/libOgreRTShaderSystem.so;debug;/usr/lib/x86_64-linux-gnu/libOgreRTShaderSystem.so
[3.617s] -- Looking for OGRE_Volume...
[3.775s] -- Found OGRE_Volume: optimized;/usr/lib/x86_64-linux-gnu/libOgreVolume.so;debug;/usr/lib/x86_64-linux-gnu/libOgreVolume.so
[3.775s] -- Looking for OGRE_Overlay...
[4.024s] -- Found OGRE_Overlay: optimized;/usr/lib/x86_64-linux-gnu/libOgreOverlay.so;debug;/usr/lib/x86_64-linux-gnu/libOgreOverlay.so
[15.339s] -- Looking for ignition-math6 -- found version 6.15.1
[15.344s] -- Looking for ignition-transport8 -- found version 8.2.1
[15.345s] -- Searching for dependencies of ignition-transport8
[16.032s] -- Found Protobuf: /usr/lib/x86_64-linux-gnu/libprotobuf.so (found suitable version "3.12.4", minimum required is "3") 
[16.816s] -- Config-file not installed for ZeroMQ -- checking for pkg-config
[16.823s] -- Checking for module 'libzmq >= 4'
[16.844s] --   Found libzmq , version 4.3.4
[16.895s] -- Found ZeroMQ: TRUE (Required is at least version "4") 
[16.932s] -- Checking for module 'uuid'
[16.955s] --   Found uuid, version 2.37.2
[17.003s] -- Found UUID: TRUE  
[17.008s] -- Looking for ignition-msgs5 -- found version 5.8.1
[17.008s] -- Searching for dependencies of ignition-msgs5
[17.783s] -- Looking for ignition-math6 -- found version 6.15.1
[17.790s] -- Checking for module 'tinyxml2'
[17.806s] --   Found tinyxml2, version 9.0.0
[17.845s] -- Looking for ignition-msgs5 -- found version 5.8.1
[17.849s] -- Looking for ignition-common3 -- found version 3.14.0
[17.850s] -- Searching for dependencies of ignition-common3
[17.870s] -- Looking for dlfcn.h - found
[17.891s] -- Looking for libdl - found
[17.893s] -- Found DL: TRUE  
[17.951s] -- Found tinyobjloader: /usr/lib/x86_64-linux-gnu/cmake/tinyobjloader/tinyobjloader-config.cmake (found version "2.0.0") 
[17.954s] -- Searching for <ignition-common3> component [graphics]
[17.957s] -- Looking for ignition-common3-graphics -- found version 3.14.0
[17.959s] -- Searching for dependencies of ignition-common3-graphics
[17.959s] -- Looking for ignition-math6 -- found version 6.15.1
[17.965s] -- Looking for ignition-fuel_tools4 -- found version 4.4.0
[17.966s] -- Searching for dependencies of ignition-fuel_tools4
[18.593s] -- Found CURL: /usr/lib/x86_64-linux-gnu/libcurl.so (found version "7.81.0")  
[18.607s] -- Checking for module 'jsoncpp'
[18.622s] --   Found jsoncpp, version 1.9.5
[18.658s] -- Found JSONCPP: TRUE  
[18.668s] -- Checking for module 'libzip'
[18.683s] --   Found libzip, version 1.7.3
[18.721s] -- Found ZIP: TRUE  
[18.721s] -- Looking for ignition-common3 -- found version 3.14.0
[18.722s] -- Looking for ignition-math6 -- found version 6.15.1
[18.723s] -- Looking for ignition-msgs5 -- found version 5.8.1
[18.735s] -- Found gazebo_ros_pkgs: 3.7.0 (/opt/ros/humble/share/gazebo_ros_pkgs/cmake)
[18.737s] -- Found geometry_msgs: 4.2.4 (/opt/ros/humble/share/geometry_msgs/cmake)
[18.787s] -- Found rosidl_generator_c: 3.1.5 (/opt/ros/humble/share/rosidl_generator_c/cmake)
[18.794s] -- Found rosidl_adapter: 3.1.5 (/opt/ros/humble/share/rosidl_adapter/cmake)
[18.805s] -- Found rosidl_generator_cpp: 3.1.5 (/opt/ros/humble/share/rosidl_generator_cpp/cmake)
[18.825s] -- Using all available rosidl_typesupport_c: rosidl_typesupport_fastrtps_c;rosidl_typesupport_introspection_c
[18.851s] -- Using all available rosidl_typesupport_cpp: rosidl_typesupport_fastrtps_cpp;rosidl_typesupport_introspection_cpp
[19.043s] -- Found nav_msgs: 4.2.4 (/opt/ros/humble/share/nav_msgs/cmake)
[19.171s] -- Found rclcpp: 16.0.9 (/opt/ros/humble/share/rclcpp/cmake)
[19.259s] -- Found rmw_implementation_cmake: 6.1.2 (/opt/ros/humble/share/rmw_implementation_cmake/cmake)
[19.263s] -- Found rmw_fastrtps_cpp: 6.2.6 (/opt/ros/humble/share/rmw_fastrtps_cpp/cmake)
[19.764s] -- Found OpenSSL: /usr/lib/x86_64-linux-gnu/libcrypto.so (found version "3.0.2")  
[20.666s] -- Found FastRTPS: /opt/ros/humble/include  
[22.921s] -- Using RMW implementation 'rmw_fastrtps_cpp' as default
[22.967s] -- Found Threads: TRUE  
[23.478s] -- Found sensor_msgs: 4.2.4 (/opt/ros/humble/share/sensor_msgs/cmake)
[23.806s] -- Found tf2: 0.25.7 (/opt/ros/humble/share/tf2/cmake)
[24.130s] -- Configuring done
[24.293s] -- Generating done
[24.301s] -- Build files have been written to: /home/amareb/autonomousDriving/build/turtlebot3_gazebo
[24.342s] Invoked command in '/home/amareb/autonomousDriving/build/turtlebot3_gazebo' returned '0': CMAKE_PREFIX_PATH=/home/amareb/autonomousDriving/install/turtlebot3_teleop:/opt/ros/humble /usr/bin/cmake /home/amareb/autonomousDriving/src/turtlebot3_simulations/turtlebot3_gazebo -DCMAKE_INSTALL_PREFIX=/home/amareb/autonomousDriving/install/turtlebot3_gazebo
[24.347s] Invoking command in '/home/amareb/autonomousDriving/build/turtlebot3_gazebo': CMAKE_PREFIX_PATH=/home/amareb/autonomousDriving/install/turtlebot3_teleop:/opt/ros/humble /usr/bin/cmake --build /home/amareb/autonomousDriving/build/turtlebot3_gazebo -- -j16 -l16
[24.499s] [ 12%] [32mBuilding CXX object CMakeFiles/turtlebot3_drive.dir/src/turtlebot3_drive.cpp.o[0m
[24.506s] [ 25%] [32mBuilding CXX object CMakeFiles/obstacle2.dir/models/turtlebot3_dqn_world/obstacle_plugin/obstacle2.cc.o[0m
[24.512s] [ 37%] [32mBuilding CXX object CMakeFiles/obstacles.dir/models/turtlebot3_dqn_world/obstacle_plugin/obstacles.cc.o[0m
[24.517s] [ 50%] [32mBuilding CXX object CMakeFiles/obstacle1.dir/models/turtlebot3_dqn_world/obstacle_plugin/obstacle1.cc.o[0m
[67.104s] [ 62%] [32m[1mLinking CXX executable turtlebot3_drive[0m
[68.135s] [ 62%] Built target turtlebot3_drive
[69.125s] [ 75%] [32m[1mLinking CXX shared library libobstacle1.so[0m
[69.143s] [ 87%] [32m[1mLinking CXX shared library libobstacle2.so[0m
[69.258s] [100%] [32m[1mLinking CXX shared library libobstacles.so[0m
[69.903s] [100%] Built target obstacles
[69.913s] [100%] Built target obstacle2
[69.927s] [100%] Built target obstacle1
[69.942s] Invoked command in '/home/amareb/autonomousDriving/build/turtlebot3_gazebo' returned '0': CMAKE_PREFIX_PATH=/home/amareb/autonomousDriving/install/turtlebot3_teleop:/opt/ros/humble /usr/bin/cmake --build /home/amareb/autonomousDriving/build/turtlebot3_gazebo -- -j16 -l16
[69.985s] Invoking command in '/home/amareb/autonomousDriving/build/turtlebot3_gazebo': CMAKE_PREFIX_PATH=/home/amareb/autonomousDriving/install/turtlebot3_teleop:/opt/ros/humble /usr/bin/cmake --install /home/amareb/autonomousDriving/build/turtlebot3_gazebo
[69.995s] -- Install configuration: ""
[69.998s] -- Installing: /home/amareb/autonomousDriving/install/turtlebot3_gazebo/lib/turtlebot3_gazebo/turtlebot3_drive
[70.004s] -- Set runtime path of "/home/amareb/autonomousDriving/install/turtlebot3_gazebo/lib/turtlebot3_gazebo/turtlebot3_drive" to ""
[70.005s] -- Installing: /home/amareb/autonomousDriving/install/turtlebot3_gazebo/share/turtlebot3_gazebo//launch
[70.005s] -- Installing: /home/amareb/autonomousDriving/install/turtlebot3_gazebo/share/turtlebot3_gazebo//launch/turtlebot3_dqn_stage3.launch.py:Zone.Identifier
[70.005s] -- Installing: /home/amareb/autonomousDriving/install/turtlebot3_gazebo/share/turtlebot3_gazebo//launch/empty_world.launch.py:Zone.Identifier
[70.006s] -- Installing: /home/amareb/autonomousDriving/install/turtlebot3_gazebo/share/turtlebot3_gazebo//launch/turtlebot3_dqn_stage1.launch.py:Zone.Identifier
[70.006s] -- Installing: /home/amareb/autonomousDriving/install/turtlebot3_gazebo/share/turtlebot3_gazebo//launch/turtlebot3_dqn_stage2.launch.py
[70.006s] -- Installing: /home/amareb/autonomousDriving/install/turtlebot3_gazebo/share/turtlebot3_gazebo//launch/turtlebot3_dqn_stage1.launch.py
[70.007s] -- Installing: /home/amareb/autonomousDriving/install/turtlebot3_gazebo/share/turtlebot3_gazebo//launch/house_world.launch.py
[70.007s] -- Installing: /home/amareb/autonomousDriving/install/turtlebot3_gazebo/share/turtlebot3_gazebo//launch/turtlebot3_dqn_stage4.launch.py
[70.008s] -- Installing: /home/amareb/autonomousDriving/install/turtlebot3_gazebo/share/turtlebot3_gazebo//launch/turtlebot3_world.launch.py
[70.009s] -- Installing: /home/amareb/autonomousDriving/install/turtlebot3_gazebo/share/turtlebot3_gazebo//launch/turtlebot3_dqn_stage2.launch.py:Zone.Identifier
[70.009s] -- Installing: /home/amareb/autonomousDriving/install/turtlebot3_gazebo/share/turtlebot3_gazebo//launch/empty_world.launch.py
[70.010s] -- Installing: /home/amareb/autonomousDriving/install/turtlebot3_gazebo/share/turtlebot3_gazebo//launch/turtlebot3_world.launch.py:Zone.Identifier
[70.010s] -- Installing: /home/amareb/autonomousDriving/install/turtlebot3_gazebo/share/turtlebot3_gazebo//launch/turtlebot3_dqn_stage4.launch.py:Zone.Identifier
[70.010s] -- Installing: /home/amareb/autonomousDriving/install/turtlebot3_gazebo/share/turtlebot3_gazebo//launch/house_world.launch.py:Zone.Identifier
[70.010s] -- Installing: /home/amareb/autonomousDriving/install/turtlebot3_gazebo/share/turtlebot3_gazebo//launch/turtlebot3_dqn_stage3.launch.py
[70.011s] -- Installing: /home/amareb/autonomousDriving/install/turtlebot3_gazebo/share/turtlebot3_gazebo//launch/turtlebot3_house.launch.py:Zone.Identifier
[70.012s] -- Installing: /home/amareb/autonomousDriving/install/turtlebot3_gazebo/share/turtlebot3_gazebo//launch/robot_state_publisher.launch.py
[70.012s] -- Installing: /home/amareb/autonomousDriving/install/turtlebot3_gazebo/share/turtlebot3_gazebo//launch/robot_state_publisher.launch.py:Zone.Identifier
[70.012s] -- Installing: /home/amareb/autonomousDriving/install/turtlebot3_gazebo/share/turtlebot3_gazebo//launch/turtlebot3_house.launch.py
[70.013s] -- Installing: /home/amareb/autonomousDriving/install/turtlebot3_gazebo/share/turtlebot3_gazebo//launch/spawn_turtlebot3.launch.py:Zone.Identifier
[70.013s] -- Installing: /home/amareb/autonomousDriving/install/turtlebot3_gazebo/share/turtlebot3_gazebo//launch/spawn_turtlebot3.launch.py
[70.014s] -- Installing: /home/amareb/autonomousDriving/install/turtlebot3_gazebo/share/turtlebot3_gazebo//models
[70.014s] -- Installing: /home/amareb/autonomousDriving/install/turtlebot3_gazebo/share/turtlebot3_gazebo//models/turtlebot3_dqn_world
[70.014s] -- Installing: /home/amareb/autonomousDriving/install/turtlebot3_gazebo/share/turtlebot3_gazebo//models/turtlebot3_dqn_world/inner_walls
[70.015s] -- Installing: /home/amareb/autonomousDriving/install/turtlebot3_gazebo/share/turtlebot3_gazebo//models/turtlebot3_dqn_world/inner_walls/model.config:Zone.Identifier
[70.015s] -- Installing: /home/amareb/autonomousDriving/install/turtlebot3_gazebo/share/turtlebot3_gazebo//models/turtlebot3_dqn_world/inner_walls/model.config
[70.015s] -- Installing: /home/amareb/autonomousDriving/install/turtlebot3_gazebo/share/turtlebot3_gazebo//models/turtlebot3_dqn_world/inner_walls/model.sdf:Zone.Identifier
[70.015s] -- Installing: /home/amareb/autonomousDriving/install/turtlebot3_gazebo/share/turtlebot3_gazebo//models/turtlebot3_dqn_world/inner_walls/model.sdf
[70.015s] -- Installing: /home/amareb/autonomousDriving/install/turtlebot3_gazebo/share/turtlebot3_gazebo//models/turtlebot3_dqn_world/obstacle1
[70.016s] -- Installing: /home/amareb/autonomousDriving/install/turtlebot3_gazebo/share/turtlebot3_gazebo//models/turtlebot3_dqn_world/obstacle1/model.config:Zone.Identifier
[70.016s] -- Installing: /home/amareb/autonomousDriving/install/turtlebot3_gazebo/share/turtlebot3_gazebo//models/turtlebot3_dqn_world/obstacle1/model.config
[70.017s] -- Installing: /home/amareb/autonomousDriving/install/turtlebot3_gazebo/share/turtlebot3_gazebo//models/turtlebot3_dqn_world/obstacle1/model.sdf:Zone.Identifier
[70.017s] -- Installing: /home/amareb/autonomousDriving/install/turtlebot3_gazebo/share/turtlebot3_gazebo//models/turtlebot3_dqn_world/obstacle1/model.sdf
[70.018s] -- Installing: /home/amareb/autonomousDriving/install/turtlebot3_gazebo/share/turtlebot3_gazebo//models/turtlebot3_dqn_world/obstacle_plugin
[70.018s] -- Installing: /home/amareb/autonomousDriving/install/turtlebot3_gazebo/share/turtlebot3_gazebo//models/turtlebot3_dqn_world/obstacle_plugin/obstacles.cc
[70.018s] -- Installing: /home/amareb/autonomousDriving/install/turtlebot3_gazebo/share/turtlebot3_gazebo//models/turtlebot3_dqn_world/obstacle_plugin/obstacle2.cc
[70.019s] -- Installing: /home/amareb/autonomousDriving/install/turtlebot3_gazebo/share/turtlebot3_gazebo//models/turtlebot3_dqn_world/obstacle_plugin/obstacles.cc:Zone.Identifier
[70.019s] -- Installing: /home/amareb/autonomousDriving/install/turtlebot3_gazebo/share/turtlebot3_gazebo//models/turtlebot3_dqn_world/obstacle_plugin/CMakeLists.txt
[70.020s] -- Installing: /home/amareb/autonomousDriving/install/turtlebot3_gazebo/share/turtlebot3_gazebo//models/turtlebot3_dqn_world/obstacle_plugin/CMakeLists.txt:Zone.Identifier
[70.020s] -- Installing: /home/amareb/autonomousDriving/install/turtlebot3_gazebo/share/turtlebot3_gazebo//models/turtlebot3_dqn_world/obstacle_plugin/obstacle2.cc:Zone.Identifier
[70.020s] -- Installing: /home/amareb/autonomousDriving/install/turtlebot3_gazebo/share/turtlebot3_gazebo//models/turtlebot3_dqn_world/obstacle_plugin/obstacle1.cc
[70.020s] -- Installing: /home/amareb/autonomousDriving/install/turtlebot3_gazebo/share/turtlebot3_gazebo//models/turtlebot3_dqn_world/obstacle_plugin/obstacle1.cc:Zone.Identifier
[70.021s] -- Installing: /home/amareb/autonomousDriving/install/turtlebot3_gazebo/share/turtlebot3_gazebo//models/turtlebot3_dqn_world/model.config:Zone.Identifier
[70.021s] -- Installing: /home/amareb/autonomousDriving/install/turtlebot3_gazebo/share/turtlebot3_gazebo//models/turtlebot3_dqn_world/model.config
[70.021s] -- Installing: /home/amareb/autonomousDriving/install/turtlebot3_gazebo/share/turtlebot3_gazebo//models/turtlebot3_dqn_world/obstacles
[70.021s] -- Installing: /home/amareb/autonomousDriving/install/turtlebot3_gazebo/share/turtlebot3_gazebo//models/turtlebot3_dqn_world/obstacles/model.config:Zone.Identifier
[70.022s] -- Installing: /home/amareb/autonomousDriving/install/turtlebot3_gazebo/share/turtlebot3_gazebo//models/turtlebot3_dqn_world/obstacles/model.config
[70.022s] -- Installing: /home/amareb/autonomousDriving/install/turtlebot3_gazebo/share/turtlebot3_gazebo//models/turtlebot3_dqn_world/obstacles/model.sdf:Zone.Identifier
[70.022s] -- Installing: /home/amareb/autonomousDriving/install/turtlebot3_gazebo/share/turtlebot3_gazebo//models/turtlebot3_dqn_world/obstacles/model.sdf
[70.023s] -- Installing: /home/amareb/autonomousDriving/install/turtlebot3_gazebo/share/turtlebot3_gazebo//models/turtlebot3_dqn_world/model.sdf:Zone.Identifier
[70.023s] -- Installing: /home/amareb/autonomousDriving/install/turtlebot3_gazebo/share/turtlebot3_gazebo//models/turtlebot3_dqn_world/obstacle2
[70.023s] -- Installing: /home/amareb/autonomousDriving/install/turtlebot3_gazebo/share/turtlebot3_gazebo//models/turtlebot3_dqn_world/obstacle2/model.config:Zone.Identifier
[70.023s] -- Installing: /home/amareb/autonomousDriving/install/turtlebot3_gazebo/share/turtlebot3_gazebo//models/turtlebot3_dqn_world/obstacle2/model.config
[70.024s] -- Installing: /home/amareb/autonomousDriving/install/turtlebot3_gazebo/share/turtlebot3_gazebo//models/turtlebot3_dqn_world/obstacle2/model.sdf:Zone.Identifier
[70.024s] -- Installing: /home/amareb/autonomousDriving/install/turtlebot3_gazebo/share/turtlebot3_gazebo//models/turtlebot3_dqn_world/obstacle2/model.sdf
[70.024s] -- Installing: /home/amareb/autonomousDriving/install/turtlebot3_gazebo/share/turtlebot3_gazebo//models/turtlebot3_dqn_world/model.sdf
[70.026s] -- Installing: /home/amareb/autonomousDriving/install/turtlebot3_gazebo/share/turtlebot3_gazebo//models/turtlebot3_dqn_world/goal_box
[70.026s] -- Installing: /home/amareb/autonomousDriving/install/turtlebot3_gazebo/share/turtlebot3_gazebo//models/turtlebot3_dqn_world/goal_box/model.config:Zone.Identifier
[70.026s] -- Installing: /home/amareb/autonomousDriving/install/turtlebot3_gazebo/share/turtlebot3_gazebo//models/turtlebot3_dqn_world/goal_box/model.config
[70.027s] -- Installing: /home/amareb/autonomousDriving/install/turtlebot3_gazebo/share/turtlebot3_gazebo//models/turtlebot3_dqn_world/goal_box/model.sdf:Zone.Identifier
[70.027s] -- Installing: /home/amareb/autonomousDriving/install/turtlebot3_gazebo/share/turtlebot3_gazebo//models/turtlebot3_dqn_world/goal_box/model.sdf
[70.028s] -- Installing: /home/amareb/autonomousDriving/install/turtlebot3_gazebo/share/turtlebot3_gazebo//models/turtlebot3_burger
[70.028s] -- Installing: /home/amareb/autonomousDriving/install/turtlebot3_gazebo/share/turtlebot3_gazebo//models/turtlebot3_burger/model-1_4.sdf:Zone.Identifier
[70.028s] -- Installing: /home/amareb/autonomousDriving/install/turtlebot3_gazebo/share/turtlebot3_gazebo//models/turtlebot3_burger/model.config:Zone.Identifier
[70.028s] -- Installing: /home/amareb/autonomousDriving/install/turtlebot3_gazebo/share/turtlebot3_gazebo//models/turtlebot3_burger/model.config
[70.028s] -- Installing: /home/amareb/autonomousDriving/install/turtlebot3_gazebo/share/turtlebot3_gazebo//models/turtlebot3_burger/model.sdf:Zone.Identifier:Zone.Identifier
[70.028s] -- Installing: /home/amareb/autonomousDriving/install/turtlebot3_gazebo/share/turtlebot3_gazebo//models/turtlebot3_burger/model.sdf:Zone.Identifier
[70.028s] -- Installing: /home/amareb/autonomousDriving/install/turtlebot3_gazebo/share/turtlebot3_gazebo//models/turtlebot3_burger/model.sdf
[70.029s] -- Installing: /home/amareb/autonomousDriving/install/turtlebot3_gazebo/share/turtlebot3_gazebo//models/turtlebot3_burger/model-1_4.sdf
[70.029s] -- Installing: /home/amareb/autonomousDriving/install/turtlebot3_gazebo/share/turtlebot3_gazebo//models/turtlebot3_burger/Assembly HobbieCat16.stl:Zone.Identifier
[70.029s] -- Installing: /home/amareb/autonomousDriving/install/turtlebot3_gazebo/share/turtlebot3_gazebo//models/turtlebot3_burger/Assembly HobbieCat16.stl:Zone.Identifier:Zone.Identifier
[70.029s] -- Installing: /home/amareb/autonomousDriving/install/turtlebot3_gazebo/share/turtlebot3_gazebo//models/turtlebot3_burger/Assembly HobbieCat16.stl
[70.048s] -- Installing: /home/amareb/autonomousDriving/install/turtlebot3_gazebo/share/turtlebot3_gazebo//models/turtlebot3_waffle_pi
[70.048s] -- Installing: /home/amareb/autonomousDriving/install/turtlebot3_gazebo/share/turtlebot3_gazebo//models/turtlebot3_waffle_pi/model.config:Zone.Identifier
[70.048s] -- Installing: /home/amareb/autonomousDriving/install/turtlebot3_gazebo/share/turtlebot3_gazebo//models/turtlebot3_waffle_pi/model-1_4_.sdf:Zone.Identifier
[70.049s] -- Installing: /home/amareb/autonomousDriving/install/turtlebot3_gazebo/share/turtlebot3_gazebo//models/turtlebot3_waffle_pi/model.config
[70.049s] -- Installing: /home/amareb/autonomousDriving/install/turtlebot3_gazebo/share/turtlebot3_gazebo//models/turtlebot3_waffle_pi/model.sdf:Zone.Identifier
[70.049s] -- Installing: /home/amareb/autonomousDriving/install/turtlebot3_gazebo/share/turtlebot3_gazebo//models/turtlebot3_waffle_pi/model.sdf
[70.050s] -- Installing: /home/amareb/autonomousDriving/install/turtlebot3_gazebo/share/turtlebot3_gazebo//models/turtlebot3_waffle_pi/model-1_4_.sdf
[70.050s] -- Installing: /home/amareb/autonomousDriving/install/turtlebot3_gazebo/share/turtlebot3_gazebo//models/turtlebot3_house
[70.051s] -- Installing: /home/amareb/autonomousDriving/install/turtlebot3_gazebo/share/turtlebot3_gazebo//models/turtlebot3_house/model.config:Zone.Identifier
[70.051s] -- Installing: /home/amareb/autonomousDriving/install/turtlebot3_gazebo/share/turtlebot3_gazebo//models/turtlebot3_house/model.config
[70.052s] -- Installing: /home/amareb/autonomousDriving/install/turtlebot3_gazebo/share/turtlebot3_gazebo//models/turtlebot3_house/model.sdf:Zone.Identifier
[70.052s] -- Installing: /home/amareb/autonomousDriving/install/turtlebot3_gazebo/share/turtlebot3_gazebo//models/turtlebot3_house/model.sdf
[70.053s] -- Installing: /home/amareb/autonomousDriving/install/turtlebot3_gazebo/share/turtlebot3_gazebo//models/turtlebot3_waffle
[70.054s] -- Installing: /home/amareb/autonomousDriving/install/turtlebot3_gazebo/share/turtlebot3_gazebo//models/turtlebot3_waffle/model-1_4.sdf:Zone.Identifier
[70.054s] -- Installing: /home/amareb/autonomousDriving/install/turtlebot3_gazebo/share/turtlebot3_gazebo//models/turtlebot3_waffle/model.config:Zone.Identifier
[70.054s] -- Installing: /home/amareb/autonomousDriving/install/turtlebot3_gazebo/share/turtlebot3_gazebo//models/turtlebot3_waffle/model.config
[70.054s] -- Installing: /home/amareb/autonomousDriving/install/turtlebot3_gazebo/share/turtlebot3_gazebo//models/turtlebot3_waffle/model.sdf:Zone.Identifier
[70.055s] -- Installing: /home/amareb/autonomousDriving/install/turtlebot3_gazebo/share/turtlebot3_gazebo//models/turtlebot3_waffle/model.sdf
[70.056s] -- Installing: /home/amareb/autonomousDriving/install/turtlebot3_gazebo/share/turtlebot3_gazebo//models/turtlebot3_waffle/model-1_4.sdf
[70.056s] -- Installing: /home/amareb/autonomousDriving/install/turtlebot3_gazebo/share/turtlebot3_gazebo//models/house
[70.056s] -- Installing: /home/amareb/autonomousDriving/install/turtlebot3_gazebo/share/turtlebot3_gazebo//models/house/model.config:Zone.Identifier
[70.057s] -- Installing: /home/amareb/autonomousDriving/install/turtlebot3_gazebo/share/turtlebot3_gazebo//models/house/model.config
[70.057s] -- Installing: /home/amareb/autonomousDriving/install/turtlebot3_gazebo/share/turtlebot3_gazebo//models/house/model.sdf:Zone.Identifier
[70.057s] -- Installing: /home/amareb/autonomousDriving/install/turtlebot3_gazebo/share/turtlebot3_gazebo//models/house/model.sdf
[70.058s] -- Installing: /home/amareb/autonomousDriving/install/turtlebot3_gazebo/share/turtlebot3_gazebo//models/turtlebot3_world
[70.058s] -- Installing: /home/amareb/autonomousDriving/install/turtlebot3_gazebo/share/turtlebot3_gazebo//models/turtlebot3_world/model-1_4.sdf:Zone.Identifier
[70.058s] -- Installing: /home/amareb/autonomousDriving/install/turtlebot3_gazebo/share/turtlebot3_gazebo//models/turtlebot3_world/model.config:Zone.Identifier
[70.059s] -- Installing: /home/amareb/autonomousDriving/install/turtlebot3_gazebo/share/turtlebot3_gazebo//models/turtlebot3_world/model.config
[70.059s] -- Installing: /home/amareb/autonomousDriving/install/turtlebot3_gazebo/share/turtlebot3_gazebo//models/turtlebot3_world/meshes
[70.059s] -- Installing: /home/amareb/autonomousDriving/install/turtlebot3_gazebo/share/turtlebot3_gazebo//models/turtlebot3_world/meshes/hexagon.dae:Zone.Identifier
[70.059s] -- Installing: /home/amareb/autonomousDriving/install/turtlebot3_gazebo/share/turtlebot3_gazebo//models/turtlebot3_world/meshes/hexagon.dae
[70.060s] -- Installing: /home/amareb/autonomousDriving/install/turtlebot3_gazebo/share/turtlebot3_gazebo//models/turtlebot3_world/meshes/wall.dae
[70.060s] -- Installing: /home/amareb/autonomousDriving/install/turtlebot3_gazebo/share/turtlebot3_gazebo//models/turtlebot3_world/meshes/wall.dae:Zone.Identifier
[70.061s] -- Installing: /home/amareb/autonomousDriving/install/turtlebot3_gazebo/share/turtlebot3_gazebo//models/turtlebot3_world/model.sdf:Zone.Identifier
[70.061s] -- Installing: /home/amareb/autonomousDriving/install/turtlebot3_gazebo/share/turtlebot3_gazebo//models/turtlebot3_world/model.sdf
[70.061s] -- Installing: /home/amareb/autonomousDriving/install/turtlebot3_gazebo/share/turtlebot3_gazebo//models/turtlebot3_world/model-1_4.sdf
[70.061s] -- Installing: /home/amareb/autonomousDriving/install/turtlebot3_gazebo/share/turtlebot3_gazebo//models/turtlebot3_common
[70.062s] -- Installing: /home/amareb/autonomousDriving/install/turtlebot3_gazebo/share/turtlebot3_gazebo//models/turtlebot3_common/model.config:Zone.Identifier
[70.062s] -- Installing: /home/amareb/autonomousDriving/install/turtlebot3_gazebo/share/turtlebot3_gazebo//models/turtlebot3_common/model.config
[70.062s] -- Installing: /home/amareb/autonomousDriving/install/turtlebot3_gazebo/share/turtlebot3_gazebo//models/turtlebot3_common/meshes
[70.063s] -- Installing: /home/amareb/autonomousDriving/install/turtlebot3_gazebo/share/turtlebot3_gazebo//models/turtlebot3_common/meshes/r200.dae
[70.064s] -- Installing: /home/amareb/autonomousDriving/install/turtlebot3_gazebo/share/turtlebot3_gazebo//models/turtlebot3_common/meshes/r200.dae:Zone.Identifier
[70.065s] -- Installing: /home/amareb/autonomousDriving/install/turtlebot3_gazebo/share/turtlebot3_gazebo//models/turtlebot3_common/meshes/waffle_pi_base.dae
[70.065s] -- Installing: /home/amareb/autonomousDriving/install/turtlebot3_gazebo/share/turtlebot3_gazebo//models/turtlebot3_common/meshes/waffle_pi_base.dae:Zone.Identifier
[70.065s] -- Installing: /home/amareb/autonomousDriving/install/turtlebot3_gazebo/share/turtlebot3_gazebo//models/turtlebot3_common/meshes/burger_base.dae:Zone.Identifier
[70.066s] -- Installing: /home/amareb/autonomousDriving/install/turtlebot3_gazebo/share/turtlebot3_gazebo//models/turtlebot3_common/meshes/tire.dae
[70.067s] -- Installing: /home/amareb/autonomousDriving/install/turtlebot3_gazebo/share/turtlebot3_gazebo//models/turtlebot3_common/meshes/tire.dae:Zone.Identifier
[70.067s] -- Installing: /home/amareb/autonomousDriving/install/turtlebot3_gazebo/share/turtlebot3_gazebo//models/turtlebot3_common/meshes/lds.dae:Zone.Identifier
[70.067s] -- Installing: /home/amareb/autonomousDriving/install/turtlebot3_gazebo/share/turtlebot3_gazebo//models/turtlebot3_common/meshes/burger_base.dae
[70.068s] -- Installing: /home/amareb/autonomousDriving/install/turtlebot3_gazebo/share/turtlebot3_gazebo//models/turtlebot3_common/meshes/waffle_base.dae:Zone.Identifier
[70.068s] -- Installing: /home/amareb/autonomousDriving/install/turtlebot3_gazebo/share/turtlebot3_gazebo//models/turtlebot3_common/meshes/waffle_base.dae
[70.068s] -- Installing: /home/amareb/autonomousDriving/install/turtlebot3_gazebo/share/turtlebot3_gazebo//models/turtlebot3_common/meshes/lds.dae
[70.070s] -- Installing: /home/amareb/autonomousDriving/install/turtlebot3_gazebo/share/turtlebot3_gazebo//rviz
[70.070s] -- Installing: /home/amareb/autonomousDriving/install/turtlebot3_gazebo/share/turtlebot3_gazebo//rviz/tb3_gazebo.rviz:Zone.Identifier
[70.070s] -- Installing: /home/amareb/autonomousDriving/install/turtlebot3_gazebo/share/turtlebot3_gazebo//rviz/tb3_gazebo.rviz
[70.071s] -- Installing: /home/amareb/autonomousDriving/install/turtlebot3_gazebo/share/turtlebot3_gazebo//urdf
[70.071s] -- Installing: /home/amareb/autonomousDriving/install/turtlebot3_gazebo/share/turtlebot3_gazebo//urdf/turtlebot3_waffle.urdf:Zone.Identifier
[70.071s] -- Installing: /home/amareb/autonomousDriving/install/turtlebot3_gazebo/share/turtlebot3_gazebo//urdf/turtlebot3_waffle_pi.urdf
[70.071s] -- Installing: /home/amareb/autonomousDriving/install/turtlebot3_gazebo/share/turtlebot3_gazebo//urdf/common_properties.urdf
[70.072s] -- Installing: /home/amareb/autonomousDriving/install/turtlebot3_gazebo/share/turtlebot3_gazebo//urdf/turtlebot3_burger.urdf:Zone.Identifier
[70.072s] -- Installing: /home/amareb/autonomousDriving/install/turtlebot3_gazebo/share/turtlebot3_gazebo//urdf/turtlebot3_burger.urdf
[70.072s] -- Installing: /home/amareb/autonomousDriving/install/turtlebot3_gazebo/share/turtlebot3_gazebo//urdf/turtlebot3_waffle_pi.urdf:Zone.Identifier
[70.072s] -- Installing: /home/amareb/autonomousDriving/install/turtlebot3_gazebo/share/turtlebot3_gazebo//urdf/turtlebot3_waffle.urdf
[70.073s] -- Installing: /home/amareb/autonomousDriving/install/turtlebot3_gazebo/share/turtlebot3_gazebo//urdf/common_properties.urdf:Zone.Identifier
[70.073s] -- Installing: /home/amareb/autonomousDriving/install/turtlebot3_gazebo/share/turtlebot3_gazebo//worlds
[70.073s] -- Installing: /home/amareb/autonomousDriving/install/turtlebot3_gazebo/share/turtlebot3_gazebo//worlds/turtlebot3_dqn_stage3.world:Zone.Identifier
[70.073s] -- Installing: /home/amareb/autonomousDriving/install/turtlebot3_gazebo/share/turtlebot3_gazebo//worlds/turtlebot3_dqn_stage3.world
[70.074s] -- Installing: /home/amareb/autonomousDriving/install/turtlebot3_gazebo/share/turtlebot3_gazebo//worlds/house.world:Zone.Identifier
[70.074s] -- Installing: /home/amareb/autonomousDriving/install/turtlebot3_gazebo/share/turtlebot3_gazebo//worlds/empty_world.world
[70.074s] -- Installing: /home/amareb/autonomousDriving/install/turtlebot3_gazebo/share/turtlebot3_gazebo//worlds/turtlebot3_dqn_stage4.world:Zone.Identifier
[70.075s] -- Installing: /home/amareb/autonomousDriving/install/turtlebot3_gazebo/share/turtlebot3_gazebo//worlds/sailing-marina2.world
[70.079s] -- Installing: /home/amareb/autonomousDriving/install/turtlebot3_gazebo/share/turtlebot3_gazebo//worlds/sailing-marina.world
[70.083s] -- Installing: /home/amareb/autonomousDriving/install/turtlebot3_gazebo/share/turtlebot3_gazebo//worlds/turtlebot3_house.world:Zone.Identifier
[70.084s] -- Installing: /home/amareb/autonomousDriving/install/turtlebot3_gazebo/share/turtlebot3_gazebo//worlds/turtlebot3_dqn_stage4.world
[70.084s] -- Installing: /home/amareb/autonomousDriving/install/turtlebot3_gazebo/share/turtlebot3_gazebo//worlds/house.world
[70.084s] -- Installing: /home/amareb/autonomousDriving/install/turtlebot3_gazebo/share/turtlebot3_gazebo//worlds/turtlebot3_house.world
[70.085s] -- Installing: /home/amareb/autonomousDriving/install/turtlebot3_gazebo/share/turtlebot3_gazebo//worlds/turtlebot3_world.world
[70.086s] -- Installing: /home/amareb/autonomousDriving/install/turtlebot3_gazebo/share/turtlebot3_gazebo//worlds/turtlebot3_dqn_stage2.world
[70.086s] -- Installing: /home/amareb/autonomousDriving/install/turtlebot3_gazebo/share/turtlebot3_gazebo//worlds/turtlebot3_dqn_stage2.world:Zone.Identifier
[70.087s] -- Installing: /home/amareb/autonomousDriving/install/turtlebot3_gazebo/share/turtlebot3_gazebo//worlds/sailing-marina2.world:Zone.Identifier
[70.087s] -- Installing: /home/amareb/autonomousDriving/install/turtlebot3_gazebo/share/turtlebot3_gazebo//worlds/turtlebot3_dqn_stage1.world:Zone.Identifier
[70.087s] -- Installing: /home/amareb/autonomousDriving/install/turtlebot3_gazebo/share/turtlebot3_gazebo//worlds/empty_world.world:Zone.Identifier
[70.087s] -- Installing: /home/amareb/autonomousDriving/install/turtlebot3_gazebo/share/turtlebot3_gazebo//worlds/sailing-marina.world:Zone.Identifier
[70.087s] -- Installing: /home/amareb/autonomousDriving/install/turtlebot3_gazebo/share/turtlebot3_gazebo//worlds/turtlebot3_dqn_stage1.world
[70.088s] -- Installing: /home/amareb/autonomousDriving/install/turtlebot3_gazebo/share/turtlebot3_gazebo//worlds/turtlebot3_world.world:Zone.Identifier
[70.088s] -- Installing: /home/amareb/autonomousDriving/install/turtlebot3_gazebo/include/
[70.089s] -- Installing: /home/amareb/autonomousDriving/install/turtlebot3_gazebo/include//turtlebot3_gazebo
[70.089s] -- Installing: /home/amareb/autonomousDriving/install/turtlebot3_gazebo/include//turtlebot3_gazebo/turtlebot3_drive.hpp:Zone.Identifier
[70.089s] -- Installing: /home/amareb/autonomousDriving/install/turtlebot3_gazebo/include//turtlebot3_gazebo/turtlebot3_drive.hpp
[70.089s] -- Installing: /home/amareb/autonomousDriving/install/turtlebot3_gazebo/share/ament_index/resource_index/package_run_dependencies/turtlebot3_gazebo
[70.090s] -- Installing: /home/amareb/autonomousDriving/install/turtlebot3_gazebo/share/ament_index/resource_index/parent_prefix_path/turtlebot3_gazebo
[70.091s] -- Installing: /home/amareb/autonomousDriving/install/turtlebot3_gazebo/share/turtlebot3_gazebo/environment/ament_prefix_path.sh
[70.091s] -- Installing: /home/amareb/autonomousDriving/install/turtlebot3_gazebo/share/turtlebot3_gazebo/environment/ament_prefix_path.dsv
[70.092s] -- Installing: /home/amareb/autonomousDriving/install/turtlebot3_gazebo/share/turtlebot3_gazebo/environment/path.sh
[70.092s] -- Installing: /home/amareb/autonomousDriving/install/turtlebot3_gazebo/share/turtlebot3_gazebo/environment/path.dsv
[70.093s] -- Installing: /home/amareb/autonomousDriving/install/turtlebot3_gazebo/share/turtlebot3_gazebo/local_setup.bash
[70.093s] -- Installing: /home/amareb/autonomousDriving/install/turtlebot3_gazebo/share/turtlebot3_gazebo/local_setup.sh
[70.094s] -- Installing: /home/amareb/autonomousDriving/install/turtlebot3_gazebo/share/turtlebot3_gazebo/local_setup.zsh
[70.095s] -- Installing: /home/amareb/autonomousDriving/install/turtlebot3_gazebo/share/turtlebot3_gazebo/local_setup.dsv
[70.096s] -- Installing: /home/amareb/autonomousDriving/install/turtlebot3_gazebo/share/turtlebot3_gazebo/package.dsv
[70.097s] -- Installing: /home/amareb/autonomousDriving/install/turtlebot3_gazebo/share/ament_index/resource_index/packages/turtlebot3_gazebo
[70.098s] -- Installing: /home/amareb/autonomousDriving/install/turtlebot3_gazebo/share/turtlebot3_gazebo/cmake/ament_cmake_export_include_directories-extras.cmake
[70.098s] -- Installing: /home/amareb/autonomousDriving/install/turtlebot3_gazebo/share/turtlebot3_gazebo/cmake/ament_cmake_export_dependencies-extras.cmake
[70.099s] -- Installing: /home/amareb/autonomousDriving/install/turtlebot3_gazebo/share/turtlebot3_gazebo/cmake/turtlebot3_gazeboConfig.cmake
[70.100s] -- Installing: /home/amareb/autonomousDriving/install/turtlebot3_gazebo/share/turtlebot3_gazebo/cmake/turtlebot3_gazeboConfig-version.cmake
[70.100s] -- Installing: /home/amareb/autonomousDriving/install/turtlebot3_gazebo/share/turtlebot3_gazebo/package.xml
[70.104s] Invoked command in '/home/amareb/autonomousDriving/build/turtlebot3_gazebo' returned '0': CMAKE_PREFIX_PATH=/home/amareb/autonomousDriving/install/turtlebot3_teleop:/opt/ros/humble /usr/bin/cmake --install /home/amareb/autonomousDriving/build/turtlebot3_gazebo
