[0.849s] Invoking command in '/home/amareb/autonomousDriving/src/turtlebot3/turtlebot3_teleop': PYTHONPATH=/home/amareb/autonomousDriving/build/turtlebot3_teleop/prefix_override:/home/amareb/autonomousDriving/install/turtlebot3_teleop/lib/python3.10/site-packages: /usr/bin/python3 -W ignore:setup.py install is deprecated setup.py egg_info --egg-base ../../../build/turtlebot3_teleop build --build-base /home/amareb/autonomousDriving/build/turtlebot3_teleop/build install --record /home/amareb/autonomousDriving/build/turtlebot3_teleop/install.log --single-version-externally-managed install_data
[1.189s] running egg_info
[1.191s] creating ../../../build/turtlebot3_teleop/turtlebot3_teleop.egg-info
[1.193s] writing ../../../build/turtlebot3_teleop/turtlebot3_teleop.egg-info/PKG-INFO
[1.193s] writing dependency_links to ../../../build/turtlebot3_teleop/turtlebot3_teleop.egg-info/dependency_links.txt
[1.193s] writing entry points to ../../../build/turtlebot3_teleop/turtlebot3_teleop.egg-info/entry_points.txt
[1.194s] writing requirements to ../../../build/turtlebot3_teleop/turtlebot3_teleop.egg-info/requires.txt
[1.194s] writing top-level names to ../../../build/turtlebot3_teleop/turtlebot3_teleop.egg-info/top_level.txt
[1.194s] writing manifest file '../../../build/turtlebot3_teleop/turtlebot3_teleop.egg-info/SOURCES.txt'
[1.197s] reading manifest file '../../../build/turtlebot3_teleop/turtlebot3_teleop.egg-info/SOURCES.txt'
[1.199s] writing manifest file '../../../build/turtlebot3_teleop/turtlebot3_teleop.egg-info/SOURCES.txt'
[1.201s] running build
[1.202s] running build_py
[1.203s] creating /home/amareb/autonomousDriving/build/turtlebot3_teleop/build
[1.204s] creating /home/amareb/autonomousDriving/build/turtlebot3_teleop/build/lib
[1.205s] creating /home/amareb/autonomousDriving/build/turtlebot3_teleop/build/lib/turtlebot3_teleop
[1.208s] copying turtlebot3_teleop/__init__.py -> /home/amareb/autonomousDriving/build/turtlebot3_teleop/build/lib/turtlebot3_teleop
[1.208s] creating /home/amareb/autonomousDriving/build/turtlebot3_teleop/build/lib/turtlebot3_teleop/script
[1.209s] copying turtlebot3_teleop/script/teleop_keyboard.py -> /home/amareb/autonomousDriving/build/turtlebot3_teleop/build/lib/turtlebot3_teleop/script
[1.210s] copying turtlebot3_teleop/script/__init__.py -> /home/amareb/autonomousDriving/build/turtlebot3_teleop/build/lib/turtlebot3_teleop/script
[1.210s] running install
[1.212s] running install_lib
[1.217s] creating /home/amareb/autonomousDriving/install/turtlebot3_teleop/lib/python3.10/site-packages/turtlebot3_teleop
[1.218s] creating /home/amareb/autonomousDriving/install/turtlebot3_teleop/lib/python3.10/site-packages/turtlebot3_teleop/script
[1.218s] copying /home/amareb/autonomousDriving/build/turtlebot3_teleop/build/lib/turtlebot3_teleop/script/teleop_keyboard.py -> /home/amareb/autonomousDriving/install/turtlebot3_teleop/lib/python3.10/site-packages/turtlebot3_teleop/script
[1.219s] copying /home/amareb/autonomousDriving/build/turtlebot3_teleop/build/lib/turtlebot3_teleop/script/__init__.py -> /home/amareb/autonomousDriving/install/turtlebot3_teleop/lib/python3.10/site-packages/turtlebot3_teleop/script
[1.220s] copying /home/amareb/autonomousDriving/build/turtlebot3_teleop/build/lib/turtlebot3_teleop/__init__.py -> /home/amareb/autonomousDriving/install/turtlebot3_teleop/lib/python3.10/site-packages/turtlebot3_teleop
[1.220s] byte-compiling /home/amareb/autonomousDriving/install/turtlebot3_teleop/lib/python3.10/site-packages/turtlebot3_teleop/script/teleop_keyboard.py to teleop_keyboard.cpython-310.pyc
[1.221s] byte-compiling /home/amareb/autonomousDriving/install/turtlebot3_teleop/lib/python3.10/site-packages/turtlebot3_teleop/script/__init__.py to __init__.cpython-310.pyc
[1.221s] byte-compiling /home/amareb/autonomousDriving/install/turtlebot3_teleop/lib/python3.10/site-packages/turtlebot3_teleop/__init__.py to __init__.cpython-310.pyc
[1.222s] running install_data
[1.222s] creating /home/amareb/autonomousDriving/install/turtlebot3_teleop/share/ament_index
[1.222s] creating /home/amareb/autonomousDriving/install/turtlebot3_teleop/share/ament_index/resource_index
[1.223s] creating /home/amareb/autonomousDriving/install/turtlebot3_teleop/share/ament_index/resource_index/packages
[1.224s] copying resource/turtlebot3_teleop -> /home/amareb/autonomousDriving/install/turtlebot3_teleop/share/ament_index/resource_index/packages
[1.224s] copying package.xml -> /home/amareb/autonomousDriving/install/turtlebot3_teleop/share/turtlebot3_teleop
[1.225s] running install_egg_info
[1.225s] Copying ../../../build/turtlebot3_teleop/turtlebot3_teleop.egg-info to /home/amareb/autonomousDriving/install/turtlebot3_teleop/lib/python3.10/site-packages/turtlebot3_teleop-2.1.5-py3.10.egg-info
[1.225s] running install_scripts
[1.269s] Installing teleop_keyboard script to /home/amareb/autonomousDriving/install/turtlebot3_teleop/lib/turtlebot3_teleop
[1.270s] writing list of installed files to '/home/amareb/autonomousDriving/build/turtlebot3_teleop/install.log'
[1.328s] Invoked command in '/home/amareb/autonomousDriving/src/turtlebot3/turtlebot3_teleop' returned '0': PYTHONPATH=/home/amareb/autonomousDriving/build/turtlebot3_teleop/prefix_override:/home/amareb/autonomousDriving/install/turtlebot3_teleop/lib/python3.10/site-packages: /usr/bin/python3 -W ignore:setup.py install is deprecated setup.py egg_info --egg-base ../../../build/turtlebot3_teleop build --build-base /home/amareb/autonomousDriving/build/turtlebot3_teleop/build install --record /home/amareb/autonomousDriving/build/turtlebot3_teleop/install.log --single-version-externally-managed install_data
