[0.104s] Invoking command in '/home/amareb/autonomousDriving/build/turtlebot3_simulations': AMENT_PREFIX_PATH=/home/amareb/autonomousDriving/install/turtlebot3_fake_node:/home/amareb/autonomousDriving/install/turtlebot3_msgs:/home/amareb/autonomousDriving/install/turtlebot3_gazebo:${AMENT_PREFIX_PATH} CMAKE_PREFIX_PATH=/home/amareb/autonomousDriving/install/turtlebot3_fake_node:/home/amareb/autonomousDriving/install/turtlebot3_msgs:/home/amareb/autonomousDriving/install/turtlebot3_gazebo:/home/amareb/autonomousDriving/install/turtlebot3_teleop:/opt/ros/humble LD_LIBRARY_PATH=/home/amareb/autonomousDriving/install/turtlebot3_msgs/lib:${LD_LIBRARY_PATH} PYTHONPATH=/home/amareb/autonomousDriving/install/turtlebot3_msgs/local/lib/python3.10/dist-packages:${PYTHONPATH} /usr/bin/cmake /home/amareb/autonomousDriving/src/turtlebot3_simulations/turtlebot3_simulations -DCMAKE_INSTALL_PREFIX=/home/amareb/autonomousDriving/install/turtlebot3_simulations
[0.336s] -- The C compiler identification is GNU 11.4.0
[0.619s] -- The CXX compiler identification is GNU 11.4.0
[0.790s] -- Detecting C compiler ABI info
[0.918s] -- Detecting C compiler ABI info - done
[0.928s] -- Check for working C compiler: /usr/bin/cc - skipped
[0.929s] -- Detecting C compile features
[0.931s] -- Detecting C compile features - done
[0.938s] -- Detecting CXX compiler ABI info
[1.076s] -- Detecting CXX compiler ABI info - done
[1.087s] -- Check for working CXX compiler: /usr/bin/c++ - skipped
[1.087s] -- Detecting CXX compile features
[1.088s] -- Detecting CXX compile features - done
[1.126s] -- Found ament_cmake: 1.3.9 (/opt/ros/humble/share/ament_cmake/cmake)
[1.418s] -- Found Python3: /usr/bin/python3 (found version "3.10.12") found components: Interpreter 
[1.789s] -- Configuring done
[1.792s] -- Generating done
[1.793s] -- Build files have been written to: /home/amareb/autonomousDriving/build/turtlebot3_simulations
[1.802s] Invoked command in '/home/amareb/autonomousDriving/build/turtlebot3_simulations' returned '0': AMENT_PREFIX_PATH=/home/amareb/autonomousDriving/install/turtlebot3_fake_node:/home/amareb/autonomousDriving/install/turtlebot3_msgs:/home/amareb/autonomousDriving/install/turtlebot3_gazebo:${AMENT_PREFIX_PATH} CMAKE_PREFIX_PATH=/home/amareb/autonomousDriving/install/turtlebot3_fake_node:/home/amareb/autonomousDriving/install/turtlebot3_msgs:/home/amareb/autonomousDriving/install/turtlebot3_gazebo:/home/amareb/autonomousDriving/install/turtlebot3_teleop:/opt/ros/humble LD_LIBRARY_PATH=/home/amareb/autonomousDriving/install/turtlebot3_msgs/lib:${LD_LIBRARY_PATH} PYTHONPATH=/home/amareb/autonomousDriving/install/turtlebot3_msgs/local/lib/python3.10/dist-packages:${PYTHONPATH} /usr/bin/cmake /home/amareb/autonomousDriving/src/turtlebot3_simulations/turtlebot3_simulations -DCMAKE_INSTALL_PREFIX=/home/amareb/autonomousDriving/install/turtlebot3_simulations
[1.805s] Invoking command in '/home/amareb/autonomousDriving/build/turtlebot3_simulations': AMENT_PREFIX_PATH=/home/amareb/autonomousDriving/install/turtlebot3_fake_node:/home/amareb/autonomousDriving/install/turtlebot3_msgs:/home/amareb/autonomousDriving/install/turtlebot3_gazebo:${AMENT_PREFIX_PATH} CMAKE_PREFIX_PATH=/home/amareb/autonomousDriving/install/turtlebot3_fake_node:/home/amareb/autonomousDriving/install/turtlebot3_msgs:/home/amareb/autonomousDriving/install/turtlebot3_gazebo:/home/amareb/autonomousDriving/install/turtlebot3_teleop:/opt/ros/humble LD_LIBRARY_PATH=/home/amareb/autonomousDriving/install/turtlebot3_msgs/lib:${LD_LIBRARY_PATH} PYTHONPATH=/home/amareb/autonomousDriving/install/turtlebot3_msgs/local/lib/python3.10/dist-packages:${PYTHONPATH} /usr/bin/cmake --build /home/amareb/autonomousDriving/build/turtlebot3_simulations -- -j16 -l16
[1.853s] Invoked command in '/home/amareb/autonomousDriving/build/turtlebot3_simulations' returned '0': AMENT_PREFIX_PATH=/home/amareb/autonomousDriving/install/turtlebot3_fake_node:/home/amareb/autonomousDriving/install/turtlebot3_msgs:/home/amareb/autonomousDriving/install/turtlebot3_gazebo:${AMENT_PREFIX_PATH} CMAKE_PREFIX_PATH=/home/amareb/autonomousDriving/install/turtlebot3_fake_node:/home/amareb/autonomousDriving/install/turtlebot3_msgs:/home/amareb/autonomousDriving/install/turtlebot3_gazebo:/home/amareb/autonomousDriving/install/turtlebot3_teleop:/opt/ros/humble LD_LIBRARY_PATH=/home/amareb/autonomousDriving/install/turtlebot3_msgs/lib:${LD_LIBRARY_PATH} PYTHONPATH=/home/amareb/autonomousDriving/install/turtlebot3_msgs/local/lib/python3.10/dist-packages:${PYTHONPATH} /usr/bin/cmake --build /home/amareb/autonomousDriving/build/turtlebot3_simulations -- -j16 -l16
[1.878s] Invoking command in '/home/amareb/autonomousDriving/build/turtlebot3_simulations': AMENT_PREFIX_PATH=/home/amareb/autonomousDriving/install/turtlebot3_fake_node:/home/amareb/autonomousDriving/install/turtlebot3_msgs:/home/amareb/autonomousDriving/install/turtlebot3_gazebo:${AMENT_PREFIX_PATH} CMAKE_PREFIX_PATH=/home/amareb/autonomousDriving/install/turtlebot3_fake_node:/home/amareb/autonomousDriving/install/turtlebot3_msgs:/home/amareb/autonomousDriving/install/turtlebot3_gazebo:/home/amareb/autonomousDriving/install/turtlebot3_teleop:/opt/ros/humble LD_LIBRARY_PATH=/home/amareb/autonomousDriving/install/turtlebot3_msgs/lib:${LD_LIBRARY_PATH} PYTHONPATH=/home/amareb/autonomousDriving/install/turtlebot3_msgs/local/lib/python3.10/dist-packages:${PYTHONPATH} /usr/bin/cmake --install /home/amareb/autonomousDriving/build/turtlebot3_simulations
[1.884s] -- Install configuration: ""
[1.885s] -- Installing: /home/amareb/autonomousDriving/install/turtlebot3_simulations/share/ament_index/resource_index/package_run_dependencies/turtlebot3_simulations
[1.885s] -- Installing: /home/amareb/autonomousDriving/install/turtlebot3_simulations/share/ament_index/resource_index/parent_prefix_path/turtlebot3_simulations
[1.885s] -- Installing: /home/amareb/autonomousDriving/install/turtlebot3_simulations/share/turtlebot3_simulations/environment/ament_prefix_path.sh
[1.886s] -- Installing: /home/amareb/autonomousDriving/install/turtlebot3_simulations/share/turtlebot3_simulations/environment/ament_prefix_path.dsv
[1.886s] -- Installing: /home/amareb/autonomousDriving/install/turtlebot3_simulations/share/turtlebot3_simulations/environment/path.sh
[1.886s] -- Installing: /home/amareb/autonomousDriving/install/turtlebot3_simulations/share/turtlebot3_simulations/environment/path.dsv
[1.887s] -- Installing: /home/amareb/autonomousDriving/install/turtlebot3_simulations/share/turtlebot3_simulations/local_setup.bash
[1.887s] -- Installing: /home/amareb/autonomousDriving/install/turtlebot3_simulations/share/turtlebot3_simulations/local_setup.sh
[1.887s] -- Installing: /home/amareb/autonomousDriving/install/turtlebot3_simulations/share/turtlebot3_simulations/local_setup.zsh
[1.887s] -- Installing: /home/amareb/autonomousDriving/install/turtlebot3_simulations/share/turtlebot3_simulations/local_setup.dsv
[1.887s] -- Installing: /home/amareb/autonomousDriving/install/turtlebot3_simulations/share/turtlebot3_simulations/package.dsv
[1.887s] -- Installing: /home/amareb/autonomousDriving/install/turtlebot3_simulations/share/ament_index/resource_index/packages/turtlebot3_simulations
[1.887s] -- Installing: /home/amareb/autonomousDriving/install/turtlebot3_simulations/share/turtlebot3_simulations/cmake/turtlebot3_simulationsConfig.cmake
[1.887s] -- Installing: /home/amareb/autonomousDriving/install/turtlebot3_simulations/share/turtlebot3_simulations/cmake/turtlebot3_simulationsConfig-version.cmake
[1.888s] -- Installing: /home/amareb/autonomousDriving/install/turtlebot3_simulations/share/turtlebot3_simulations/package.xml
[1.890s] Invoked command in '/home/amareb/autonomousDriving/build/turtlebot3_simulations' returned '0': AMENT_PREFIX_PATH=/home/amareb/autonomousDriving/install/turtlebot3_fake_node:/home/amareb/autonomousDriving/install/turtlebot3_msgs:/home/amareb/autonomousDriving/install/turtlebot3_gazebo:${AMENT_PREFIX_PATH} CMAKE_PREFIX_PATH=/home/amareb/autonomousDriving/install/turtlebot3_fake_node:/home/amareb/autonomousDriving/install/turtlebot3_msgs:/home/amareb/autonomousDriving/install/turtlebot3_gazebo:/home/amareb/autonomousDriving/install/turtlebot3_teleop:/opt/ros/humble LD_LIBRARY_PATH=/home/amareb/autonomousDriving/install/turtlebot3_msgs/lib:${LD_LIBRARY_PATH} PYTHONPATH=/home/amareb/autonomousDriving/install/turtlebot3_msgs/local/lib/python3.10/dist-packages:${PYTHONPATH} /usr/bin/cmake --install /home/amareb/autonomousDriving/build/turtlebot3_simulations
