[0.042s] Invoking command in '/home/amareb/autonomousDriving/build/dynamixel_sdk_custom_interfaces': /usr/bin/cmake /home/amareb/autonomousDriving/src/DynamixelSDK/dynamixel_sdk_custom_interfaces -DCMAKE_INSTALL_PREFIX=/home/amareb/autonomousDriving/install/dynamixel_sdk_custom_interfaces
[0.524s] -- The C compiler identification is GNU 11.4.0
[0.908s] -- The CXX compiler identification is GNU 11.4.0
[1.010s] -- Detecting C compiler ABI info
[1.193s] -- Detecting C compiler ABI info - done
[1.219s] -- Check for working C compiler: /usr/bin/cc - skipped
[1.222s] -- Detecting C compile features
[1.223s] -- Detecting C compile features - done
[1.235s] -- Detecting CXX compiler ABI info
[1.412s] -- Detecting CXX compiler ABI info - done
[1.433s] -- Check for working CXX compiler: /usr/bin/c++ - skipped
[1.434s] -- Detecting CXX compile features
[1.436s] -- Detecting CXX compile features - done
[1.931s] [31mCMake Error at CMakeLists.txt:14 (find_package):
[1.931s]   By not providing "Findament_cmake.cmake" in CMAKE_MODULE_PATH this project
[1.932s]   has asked CMake to find a package configuration file provided by
[1.932s]   "ament_cmake", but CMake did not find one.
[1.932s] 
[1.932s]   Could not find a package configuration file provided by "ament_cmake" with
[1.933s]   any of the following names:
[1.933s] 
[1.933s]     ament_cmakeConfig.cmake
[1.933s]     ament_cmake-config.cmake
[1.934s] 
[1.937s]   Add the installation prefix of "ament_cmake" to CMAKE_PREFIX_PATH or set
[1.937s]   "ament_cmake_DIR" to a directory containing one of the above files.  If
[1.938s]   "ament_cmake" provides a separate development package or SDK, be sure it
[1.938s]   has been installed.
[1.939s] 
[1.940s] [0m
[1.961s] -- Configuring incomplete, errors occurred!
[1.961s] See also "/home/amareb/autonomousDriving/build/dynamixel_sdk_custom_interfaces/CMakeFiles/CMakeOutput.log".
[1.975s] Invoked command in '/home/amareb/autonomousDriving/build/dynamixel_sdk_custom_interfaces' returned '1': /usr/bin/cmake /home/amareb/autonomousDriving/src/DynamixelSDK/dynamixel_sdk_custom_interfaces -DCMAKE_INSTALL_PREFIX=/home/amareb/autonomousDriving/install/dynamixel_sdk_custom_interfaces
