[0.053s] Invoking command in '/home/amareb/autonomousDriving/build/turtlebot3_msgs': CMAKE_PREFIX_PATH=/home/amareb/autonomousDriving/install/turtlebot3_teleop:/opt/ros/humble /usr/bin/cmake /home/amareb/autonomousDriving/src/turtlebot3_msgs -DCMAKE_INSTALL_PREFIX=/home/amareb/autonomousDriving/install/turtlebot3_msgs
[0.632s] -- Found action_msgs: 1.2.1 (/opt/ros/humble/share/action_msgs/cmake)
[0.644s] -- Found Python3: /usr/bin/python3 (found version "3.10.12") found components: Interpreter 
[0.827s] -- Found rosidl_generator_c: 3.1.5 (/opt/ros/humble/share/rosidl_generator_c/cmake)
[0.828s] -- Found rosidl_adapter: 3.1.5 (/opt/ros/humble/share/rosidl_adapter/cmake)
[0.860s] -- Found rosidl_generator_cpp: 3.1.5 (/opt/ros/humble/share/rosidl_generator_cpp/cmake)
[0.926s] -- Using all available rosidl_typesupport_c: rosidl_typesupport_fastrtps_c;rosidl_typesupport_introspection_c
[1.072s] -- Using all available rosidl_typesupport_cpp: rosidl_typesupport_fastrtps_cpp;rosidl_typesupport_introspection_cpp
[1.427s] -- Found rosidl_default_generators: 1.2.0 (/opt/ros/humble/share/rosidl_default_generators/cmake)
[1.465s] -- Found std_msgs: 4.2.4 (/opt/ros/humble/share/std_msgs/cmake)
[2.514s] -- Found ament_cmake_cppcheck: 0.12.11 (/opt/ros/humble/share/ament_cmake_cppcheck/cmake)
[2.517s] -- Found ament_cmake_cpplint: 0.12.11 (/opt/ros/humble/share/ament_cmake_cpplint/cmake)
[2.521s] -- Found ament_cmake_uncrustify: 0.12.11 (/opt/ros/humble/share/ament_cmake_uncrustify/cmake)
[2.527s] -- Found ament_cmake_ros: 0.10.0 (/opt/ros/humble/share/ament_cmake_ros/cmake)
[3.291s] -- Using all available rosidl_typesupport_c: rosidl_typesupport_fastrtps_c;rosidl_typesupport_introspection_c
[3.523s] -- Using all available rosidl_typesupport_cpp: rosidl_typesupport_fastrtps_cpp;rosidl_typesupport_introspection_cpp
[3.590s] -- Found PythonInterp: /usr/bin/python3 (found suitable version "3.10.12", minimum required is "3.6") 
[3.592s] -- Found python_cmake_module: 0.10.0 (/opt/ros/humble/share/python_cmake_module/cmake)
[3.767s] -- Found PythonLibs: /usr/lib/x86_64-linux-gnu/libpython3.10.so (found suitable version "3.10.12", minimum required is "3.5") 
[3.767s] -- Using PYTHON_EXECUTABLE: /usr/bin/python3
[3.767s] -- Using PYTHON_INCLUDE_DIRS: /usr/include/python3.10
[3.767s] -- Using PYTHON_LIBRARIES: /usr/lib/x86_64-linux-gnu/libpython3.10.so
[3.808s] -- Found PythonExtra: .so  
[3.925s] -- Found ament_cmake_flake8: 0.12.11 (/opt/ros/humble/share/ament_cmake_flake8/cmake)
[3.933s] -- Found ament_cmake_pep257: 0.12.11 (/opt/ros/humble/share/ament_cmake_pep257/cmake)
[3.947s] -- Configuring done
[4.054s] -- Generating done
[4.063s] -- Build files have been written to: /home/amareb/autonomousDriving/build/turtlebot3_msgs
[4.079s] Invoked command in '/home/amareb/autonomousDriving/build/turtlebot3_msgs' returned '0': CMAKE_PREFIX_PATH=/home/amareb/autonomousDriving/install/turtlebot3_teleop:/opt/ros/humble /usr/bin/cmake /home/amareb/autonomousDriving/src/turtlebot3_msgs -DCMAKE_INSTALL_PREFIX=/home/amareb/autonomousDriving/install/turtlebot3_msgs
[4.085s] Invoking command in '/home/amareb/autonomousDriving/build/turtlebot3_msgs': CMAKE_PREFIX_PATH=/home/amareb/autonomousDriving/install/turtlebot3_teleop:/opt/ros/humble /usr/bin/cmake --build /home/amareb/autonomousDriving/build/turtlebot3_msgs -- -j16 -l16
[4.138s] [  1%] [34m[1mGenerating C code for ROS interfaces[0m
[4.154s] [  2%] [34m[1mGenerating C++ code for ROS interfaces[0m
[4.163s] [  2%] Built target ament_cmake_python_copy_turtlebot3_msgs
[4.795s] running egg_info
[4.797s] creating turtlebot3_msgs.egg-info
[4.797s] writing turtlebot3_msgs.egg-info/PKG-INFO
[4.798s] writing dependency_links to turtlebot3_msgs.egg-info/dependency_links.txt
[4.799s] writing top-level names to turtlebot3_msgs.egg-info/top_level.txt
[4.799s] writing manifest file 'turtlebot3_msgs.egg-info/SOURCES.txt'
[4.806s] reading manifest file 'turtlebot3_msgs.egg-info/SOURCES.txt'
[4.807s] writing manifest file 'turtlebot3_msgs.egg-info/SOURCES.txt'
[4.870s] [  2%] Built target ament_cmake_python_build_turtlebot3_msgs_egg
[6.839s] [  2%] Built target turtlebot3_msgs__cpp
[6.849s] [  4%] [32mBuilding C object CMakeFiles/turtlebot3_msgs__rosidl_generator_c.dir/rosidl_generator_c/turtlebot3_msgs/msg/detail/sensor_state__functions.c.o[0m
[6.850s] [  5%] [32mBuilding C object CMakeFiles/turtlebot3_msgs__rosidl_generator_c.dir/rosidl_generator_c/turtlebot3_msgs/srv/detail/sound__functions.c.o[0m
[6.850s] [  7%] [32mBuilding C object CMakeFiles/turtlebot3_msgs__rosidl_generator_c.dir/rosidl_generator_c/turtlebot3_msgs/action/detail/patrol__functions.c.o[0m
[6.851s] [  8%] [32mBuilding C object CMakeFiles/turtlebot3_msgs__rosidl_generator_c.dir/rosidl_generator_c/turtlebot3_msgs/srv/detail/dqn__functions.c.o[0m
[6.851s] [  9%] [32mBuilding C object CMakeFiles/turtlebot3_msgs__rosidl_generator_c.dir/rosidl_generator_c/turtlebot3_msgs/msg/detail/sound__functions.c.o[0m
[6.852s] [ 11%] [32mBuilding C object CMakeFiles/turtlebot3_msgs__rosidl_generator_c.dir/rosidl_generator_c/turtlebot3_msgs/msg/detail/version_info__functions.c.o[0m
[6.858s] [ 14%] [34m[1mGenerating C++ type support dispatch for ROS interfaces[0m
[6.858s] [ 14%] [34m[1mGenerating C++ type support for eProsima Fast-RTPS[0m
[6.860s] [ 15%] [34m[1mGenerating C++ introspection for ROS interfaces[0m
[7.139s] [ 16%] [32m[1mLinking C shared library libturtlebot3_msgs__rosidl_generator_c.so[0m
[7.231s] [ 16%] Built target turtlebot3_msgs__rosidl_generator_c
[7.247s] [ 18%] [34m[1mGenerating C type support dispatch for ROS interfaces[0m
[7.250s] [ 19%] [34m[1mGenerating C type support for eProsima Fast-RTPS[0m
[7.251s] [ 21%] [34m[1mGenerating C introspection for ROS interfaces[0m
[8.341s] [ 23%] [32mBuilding CXX object CMakeFiles/turtlebot3_msgs__rosidl_typesupport_cpp.dir/rosidl_typesupport_cpp/turtlebot3_msgs/msg/sensor_state__type_support.cpp.o[0m
[8.343s] [ 23%] [32mBuilding CXX object CMakeFiles/turtlebot3_msgs__rosidl_typesupport_cpp.dir/rosidl_typesupport_cpp/turtlebot3_msgs/msg/version_info__type_support.cpp.o[0m
[8.343s] [ 25%] [32mBuilding CXX object CMakeFiles/turtlebot3_msgs__rosidl_typesupport_cpp.dir/rosidl_typesupport_cpp/turtlebot3_msgs/srv/dqn__type_support.cpp.o[0m
[8.343s] [ 26%] [32mBuilding CXX object CMakeFiles/turtlebot3_msgs__rosidl_typesupport_cpp.dir/rosidl_typesupport_cpp/turtlebot3_msgs/srv/sound__type_support.cpp.o[0m
[8.348s] [ 28%] [32mBuilding CXX object CMakeFiles/turtlebot3_msgs__rosidl_typesupport_cpp.dir/rosidl_typesupport_cpp/turtlebot3_msgs/msg/sound__type_support.cpp.o[0m
[8.353s] [ 29%] [32mBuilding CXX object CMakeFiles/turtlebot3_msgs__rosidl_typesupport_cpp.dir/rosidl_typesupport_cpp/turtlebot3_msgs/action/patrol__type_support.cpp.o[0m
[8.788s] [ 30%] [32mBuilding CXX object CMakeFiles/turtlebot3_msgs__rosidl_typesupport_introspection_cpp.dir/rosidl_typesupport_introspection_cpp/turtlebot3_msgs/srv/detail/sound__type_support.cpp.o[0m
[8.789s] [ 33%] [32mBuilding CXX object CMakeFiles/turtlebot3_msgs__rosidl_typesupport_introspection_cpp.dir/rosidl_typesupport_introspection_cpp/turtlebot3_msgs/msg/detail/version_info__type_support.cpp.o[0m
[8.789s] [ 33%] [32mBuilding CXX object CMakeFiles/turtlebot3_msgs__rosidl_typesupport_introspection_cpp.dir/rosidl_typesupport_introspection_cpp/turtlebot3_msgs/srv/detail/dqn__type_support.cpp.o[0m
[8.791s] [ 35%] [32mBuilding CXX object CMakeFiles/turtlebot3_msgs__rosidl_typesupport_introspection_cpp.dir/rosidl_typesupport_introspection_cpp/turtlebot3_msgs/msg/detail/sound__type_support.cpp.o[0m
[8.791s] [ 36%] [32mBuilding CXX object CMakeFiles/turtlebot3_msgs__rosidl_typesupport_introspection_cpp.dir/rosidl_typesupport_introspection_cpp/turtlebot3_msgs/msg/detail/sensor_state__type_support.cpp.o[0m
[8.809s] [ 38%] [32mBuilding CXX object CMakeFiles/turtlebot3_msgs__rosidl_typesupport_introspection_cpp.dir/rosidl_typesupport_introspection_cpp/turtlebot3_msgs/action/detail/patrol__type_support.cpp.o[0m
[9.148s] [ 39%] [32mBuilding CXX object CMakeFiles/turtlebot3_msgs__rosidl_typesupport_c.dir/rosidl_typesupport_c/turtlebot3_msgs/msg/sensor_state__type_support.cpp.o[0m
[9.274s] [ 40%] [32mBuilding CXX object CMakeFiles/turtlebot3_msgs__rosidl_typesupport_c.dir/rosidl_typesupport_c/turtlebot3_msgs/msg/sound__type_support.cpp.o[0m
[9.406s] [ 42%] [32mBuilding CXX object CMakeFiles/turtlebot3_msgs__rosidl_typesupport_c.dir/rosidl_typesupport_c/turtlebot3_msgs/msg/version_info__type_support.cpp.o[0m
[9.474s] [ 43%] [32mBuilding CXX object CMakeFiles/turtlebot3_msgs__rosidl_typesupport_fastrtps_cpp.dir/rosidl_typesupport_fastrtps_cpp/turtlebot3_msgs/msg/detail/dds_fastrtps/sensor_state__type_support.cpp.o[0m
[9.515s] [ 45%] [32mBuilding CXX object CMakeFiles/turtlebot3_msgs__rosidl_typesupport_c.dir/rosidl_typesupport_c/turtlebot3_msgs/srv/sound__type_support.cpp.o[0m
[9.530s] [ 46%] [32mBuilding CXX object CMakeFiles/turtlebot3_msgs__rosidl_typesupport_c.dir/rosidl_typesupport_c/turtlebot3_msgs/srv/dqn__type_support.cpp.o[0m
[9.568s] [ 47%] [32mBuilding CXX object CMakeFiles/turtlebot3_msgs__rosidl_typesupport_fastrtps_cpp.dir/rosidl_typesupport_fastrtps_cpp/turtlebot3_msgs/msg/detail/dds_fastrtps/sound__type_support.cpp.o[0m
[9.591s] [ 49%] [32mBuilding CXX object CMakeFiles/turtlebot3_msgs__rosidl_typesupport_c.dir/rosidl_typesupport_c/turtlebot3_msgs/action/patrol__type_support.cpp.o[0m
[9.613s] [ 50%] [32mBuilding CXX object CMakeFiles/turtlebot3_msgs__rosidl_typesupport_fastrtps_cpp.dir/rosidl_typesupport_fastrtps_cpp/turtlebot3_msgs/msg/detail/dds_fastrtps/version_info__type_support.cpp.o[0m
[9.621s] [ 52%] [32mBuilding CXX object CMakeFiles/turtlebot3_msgs__rosidl_typesupport_fastrtps_cpp.dir/rosidl_typesupport_fastrtps_cpp/turtlebot3_msgs/srv/detail/dds_fastrtps/sound__type_support.cpp.o[0m
[9.655s] [ 53%] [32mBuilding CXX object CMakeFiles/turtlebot3_msgs__rosidl_typesupport_fastrtps_cpp.dir/rosidl_typesupport_fastrtps_cpp/turtlebot3_msgs/srv/detail/dds_fastrtps/dqn__type_support.cpp.o[0m
[9.739s] [ 54%] [32mBuilding CXX object CMakeFiles/turtlebot3_msgs__rosidl_typesupport_fastrtps_cpp.dir/rosidl_typesupport_fastrtps_cpp/turtlebot3_msgs/action/detail/dds_fastrtps/patrol__type_support.cpp.o[0m
[9.850s] [ 56%] [32m[1mLinking CXX shared library libturtlebot3_msgs__rosidl_typesupport_c.so[0m
[10.200s] [ 56%] Built target turtlebot3_msgs__rosidl_typesupport_c
[10.269s] [ 57%] [32m[1mLinking CXX shared library libturtlebot3_msgs__rosidl_typesupport_cpp.so[0m
[10.343s] [ 59%] [32mBuilding CXX object CMakeFiles/turtlebot3_msgs__rosidl_typesupport_fastrtps_c.dir/rosidl_typesupport_fastrtps_c/turtlebot3_msgs/msg/detail/sensor_state__type_support_c.cpp.o[0m
[10.354s] [ 60%] [32mBuilding CXX object CMakeFiles/turtlebot3_msgs__rosidl_typesupport_fastrtps_c.dir/rosidl_typesupport_fastrtps_c/turtlebot3_msgs/msg/detail/sound__type_support_c.cpp.o[0m
[10.417s] [ 61%] [32mBuilding C object CMakeFiles/turtlebot3_msgs__rosidl_typesupport_introspection_c.dir/rosidl_typesupport_introspection_c/turtlebot3_msgs/msg/detail/sensor_state__type_support.c.o[0m
[10.585s] [ 63%] [32mBuilding C object CMakeFiles/turtlebot3_msgs__rosidl_typesupport_introspection_c.dir/rosidl_typesupport_introspection_c/turtlebot3_msgs/msg/detail/sound__type_support.c.o[0m
[10.597s] [ 63%] Built target turtlebot3_msgs__rosidl_typesupport_cpp
[10.651s] [ 64%] [32mBuilding C object CMakeFiles/turtlebot3_msgs__rosidl_typesupport_introspection_c.dir/rosidl_typesupport_introspection_c/turtlebot3_msgs/msg/detail/version_info__type_support.c.o[0m
[10.788s] [ 66%] [32mBuilding C object CMakeFiles/turtlebot3_msgs__rosidl_typesupport_introspection_c.dir/rosidl_typesupport_introspection_c/turtlebot3_msgs/srv/detail/sound__type_support.c.o[0m
[10.821s] [ 67%] [32mBuilding C object CMakeFiles/turtlebot3_msgs__rosidl_typesupport_introspection_c.dir/rosidl_typesupport_introspection_c/turtlebot3_msgs/srv/detail/dqn__type_support.c.o[0m
[11.004s] [ 69%] [32mBuilding C object CMakeFiles/turtlebot3_msgs__rosidl_typesupport_introspection_c.dir/rosidl_typesupport_introspection_c/turtlebot3_msgs/action/detail/patrol__type_support.c.o[0m
[11.028s] [ 70%] [32mBuilding CXX object CMakeFiles/turtlebot3_msgs__rosidl_typesupport_fastrtps_c.dir/rosidl_typesupport_fastrtps_c/turtlebot3_msgs/msg/detail/version_info__type_support_c.cpp.o[0m
[11.046s] [ 71%] [32mBuilding CXX object CMakeFiles/turtlebot3_msgs__rosidl_typesupport_fastrtps_c.dir/rosidl_typesupport_fastrtps_c/turtlebot3_msgs/srv/detail/dqn__type_support_c.cpp.o[0m
[11.075s] [ 73%] [32mBuilding CXX object CMakeFiles/turtlebot3_msgs__rosidl_typesupport_fastrtps_c.dir/rosidl_typesupport_fastrtps_c/turtlebot3_msgs/srv/detail/sound__type_support_c.cpp.o[0m
[11.186s] [ 74%] [32mBuilding CXX object CMakeFiles/turtlebot3_msgs__rosidl_typesupport_fastrtps_c.dir/rosidl_typesupport_fastrtps_c/turtlebot3_msgs/action/detail/patrol__type_support_c.cpp.o[0m
[11.242s] [ 76%] [32m[1mLinking C shared library libturtlebot3_msgs__rosidl_typesupport_introspection_c.so[0m
[11.438s] [ 76%] Built target turtlebot3_msgs__rosidl_typesupport_introspection_c
[11.455s] [ 77%] [32m[1mLinking CXX shared library libturtlebot3_msgs__rosidl_typesupport_introspection_cpp.so[0m
[11.753s] [ 77%] Built target turtlebot3_msgs__rosidl_typesupport_introspection_cpp
[12.211s] [ 78%] [32m[1mLinking CXX shared library libturtlebot3_msgs__rosidl_typesupport_fastrtps_cpp.so[0m
[12.286s] [ 80%] [32m[1mLinking CXX shared library libturtlebot3_msgs__rosidl_typesupport_fastrtps_c.so[0m
[12.362s] [ 80%] Built target turtlebot3_msgs__rosidl_typesupport_fastrtps_cpp
[12.419s] [ 80%] Built target turtlebot3_msgs__rosidl_typesupport_fastrtps_c
[12.443s] [ 80%] Built target turtlebot3_msgs
[12.467s] [ 81%] [34m[1mGenerating Python code for ROS interfaces[0m
[14.580s] [ 81%] Built target turtlebot3_msgs__py
[14.600s] [ 83%] [32mBuilding C object CMakeFiles/turtlebot3_msgs__rosidl_generator_py.dir/rosidl_generator_py/turtlebot3_msgs/msg/_sensor_state_s.c.o[0m
[14.600s] [ 84%] [32mBuilding C object CMakeFiles/turtlebot3_msgs__rosidl_generator_py.dir/rosidl_generator_py/turtlebot3_msgs/msg/_sound_s.c.o[0m
[14.602s] [ 85%] [32mBuilding C object CMakeFiles/turtlebot3_msgs__rosidl_generator_py.dir/rosidl_generator_py/turtlebot3_msgs/srv/_dqn_s.c.o[0m
[14.602s] [ 87%] [32mBuilding C object CMakeFiles/turtlebot3_msgs__rosidl_generator_py.dir/rosidl_generator_py/turtlebot3_msgs/action/_patrol_s.c.o[0m
[14.605s] [ 88%] [32mBuilding C object CMakeFiles/turtlebot3_msgs__rosidl_generator_py.dir/rosidl_generator_py/turtlebot3_msgs/msg/_version_info_s.c.o[0m
[14.610s] [ 90%] [32mBuilding C object CMakeFiles/turtlebot3_msgs__rosidl_generator_py.dir/rosidl_generator_py/turtlebot3_msgs/srv/_sound_s.c.o[0m
[14.874s] [ 91%] [32m[1mLinking C shared library rosidl_generator_py/turtlebot3_msgs/libturtlebot3_msgs__rosidl_generator_py.so[0m
[14.955s] [ 91%] Built target turtlebot3_msgs__rosidl_generator_py
[14.980s] [ 92%] [32mBuilding C object CMakeFiles/turtlebot3_msgs__rosidl_typesupport_fastrtps_c__pyext.dir/rosidl_generator_py/turtlebot3_msgs/_turtlebot3_msgs_s.ep.rosidl_typesupport_fastrtps_c.c.o[0m
[14.982s] [ 94%] [32mBuilding C object CMakeFiles/turtlebot3_msgs__rosidl_typesupport_c__pyext.dir/rosidl_generator_py/turtlebot3_msgs/_turtlebot3_msgs_s.ep.rosidl_typesupport_c.c.o[0m
[14.985s] [ 95%] [32mBuilding C object CMakeFiles/turtlebot3_msgs__rosidl_typesupport_introspection_c__pyext.dir/rosidl_generator_py/turtlebot3_msgs/_turtlebot3_msgs_s.ep.rosidl_typesupport_introspection_c.c.o[0m
[15.191s] [ 97%] [32m[1mLinking C shared library rosidl_generator_py/turtlebot3_msgs/turtlebot3_msgs_s__rosidl_typesupport_introspection_c.cpython-310-x86_64-linux-gnu.so[0m
[15.196s] [ 98%] [32m[1mLinking C shared library rosidl_generator_py/turtlebot3_msgs/turtlebot3_msgs_s__rosidl_typesupport_fastrtps_c.cpython-310-x86_64-linux-gnu.so[0m
[15.207s] [100%] [32m[1mLinking C shared library rosidl_generator_py/turtlebot3_msgs/turtlebot3_msgs_s__rosidl_typesupport_c.cpython-310-x86_64-linux-gnu.so[0m
[15.278s] [100%] Built target turtlebot3_msgs__rosidl_typesupport_introspection_c__pyext
[15.292s] [100%] Built target turtlebot3_msgs__rosidl_typesupport_fastrtps_c__pyext
[15.308s] [100%] Built target turtlebot3_msgs__rosidl_typesupport_c__pyext
[15.325s] Invoked command in '/home/amareb/autonomousDriving/build/turtlebot3_msgs' returned '0': CMAKE_PREFIX_PATH=/home/amareb/autonomousDriving/install/turtlebot3_teleop:/opt/ros/humble /usr/bin/cmake --build /home/amareb/autonomousDriving/build/turtlebot3_msgs -- -j16 -l16
[15.503s] Invoking command in '/home/amareb/autonomousDriving/build/turtlebot3_msgs': CMAKE_PREFIX_PATH=/home/amareb/autonomousDriving/install/turtlebot3_teleop:/opt/ros/humble /usr/bin/cmake --install /home/amareb/autonomousDriving/build/turtlebot3_msgs
[15.510s] -- Install configuration: ""
[15.511s] -- Installing: /home/amareb/autonomousDriving/install/turtlebot3_msgs/share/ament_index/resource_index/rosidl_interfaces/turtlebot3_msgs
[15.512s] -- Installing: /home/amareb/autonomousDriving/install/turtlebot3_msgs/include/turtlebot3_msgs/turtlebot3_msgs
[15.512s] -- Installing: /home/amareb/autonomousDriving/install/turtlebot3_msgs/include/turtlebot3_msgs/turtlebot3_msgs/srv
[15.513s] -- Installing: /home/amareb/autonomousDriving/install/turtlebot3_msgs/include/turtlebot3_msgs/turtlebot3_msgs/srv/sound.h
[15.514s] -- Installing: /home/amareb/autonomousDriving/install/turtlebot3_msgs/include/turtlebot3_msgs/turtlebot3_msgs/srv/dqn.h
[15.514s] -- Installing: /home/amareb/autonomousDriving/install/turtlebot3_msgs/include/turtlebot3_msgs/turtlebot3_msgs/srv/detail
[15.514s] -- Installing: /home/amareb/autonomousDriving/install/turtlebot3_msgs/include/turtlebot3_msgs/turtlebot3_msgs/srv/detail/sound__struct.h
[15.514s] -- Installing: /home/amareb/autonomousDriving/install/turtlebot3_msgs/include/turtlebot3_msgs/turtlebot3_msgs/srv/detail/dqn__functions.h
[15.515s] -- Installing: /home/amareb/autonomousDriving/install/turtlebot3_msgs/include/turtlebot3_msgs/turtlebot3_msgs/srv/detail/dqn__functions.c
[15.515s] -- Installing: /home/amareb/autonomousDriving/install/turtlebot3_msgs/include/turtlebot3_msgs/turtlebot3_msgs/srv/detail/sound__functions.h
[15.516s] -- Installing: /home/amareb/autonomousDriving/install/turtlebot3_msgs/include/turtlebot3_msgs/turtlebot3_msgs/srv/detail/sound__type_support.h
[15.516s] -- Installing: /home/amareb/autonomousDriving/install/turtlebot3_msgs/include/turtlebot3_msgs/turtlebot3_msgs/srv/detail/dqn__struct.h
[15.517s] -- Installing: /home/amareb/autonomousDriving/install/turtlebot3_msgs/include/turtlebot3_msgs/turtlebot3_msgs/srv/detail/sound__functions.c
[15.517s] -- Installing: /home/amareb/autonomousDriving/install/turtlebot3_msgs/include/turtlebot3_msgs/turtlebot3_msgs/srv/detail/dqn__type_support.h
[15.517s] -- Installing: /home/amareb/autonomousDriving/install/turtlebot3_msgs/include/turtlebot3_msgs/turtlebot3_msgs/msg
[15.517s] -- Installing: /home/amareb/autonomousDriving/install/turtlebot3_msgs/include/turtlebot3_msgs/turtlebot3_msgs/msg/sound.h
[15.517s] -- Installing: /home/amareb/autonomousDriving/install/turtlebot3_msgs/include/turtlebot3_msgs/turtlebot3_msgs/msg/sensor_state.h
[15.518s] -- Installing: /home/amareb/autonomousDriving/install/turtlebot3_msgs/include/turtlebot3_msgs/turtlebot3_msgs/msg/rosidl_generator_c__visibility_control.h
[15.518s] -- Installing: /home/amareb/autonomousDriving/install/turtlebot3_msgs/include/turtlebot3_msgs/turtlebot3_msgs/msg/detail
[15.518s] -- Installing: /home/amareb/autonomousDriving/install/turtlebot3_msgs/include/turtlebot3_msgs/turtlebot3_msgs/msg/detail/sound__struct.h
[15.519s] -- Installing: /home/amareb/autonomousDriving/install/turtlebot3_msgs/include/turtlebot3_msgs/turtlebot3_msgs/msg/detail/sensor_state__functions.h
[15.519s] -- Installing: /home/amareb/autonomousDriving/install/turtlebot3_msgs/include/turtlebot3_msgs/turtlebot3_msgs/msg/detail/sensor_state__type_support.h
[15.519s] -- Installing: /home/amareb/autonomousDriving/install/turtlebot3_msgs/include/turtlebot3_msgs/turtlebot3_msgs/msg/detail/sound__functions.h
[15.519s] -- Installing: /home/amareb/autonomousDriving/install/turtlebot3_msgs/include/turtlebot3_msgs/turtlebot3_msgs/msg/detail/version_info__functions.c
[15.519s] -- Installing: /home/amareb/autonomousDriving/install/turtlebot3_msgs/include/turtlebot3_msgs/turtlebot3_msgs/msg/detail/version_info__struct.h
[15.520s] -- Installing: /home/amareb/autonomousDriving/install/turtlebot3_msgs/include/turtlebot3_msgs/turtlebot3_msgs/msg/detail/sound__type_support.h
[15.521s] -- Installing: /home/amareb/autonomousDriving/install/turtlebot3_msgs/include/turtlebot3_msgs/turtlebot3_msgs/msg/detail/sensor_state__functions.c
[15.521s] -- Installing: /home/amareb/autonomousDriving/install/turtlebot3_msgs/include/turtlebot3_msgs/turtlebot3_msgs/msg/detail/version_info__type_support.h
[15.522s] -- Installing: /home/amareb/autonomousDriving/install/turtlebot3_msgs/include/turtlebot3_msgs/turtlebot3_msgs/msg/detail/version_info__functions.h
[15.522s] -- Installing: /home/amareb/autonomousDriving/install/turtlebot3_msgs/include/turtlebot3_msgs/turtlebot3_msgs/msg/detail/sensor_state__struct.h
[15.523s] -- Installing: /home/amareb/autonomousDriving/install/turtlebot3_msgs/include/turtlebot3_msgs/turtlebot3_msgs/msg/detail/sound__functions.c
[15.524s] -- Installing: /home/amareb/autonomousDriving/install/turtlebot3_msgs/include/turtlebot3_msgs/turtlebot3_msgs/msg/version_info.h
[15.525s] -- Installing: /home/amareb/autonomousDriving/install/turtlebot3_msgs/include/turtlebot3_msgs/turtlebot3_msgs/action
[15.526s] -- Installing: /home/amareb/autonomousDriving/install/turtlebot3_msgs/include/turtlebot3_msgs/turtlebot3_msgs/action/patrol.h
[15.526s] -- Installing: /home/amareb/autonomousDriving/install/turtlebot3_msgs/include/turtlebot3_msgs/turtlebot3_msgs/action/detail
[15.527s] -- Installing: /home/amareb/autonomousDriving/install/turtlebot3_msgs/include/turtlebot3_msgs/turtlebot3_msgs/action/detail/patrol__functions.c
[15.527s] -- Installing: /home/amareb/autonomousDriving/install/turtlebot3_msgs/include/turtlebot3_msgs/turtlebot3_msgs/action/detail/patrol__functions.h
[15.527s] -- Installing: /home/amareb/autonomousDriving/install/turtlebot3_msgs/include/turtlebot3_msgs/turtlebot3_msgs/action/detail/patrol__struct.h
[15.527s] -- Installing: /home/amareb/autonomousDriving/install/turtlebot3_msgs/include/turtlebot3_msgs/turtlebot3_msgs/action/detail/patrol__type_support.h
[15.528s] -- Installing: /home/amareb/autonomousDriving/install/turtlebot3_msgs/share/turtlebot3_msgs/environment/library_path.sh
[15.528s] -- Installing: /home/amareb/autonomousDriving/install/turtlebot3_msgs/share/turtlebot3_msgs/environment/library_path.dsv
[15.529s] -- Installing: /home/amareb/autonomousDriving/install/turtlebot3_msgs/lib/libturtlebot3_msgs__rosidl_generator_c.so
[15.529s] -- Set runtime path of "/home/amareb/autonomousDriving/install/turtlebot3_msgs/lib/libturtlebot3_msgs__rosidl_generator_c.so" to ""
[15.529s] -- Up-to-date: /home/amareb/autonomousDriving/install/turtlebot3_msgs/include/turtlebot3_msgs/turtlebot3_msgs
[15.530s] -- Up-to-date: /home/amareb/autonomousDriving/install/turtlebot3_msgs/include/turtlebot3_msgs/turtlebot3_msgs/srv
[15.530s] -- Up-to-date: /home/amareb/autonomousDriving/install/turtlebot3_msgs/include/turtlebot3_msgs/turtlebot3_msgs/srv/detail
[15.530s] -- Installing: /home/amareb/autonomousDriving/install/turtlebot3_msgs/include/turtlebot3_msgs/turtlebot3_msgs/srv/detail/dqn__rosidl_typesupport_fastrtps_c.h
[15.531s] -- Installing: /home/amareb/autonomousDriving/install/turtlebot3_msgs/include/turtlebot3_msgs/turtlebot3_msgs/srv/detail/sound__rosidl_typesupport_fastrtps_c.h
[15.532s] -- Up-to-date: /home/amareb/autonomousDriving/install/turtlebot3_msgs/include/turtlebot3_msgs/turtlebot3_msgs/msg
[15.533s] -- Installing: /home/amareb/autonomousDriving/install/turtlebot3_msgs/include/turtlebot3_msgs/turtlebot3_msgs/msg/rosidl_typesupport_fastrtps_c__visibility_control.h
[15.533s] -- Up-to-date: /home/amareb/autonomousDriving/install/turtlebot3_msgs/include/turtlebot3_msgs/turtlebot3_msgs/msg/detail
[15.533s] -- Installing: /home/amareb/autonomousDriving/install/turtlebot3_msgs/include/turtlebot3_msgs/turtlebot3_msgs/msg/detail/sound__rosidl_typesupport_fastrtps_c.h
[15.534s] -- Installing: /home/amareb/autonomousDriving/install/turtlebot3_msgs/include/turtlebot3_msgs/turtlebot3_msgs/msg/detail/sensor_state__rosidl_typesupport_fastrtps_c.h
[15.534s] -- Installing: /home/amareb/autonomousDriving/install/turtlebot3_msgs/include/turtlebot3_msgs/turtlebot3_msgs/msg/detail/version_info__rosidl_typesupport_fastrtps_c.h
[15.534s] -- Up-to-date: /home/amareb/autonomousDriving/install/turtlebot3_msgs/include/turtlebot3_msgs/turtlebot3_msgs/action
[15.535s] -- Up-to-date: /home/amareb/autonomousDriving/install/turtlebot3_msgs/include/turtlebot3_msgs/turtlebot3_msgs/action/detail
[15.535s] -- Installing: /home/amareb/autonomousDriving/install/turtlebot3_msgs/include/turtlebot3_msgs/turtlebot3_msgs/action/detail/patrol__rosidl_typesupport_fastrtps_c.h
[15.536s] -- Installing: /home/amareb/autonomousDriving/install/turtlebot3_msgs/lib/libturtlebot3_msgs__rosidl_typesupport_fastrtps_c.so
[15.536s] -- Set runtime path of "/home/amareb/autonomousDriving/install/turtlebot3_msgs/lib/libturtlebot3_msgs__rosidl_typesupport_fastrtps_c.so" to ""
[15.536s] -- Up-to-date: /home/amareb/autonomousDriving/install/turtlebot3_msgs/include/turtlebot3_msgs/turtlebot3_msgs
[15.536s] -- Up-to-date: /home/amareb/autonomousDriving/install/turtlebot3_msgs/include/turtlebot3_msgs/turtlebot3_msgs/srv
[15.536s] -- Installing: /home/amareb/autonomousDriving/install/turtlebot3_msgs/include/turtlebot3_msgs/turtlebot3_msgs/srv/dqn.hpp
[15.537s] -- Installing: /home/amareb/autonomousDriving/install/turtlebot3_msgs/include/turtlebot3_msgs/turtlebot3_msgs/srv/sound.hpp
[15.537s] -- Up-to-date: /home/amareb/autonomousDriving/install/turtlebot3_msgs/include/turtlebot3_msgs/turtlebot3_msgs/srv/detail
[15.537s] -- Installing: /home/amareb/autonomousDriving/install/turtlebot3_msgs/include/turtlebot3_msgs/turtlebot3_msgs/srv/detail/dqn__builder.hpp
[15.537s] -- Installing: /home/amareb/autonomousDriving/install/turtlebot3_msgs/include/turtlebot3_msgs/turtlebot3_msgs/srv/detail/dqn__struct.hpp
[15.537s] -- Installing: /home/amareb/autonomousDriving/install/turtlebot3_msgs/include/turtlebot3_msgs/turtlebot3_msgs/srv/detail/sound__builder.hpp
[15.538s] -- Installing: /home/amareb/autonomousDriving/install/turtlebot3_msgs/include/turtlebot3_msgs/turtlebot3_msgs/srv/detail/sound__struct.hpp
[15.538s] -- Installing: /home/amareb/autonomousDriving/install/turtlebot3_msgs/include/turtlebot3_msgs/turtlebot3_msgs/srv/detail/sound__traits.hpp
[15.538s] -- Installing: /home/amareb/autonomousDriving/install/turtlebot3_msgs/include/turtlebot3_msgs/turtlebot3_msgs/srv/detail/dqn__traits.hpp
[15.538s] -- Up-to-date: /home/amareb/autonomousDriving/install/turtlebot3_msgs/include/turtlebot3_msgs/turtlebot3_msgs/msg
[15.539s] -- Installing: /home/amareb/autonomousDriving/install/turtlebot3_msgs/include/turtlebot3_msgs/turtlebot3_msgs/msg/sensor_state.hpp
[15.539s] -- Installing: /home/amareb/autonomousDriving/install/turtlebot3_msgs/include/turtlebot3_msgs/turtlebot3_msgs/msg/version_info.hpp
[15.539s] -- Installing: /home/amareb/autonomousDriving/install/turtlebot3_msgs/include/turtlebot3_msgs/turtlebot3_msgs/msg/sound.hpp
[15.540s] -- Up-to-date: /home/amareb/autonomousDriving/install/turtlebot3_msgs/include/turtlebot3_msgs/turtlebot3_msgs/msg/detail
[15.540s] -- Installing: /home/amareb/autonomousDriving/install/turtlebot3_msgs/include/turtlebot3_msgs/turtlebot3_msgs/msg/detail/sensor_state__traits.hpp
[15.540s] -- Installing: /home/amareb/autonomousDriving/install/turtlebot3_msgs/include/turtlebot3_msgs/turtlebot3_msgs/msg/detail/sensor_state__struct.hpp
[15.540s] -- Installing: /home/amareb/autonomousDriving/install/turtlebot3_msgs/include/turtlebot3_msgs/turtlebot3_msgs/msg/detail/sound__builder.hpp
[15.540s] -- Installing: /home/amareb/autonomousDriving/install/turtlebot3_msgs/include/turtlebot3_msgs/turtlebot3_msgs/msg/detail/sound__struct.hpp
[15.541s] -- Installing: /home/amareb/autonomousDriving/install/turtlebot3_msgs/include/turtlebot3_msgs/turtlebot3_msgs/msg/detail/version_info__builder.hpp
[15.541s] -- Installing: /home/amareb/autonomousDriving/install/turtlebot3_msgs/include/turtlebot3_msgs/turtlebot3_msgs/msg/detail/version_info__traits.hpp
[15.541s] -- Installing: /home/amareb/autonomousDriving/install/turtlebot3_msgs/include/turtlebot3_msgs/turtlebot3_msgs/msg/detail/version_info__struct.hpp
[15.541s] -- Installing: /home/amareb/autonomousDriving/install/turtlebot3_msgs/include/turtlebot3_msgs/turtlebot3_msgs/msg/detail/sound__traits.hpp
[15.541s] -- Installing: /home/amareb/autonomousDriving/install/turtlebot3_msgs/include/turtlebot3_msgs/turtlebot3_msgs/msg/detail/sensor_state__builder.hpp
[15.541s] -- Up-to-date: /home/amareb/autonomousDriving/install/turtlebot3_msgs/include/turtlebot3_msgs/turtlebot3_msgs/action
[15.541s] -- Installing: /home/amareb/autonomousDriving/install/turtlebot3_msgs/include/turtlebot3_msgs/turtlebot3_msgs/action/patrol.hpp
[15.541s] -- Up-to-date: /home/amareb/autonomousDriving/install/turtlebot3_msgs/include/turtlebot3_msgs/turtlebot3_msgs/action/detail
[15.541s] -- Installing: /home/amareb/autonomousDriving/install/turtlebot3_msgs/include/turtlebot3_msgs/turtlebot3_msgs/action/detail/patrol__struct.hpp
[15.542s] -- Installing: /home/amareb/autonomousDriving/install/turtlebot3_msgs/include/turtlebot3_msgs/turtlebot3_msgs/action/detail/patrol__traits.hpp
[15.542s] -- Installing: /home/amareb/autonomousDriving/install/turtlebot3_msgs/include/turtlebot3_msgs/turtlebot3_msgs/action/detail/patrol__builder.hpp
[15.542s] -- Up-to-date: /home/amareb/autonomousDriving/install/turtlebot3_msgs/include/turtlebot3_msgs/turtlebot3_msgs
[15.542s] -- Up-to-date: /home/amareb/autonomousDriving/install/turtlebot3_msgs/include/turtlebot3_msgs/turtlebot3_msgs/srv
[15.542s] -- Up-to-date: /home/amareb/autonomousDriving/install/turtlebot3_msgs/include/turtlebot3_msgs/turtlebot3_msgs/srv/detail
[15.542s] -- Installing: /home/amareb/autonomousDriving/install/turtlebot3_msgs/include/turtlebot3_msgs/turtlebot3_msgs/srv/detail/sound__rosidl_typesupport_fastrtps_cpp.hpp
[15.542s] -- Installing: /home/amareb/autonomousDriving/install/turtlebot3_msgs/include/turtlebot3_msgs/turtlebot3_msgs/srv/detail/dqn__rosidl_typesupport_fastrtps_cpp.hpp
[15.543s] -- Installing: /home/amareb/autonomousDriving/install/turtlebot3_msgs/include/turtlebot3_msgs/turtlebot3_msgs/srv/detail/dds_fastrtps
[15.543s] -- Up-to-date: /home/amareb/autonomousDriving/install/turtlebot3_msgs/include/turtlebot3_msgs/turtlebot3_msgs/msg
[15.543s] -- Installing: /home/amareb/autonomousDriving/install/turtlebot3_msgs/include/turtlebot3_msgs/turtlebot3_msgs/msg/rosidl_typesupport_fastrtps_cpp__visibility_control.h
[15.544s] -- Up-to-date: /home/amareb/autonomousDriving/install/turtlebot3_msgs/include/turtlebot3_msgs/turtlebot3_msgs/msg/detail
[15.544s] -- Installing: /home/amareb/autonomousDriving/install/turtlebot3_msgs/include/turtlebot3_msgs/turtlebot3_msgs/msg/detail/sound__rosidl_typesupport_fastrtps_cpp.hpp
[15.544s] -- Installing: /home/amareb/autonomousDriving/install/turtlebot3_msgs/include/turtlebot3_msgs/turtlebot3_msgs/msg/detail/sensor_state__rosidl_typesupport_fastrtps_cpp.hpp
[15.544s] -- Installing: /home/amareb/autonomousDriving/install/turtlebot3_msgs/include/turtlebot3_msgs/turtlebot3_msgs/msg/detail/dds_fastrtps
[15.545s] -- Installing: /home/amareb/autonomousDriving/install/turtlebot3_msgs/include/turtlebot3_msgs/turtlebot3_msgs/msg/detail/version_info__rosidl_typesupport_fastrtps_cpp.hpp
[15.545s] -- Up-to-date: /home/amareb/autonomousDriving/install/turtlebot3_msgs/include/turtlebot3_msgs/turtlebot3_msgs/action
[15.545s] -- Up-to-date: /home/amareb/autonomousDriving/install/turtlebot3_msgs/include/turtlebot3_msgs/turtlebot3_msgs/action/detail
[15.546s] -- Installing: /home/amareb/autonomousDriving/install/turtlebot3_msgs/include/turtlebot3_msgs/turtlebot3_msgs/action/detail/patrol__rosidl_typesupport_fastrtps_cpp.hpp
[15.546s] -- Installing: /home/amareb/autonomousDriving/install/turtlebot3_msgs/include/turtlebot3_msgs/turtlebot3_msgs/action/detail/dds_fastrtps
[15.546s] -- Installing: /home/amareb/autonomousDriving/install/turtlebot3_msgs/lib/libturtlebot3_msgs__rosidl_typesupport_fastrtps_cpp.so
[15.547s] -- Set runtime path of "/home/amareb/autonomousDriving/install/turtlebot3_msgs/lib/libturtlebot3_msgs__rosidl_typesupport_fastrtps_cpp.so" to ""
[15.547s] -- Up-to-date: /home/amareb/autonomousDriving/install/turtlebot3_msgs/include/turtlebot3_msgs/turtlebot3_msgs
[15.547s] -- Up-to-date: /home/amareb/autonomousDriving/install/turtlebot3_msgs/include/turtlebot3_msgs/turtlebot3_msgs/srv
[15.547s] -- Up-to-date: /home/amareb/autonomousDriving/install/turtlebot3_msgs/include/turtlebot3_msgs/turtlebot3_msgs/srv/detail
[15.548s] -- Installing: /home/amareb/autonomousDriving/install/turtlebot3_msgs/include/turtlebot3_msgs/turtlebot3_msgs/srv/detail/dqn__rosidl_typesupport_introspection_c.h
[15.548s] -- Installing: /home/amareb/autonomousDriving/install/turtlebot3_msgs/include/turtlebot3_msgs/turtlebot3_msgs/srv/detail/sound__rosidl_typesupport_introspection_c.h
[15.549s] -- Installing: /home/amareb/autonomousDriving/install/turtlebot3_msgs/include/turtlebot3_msgs/turtlebot3_msgs/srv/detail/sound__type_support.c
[15.549s] -- Installing: /home/amareb/autonomousDriving/install/turtlebot3_msgs/include/turtlebot3_msgs/turtlebot3_msgs/srv/detail/dqn__type_support.c
[15.549s] -- Up-to-date: /home/amareb/autonomousDriving/install/turtlebot3_msgs/include/turtlebot3_msgs/turtlebot3_msgs/msg
[15.549s] -- Installing: /home/amareb/autonomousDriving/install/turtlebot3_msgs/include/turtlebot3_msgs/turtlebot3_msgs/msg/rosidl_typesupport_introspection_c__visibility_control.h
[15.550s] -- Up-to-date: /home/amareb/autonomousDriving/install/turtlebot3_msgs/include/turtlebot3_msgs/turtlebot3_msgs/msg/detail
[15.550s] -- Installing: /home/amareb/autonomousDriving/install/turtlebot3_msgs/include/turtlebot3_msgs/turtlebot3_msgs/msg/detail/sensor_state__rosidl_typesupport_introspection_c.h
[15.550s] -- Installing: /home/amareb/autonomousDriving/install/turtlebot3_msgs/include/turtlebot3_msgs/turtlebot3_msgs/msg/detail/version_info__type_support.c
[15.550s] -- Installing: /home/amareb/autonomousDriving/install/turtlebot3_msgs/include/turtlebot3_msgs/turtlebot3_msgs/msg/detail/sound__rosidl_typesupport_introspection_c.h
[15.550s] -- Installing: /home/amareb/autonomousDriving/install/turtlebot3_msgs/include/turtlebot3_msgs/turtlebot3_msgs/msg/detail/sound__type_support.c
[15.550s] -- Installing: /home/amareb/autonomousDriving/install/turtlebot3_msgs/include/turtlebot3_msgs/turtlebot3_msgs/msg/detail/sensor_state__type_support.c
[15.550s] -- Installing: /home/amareb/autonomousDriving/install/turtlebot3_msgs/include/turtlebot3_msgs/turtlebot3_msgs/msg/detail/version_info__rosidl_typesupport_introspection_c.h
[15.550s] -- Up-to-date: /home/amareb/autonomousDriving/install/turtlebot3_msgs/include/turtlebot3_msgs/turtlebot3_msgs/action
[15.550s] -- Up-to-date: /home/amareb/autonomousDriving/install/turtlebot3_msgs/include/turtlebot3_msgs/turtlebot3_msgs/action/detail
[15.550s] -- Installing: /home/amareb/autonomousDriving/install/turtlebot3_msgs/include/turtlebot3_msgs/turtlebot3_msgs/action/detail/patrol__rosidl_typesupport_introspection_c.h
[15.550s] -- Installing: /home/amareb/autonomousDriving/install/turtlebot3_msgs/include/turtlebot3_msgs/turtlebot3_msgs/action/detail/patrol__type_support.c
[15.550s] -- Installing: /home/amareb/autonomousDriving/install/turtlebot3_msgs/lib/libturtlebot3_msgs__rosidl_typesupport_introspection_c.so
[15.550s] -- Set runtime path of "/home/amareb/autonomousDriving/install/turtlebot3_msgs/lib/libturtlebot3_msgs__rosidl_typesupport_introspection_c.so" to ""
[15.551s] -- Installing: /home/amareb/autonomousDriving/install/turtlebot3_msgs/lib/libturtlebot3_msgs__rosidl_typesupport_c.so
[15.551s] -- Set runtime path of "/home/amareb/autonomousDriving/install/turtlebot3_msgs/lib/libturtlebot3_msgs__rosidl_typesupport_c.so" to ""
[15.551s] -- Up-to-date: /home/amareb/autonomousDriving/install/turtlebot3_msgs/include/turtlebot3_msgs/turtlebot3_msgs
[15.551s] -- Up-to-date: /home/amareb/autonomousDriving/install/turtlebot3_msgs/include/turtlebot3_msgs/turtlebot3_msgs/srv
[15.551s] -- Up-to-date: /home/amareb/autonomousDriving/install/turtlebot3_msgs/include/turtlebot3_msgs/turtlebot3_msgs/srv/detail
[15.551s] -- Installing: /home/amareb/autonomousDriving/install/turtlebot3_msgs/include/turtlebot3_msgs/turtlebot3_msgs/srv/detail/sound__rosidl_typesupport_introspection_cpp.hpp
[15.551s] -- Installing: /home/amareb/autonomousDriving/install/turtlebot3_msgs/include/turtlebot3_msgs/turtlebot3_msgs/srv/detail/dqn__rosidl_typesupport_introspection_cpp.hpp
[15.551s] -- Installing: /home/amareb/autonomousDriving/install/turtlebot3_msgs/include/turtlebot3_msgs/turtlebot3_msgs/srv/detail/sound__type_support.cpp
[15.551s] -- Installing: /home/amareb/autonomousDriving/install/turtlebot3_msgs/include/turtlebot3_msgs/turtlebot3_msgs/srv/detail/dqn__type_support.cpp
[15.551s] -- Up-to-date: /home/amareb/autonomousDriving/install/turtlebot3_msgs/include/turtlebot3_msgs/turtlebot3_msgs/msg
[15.551s] -- Up-to-date: /home/amareb/autonomousDriving/install/turtlebot3_msgs/include/turtlebot3_msgs/turtlebot3_msgs/msg/detail
[15.551s] -- Installing: /home/amareb/autonomousDriving/install/turtlebot3_msgs/include/turtlebot3_msgs/turtlebot3_msgs/msg/detail/version_info__rosidl_typesupport_introspection_cpp.hpp
[15.551s] -- Installing: /home/amareb/autonomousDriving/install/turtlebot3_msgs/include/turtlebot3_msgs/turtlebot3_msgs/msg/detail/sound__rosidl_typesupport_introspection_cpp.hpp
[15.551s] -- Installing: /home/amareb/autonomousDriving/install/turtlebot3_msgs/include/turtlebot3_msgs/turtlebot3_msgs/msg/detail/sensor_state__type_support.cpp
[15.551s] -- Installing: /home/amareb/autonomousDriving/install/turtlebot3_msgs/include/turtlebot3_msgs/turtlebot3_msgs/msg/detail/sound__type_support.cpp
[15.551s] -- Installing: /home/amareb/autonomousDriving/install/turtlebot3_msgs/include/turtlebot3_msgs/turtlebot3_msgs/msg/detail/version_info__type_support.cpp
[15.551s] -- Installing: /home/amareb/autonomousDriving/install/turtlebot3_msgs/include/turtlebot3_msgs/turtlebot3_msgs/msg/detail/sensor_state__rosidl_typesupport_introspection_cpp.hpp
[15.551s] -- Up-to-date: /home/amareb/autonomousDriving/install/turtlebot3_msgs/include/turtlebot3_msgs/turtlebot3_msgs/action
[15.552s] -- Up-to-date: /home/amareb/autonomousDriving/install/turtlebot3_msgs/include/turtlebot3_msgs/turtlebot3_msgs/action/detail
[15.552s] -- Installing: /home/amareb/autonomousDriving/install/turtlebot3_msgs/include/turtlebot3_msgs/turtlebot3_msgs/action/detail/patrol__type_support.cpp
[15.552s] -- Installing: /home/amareb/autonomousDriving/install/turtlebot3_msgs/include/turtlebot3_msgs/turtlebot3_msgs/action/detail/patrol__rosidl_typesupport_introspection_cpp.hpp
[15.552s] -- Installing: /home/amareb/autonomousDriving/install/turtlebot3_msgs/lib/libturtlebot3_msgs__rosidl_typesupport_introspection_cpp.so
[15.552s] -- Set runtime path of "/home/amareb/autonomousDriving/install/turtlebot3_msgs/lib/libturtlebot3_msgs__rosidl_typesupport_introspection_cpp.so" to ""
[15.552s] -- Installing: /home/amareb/autonomousDriving/install/turtlebot3_msgs/lib/libturtlebot3_msgs__rosidl_typesupport_cpp.so
[15.552s] -- Set runtime path of "/home/amareb/autonomousDriving/install/turtlebot3_msgs/lib/libturtlebot3_msgs__rosidl_typesupport_cpp.so" to ""
[15.552s] -- Installing: /home/amareb/autonomousDriving/install/turtlebot3_msgs/share/turtlebot3_msgs/environment/pythonpath.sh
[15.552s] -- Installing: /home/amareb/autonomousDriving/install/turtlebot3_msgs/share/turtlebot3_msgs/environment/pythonpath.dsv
[15.552s] -- Installing: /home/amareb/autonomousDriving/install/turtlebot3_msgs/local/lib/python3.10/dist-packages/turtlebot3_msgs-2.2.3-py3.10.egg-info
[15.552s] -- Installing: /home/amareb/autonomousDriving/install/turtlebot3_msgs/local/lib/python3.10/dist-packages/turtlebot3_msgs-2.2.3-py3.10.egg-info/top_level.txt
[15.552s] -- Installing: /home/amareb/autonomousDriving/install/turtlebot3_msgs/local/lib/python3.10/dist-packages/turtlebot3_msgs-2.2.3-py3.10.egg-info/dependency_links.txt
[15.553s] -- Installing: /home/amareb/autonomousDriving/install/turtlebot3_msgs/local/lib/python3.10/dist-packages/turtlebot3_msgs-2.2.3-py3.10.egg-info/SOURCES.txt
[15.553s] -- Installing: /home/amareb/autonomousDriving/install/turtlebot3_msgs/local/lib/python3.10/dist-packages/turtlebot3_msgs-2.2.3-py3.10.egg-info/PKG-INFO
[15.553s] -- Installing: /home/amareb/autonomousDriving/install/turtlebot3_msgs/local/lib/python3.10/dist-packages/turtlebot3_msgs
[15.553s] -- Installing: /home/amareb/autonomousDriving/install/turtlebot3_msgs/local/lib/python3.10/dist-packages/turtlebot3_msgs/_turtlebot3_msgs_s.ep.rosidl_typesupport_fastrtps_c.c
[15.553s] -- Installing: /home/amareb/autonomousDriving/install/turtlebot3_msgs/local/lib/python3.10/dist-packages/turtlebot3_msgs/srv
[15.553s] -- Installing: /home/amareb/autonomousDriving/install/turtlebot3_msgs/local/lib/python3.10/dist-packages/turtlebot3_msgs/srv/_dqn_s.c
[15.553s] -- Installing: /home/amareb/autonomousDriving/install/turtlebot3_msgs/local/lib/python3.10/dist-packages/turtlebot3_msgs/srv/_sound_s.c
[15.553s] -- Installing: /home/amareb/autonomousDriving/install/turtlebot3_msgs/local/lib/python3.10/dist-packages/turtlebot3_msgs/srv/_sound.py
[15.553s] -- Installing: /home/amareb/autonomousDriving/install/turtlebot3_msgs/local/lib/python3.10/dist-packages/turtlebot3_msgs/srv/__init__.py
[15.554s] -- Installing: /home/amareb/autonomousDriving/install/turtlebot3_msgs/local/lib/python3.10/dist-packages/turtlebot3_msgs/srv/_dqn.py
[15.554s] -- Installing: /home/amareb/autonomousDriving/install/turtlebot3_msgs/local/lib/python3.10/dist-packages/turtlebot3_msgs/libturtlebot3_msgs__rosidl_generator_py.so
[15.554s] -- Installing: /home/amareb/autonomousDriving/install/turtlebot3_msgs/local/lib/python3.10/dist-packages/turtlebot3_msgs/turtlebot3_msgs_s__rosidl_typesupport_c.cpython-310-x86_64-linux-gnu.so
[15.554s] -- Installing: /home/amareb/autonomousDriving/install/turtlebot3_msgs/local/lib/python3.10/dist-packages/turtlebot3_msgs/_turtlebot3_msgs_s.ep.rosidl_typesupport_c.c
[15.554s] -- Installing: /home/amareb/autonomousDriving/install/turtlebot3_msgs/local/lib/python3.10/dist-packages/turtlebot3_msgs/msg
[15.554s] -- Installing: /home/amareb/autonomousDriving/install/turtlebot3_msgs/local/lib/python3.10/dist-packages/turtlebot3_msgs/msg/_sensor_state.py
[15.554s] -- Installing: /home/amareb/autonomousDriving/install/turtlebot3_msgs/local/lib/python3.10/dist-packages/turtlebot3_msgs/msg/_sound_s.c
[15.554s] -- Installing: /home/amareb/autonomousDriving/install/turtlebot3_msgs/local/lib/python3.10/dist-packages/turtlebot3_msgs/msg/_sound.py
[15.554s] -- Installing: /home/amareb/autonomousDriving/install/turtlebot3_msgs/local/lib/python3.10/dist-packages/turtlebot3_msgs/msg/_version_info.py
[15.554s] -- Installing: /home/amareb/autonomousDriving/install/turtlebot3_msgs/local/lib/python3.10/dist-packages/turtlebot3_msgs/msg/_sensor_state_s.c
[15.554s] -- Installing: /home/amareb/autonomousDriving/install/turtlebot3_msgs/local/lib/python3.10/dist-packages/turtlebot3_msgs/msg/__init__.py
[15.554s] -- Installing: /home/amareb/autonomousDriving/install/turtlebot3_msgs/local/lib/python3.10/dist-packages/turtlebot3_msgs/msg/_version_info_s.c
[15.554s] -- Installing: /home/amareb/autonomousDriving/install/turtlebot3_msgs/local/lib/python3.10/dist-packages/turtlebot3_msgs/turtlebot3_msgs_s__rosidl_typesupport_fastrtps_c.cpython-310-x86_64-linux-gnu.so
[15.554s] -- Installing: /home/amareb/autonomousDriving/install/turtlebot3_msgs/local/lib/python3.10/dist-packages/turtlebot3_msgs/_turtlebot3_msgs_s.ep.rosidl_typesupport_introspection_c.c
[15.554s] -- Installing: /home/amareb/autonomousDriving/install/turtlebot3_msgs/local/lib/python3.10/dist-packages/turtlebot3_msgs/turtlebot3_msgs_s__rosidl_typesupport_introspection_c.cpython-310-x86_64-linux-gnu.so
[15.554s] -- Installing: /home/amareb/autonomousDriving/install/turtlebot3_msgs/local/lib/python3.10/dist-packages/turtlebot3_msgs/__init__.py
[15.554s] -- Installing: /home/amareb/autonomousDriving/install/turtlebot3_msgs/local/lib/python3.10/dist-packages/turtlebot3_msgs/action
[15.555s] -- Installing: /home/amareb/autonomousDriving/install/turtlebot3_msgs/local/lib/python3.10/dist-packages/turtlebot3_msgs/action/_patrol.py
[15.555s] -- Installing: /home/amareb/autonomousDriving/install/turtlebot3_msgs/local/lib/python3.10/dist-packages/turtlebot3_msgs/action/_patrol_s.c
[15.555s] -- Installing: /home/amareb/autonomousDriving/install/turtlebot3_msgs/local/lib/python3.10/dist-packages/turtlebot3_msgs/action/__init__.py
[15.610s] Listing '/home/amareb/autonomousDriving/install/turtlebot3_msgs/local/lib/python3.10/dist-packages/turtlebot3_msgs'...
[15.610s] Compiling '/home/amareb/autonomousDriving/install/turtlebot3_msgs/local/lib/python3.10/dist-packages/turtlebot3_msgs/__init__.py'...
[15.610s] Listing '/home/amareb/autonomousDriving/install/turtlebot3_msgs/local/lib/python3.10/dist-packages/turtlebot3_msgs/action'...
[15.610s] Compiling '/home/amareb/autonomousDriving/install/turtlebot3_msgs/local/lib/python3.10/dist-packages/turtlebot3_msgs/action/__init__.py'...
[15.610s] Compiling '/home/amareb/autonomousDriving/install/turtlebot3_msgs/local/lib/python3.10/dist-packages/turtlebot3_msgs/action/_patrol.py'...
[15.610s] Listing '/home/amareb/autonomousDriving/install/turtlebot3_msgs/local/lib/python3.10/dist-packages/turtlebot3_msgs/msg'...
[15.610s] Compiling '/home/amareb/autonomousDriving/install/turtlebot3_msgs/local/lib/python3.10/dist-packages/turtlebot3_msgs/msg/__init__.py'...
[15.610s] Compiling '/home/amareb/autonomousDriving/install/turtlebot3_msgs/local/lib/python3.10/dist-packages/turtlebot3_msgs/msg/_sensor_state.py'...
[15.610s] Compiling '/home/amareb/autonomousDriving/install/turtlebot3_msgs/local/lib/python3.10/dist-packages/turtlebot3_msgs/msg/_sound.py'...
[15.610s] Compiling '/home/amareb/autonomousDriving/install/turtlebot3_msgs/local/lib/python3.10/dist-packages/turtlebot3_msgs/msg/_version_info.py'...
[15.610s] Listing '/home/amareb/autonomousDriving/install/turtlebot3_msgs/local/lib/python3.10/dist-packages/turtlebot3_msgs/srv'...
[15.610s] Compiling '/home/amareb/autonomousDriving/install/turtlebot3_msgs/local/lib/python3.10/dist-packages/turtlebot3_msgs/srv/__init__.py'...
[15.610s] Compiling '/home/amareb/autonomousDriving/install/turtlebot3_msgs/local/lib/python3.10/dist-packages/turtlebot3_msgs/srv/_dqn.py'...
[15.610s] Compiling '/home/amareb/autonomousDriving/install/turtlebot3_msgs/local/lib/python3.10/dist-packages/turtlebot3_msgs/srv/_sound.py'...
[15.619s] -- Installing: /home/amareb/autonomousDriving/install/turtlebot3_msgs/local/lib/python3.10/dist-packages/turtlebot3_msgs/turtlebot3_msgs_s__rosidl_typesupport_fastrtps_c.cpython-310-x86_64-linux-gnu.so
[15.620s] -- Set runtime path of "/home/amareb/autonomousDriving/install/turtlebot3_msgs/local/lib/python3.10/dist-packages/turtlebot3_msgs/turtlebot3_msgs_s__rosidl_typesupport_fastrtps_c.cpython-310-x86_64-linux-gnu.so" to ""
[15.620s] -- Installing: /home/amareb/autonomousDriving/install/turtlebot3_msgs/local/lib/python3.10/dist-packages/turtlebot3_msgs/turtlebot3_msgs_s__rosidl_typesupport_introspection_c.cpython-310-x86_64-linux-gnu.so
[15.620s] -- Set runtime path of "/home/amareb/autonomousDriving/install/turtlebot3_msgs/local/lib/python3.10/dist-packages/turtlebot3_msgs/turtlebot3_msgs_s__rosidl_typesupport_introspection_c.cpython-310-x86_64-linux-gnu.so" to ""
[15.620s] -- Installing: /home/amareb/autonomousDriving/install/turtlebot3_msgs/local/lib/python3.10/dist-packages/turtlebot3_msgs/turtlebot3_msgs_s__rosidl_typesupport_c.cpython-310-x86_64-linux-gnu.so
[15.621s] -- Set runtime path of "/home/amareb/autonomousDriving/install/turtlebot3_msgs/local/lib/python3.10/dist-packages/turtlebot3_msgs/turtlebot3_msgs_s__rosidl_typesupport_c.cpython-310-x86_64-linux-gnu.so" to ""
[15.621s] -- Installing: /home/amareb/autonomousDriving/install/turtlebot3_msgs/lib/libturtlebot3_msgs__rosidl_generator_py.so
[15.621s] -- Set runtime path of "/home/amareb/autonomousDriving/install/turtlebot3_msgs/lib/libturtlebot3_msgs__rosidl_generator_py.so" to ""
[15.622s] -- Installing: /home/amareb/autonomousDriving/install/turtlebot3_msgs/share/turtlebot3_msgs/msg/SensorState.idl
[15.622s] -- Installing: /home/amareb/autonomousDriving/install/turtlebot3_msgs/share/turtlebot3_msgs/msg/Sound.idl
[15.622s] -- Installing: /home/amareb/autonomousDriving/install/turtlebot3_msgs/share/turtlebot3_msgs/msg/VersionInfo.idl
[15.623s] -- Installing: /home/amareb/autonomousDriving/install/turtlebot3_msgs/share/turtlebot3_msgs/srv/Sound.idl
[15.623s] -- Installing: /home/amareb/autonomousDriving/install/turtlebot3_msgs/share/turtlebot3_msgs/srv/Dqn.idl
[15.624s] -- Installing: /home/amareb/autonomousDriving/install/turtlebot3_msgs/share/turtlebot3_msgs/action/Patrol.idl
[15.624s] -- Installing: /home/amareb/autonomousDriving/install/turtlebot3_msgs/share/turtlebot3_msgs/msg/SensorState.msg
[15.624s] -- Installing: /home/amareb/autonomousDriving/install/turtlebot3_msgs/share/turtlebot3_msgs/msg/Sound.msg
[15.624s] -- Installing: /home/amareb/autonomousDriving/install/turtlebot3_msgs/share/turtlebot3_msgs/msg/VersionInfo.msg
[15.624s] -- Installing: /home/amareb/autonomousDriving/install/turtlebot3_msgs/share/turtlebot3_msgs/srv/Sound.srv
[15.624s] -- Installing: /home/amareb/autonomousDriving/install/turtlebot3_msgs/share/turtlebot3_msgs/srv/Sound_Request.msg
[15.625s] -- Installing: /home/amareb/autonomousDriving/install/turtlebot3_msgs/share/turtlebot3_msgs/srv/Sound_Response.msg
[15.625s] -- Installing: /home/amareb/autonomousDriving/install/turtlebot3_msgs/share/turtlebot3_msgs/srv/Dqn.srv
[15.626s] -- Installing: /home/amareb/autonomousDriving/install/turtlebot3_msgs/share/turtlebot3_msgs/srv/Dqn_Request.msg
[15.626s] -- Installing: /home/amareb/autonomousDriving/install/turtlebot3_msgs/share/turtlebot3_msgs/srv/Dqn_Response.msg
[15.626s] -- Installing: /home/amareb/autonomousDriving/install/turtlebot3_msgs/share/turtlebot3_msgs/action/Patrol.action
[15.626s] -- Installing: /home/amareb/autonomousDriving/install/turtlebot3_msgs/share/ament_index/resource_index/package_run_dependencies/turtlebot3_msgs
[15.626s] -- Installing: /home/amareb/autonomousDriving/install/turtlebot3_msgs/share/ament_index/resource_index/parent_prefix_path/turtlebot3_msgs
[15.626s] -- Installing: /home/amareb/autonomousDriving/install/turtlebot3_msgs/share/turtlebot3_msgs/environment/ament_prefix_path.sh
[15.627s] -- Installing: /home/amareb/autonomousDriving/install/turtlebot3_msgs/share/turtlebot3_msgs/environment/ament_prefix_path.dsv
[15.627s] -- Installing: /home/amareb/autonomousDriving/install/turtlebot3_msgs/share/turtlebot3_msgs/environment/path.sh
[15.627s] -- Installing: /home/amareb/autonomousDriving/install/turtlebot3_msgs/share/turtlebot3_msgs/environment/path.dsv
[15.627s] -- Installing: /home/amareb/autonomousDriving/install/turtlebot3_msgs/share/turtlebot3_msgs/local_setup.bash
[15.627s] -- Installing: /home/amareb/autonomousDriving/install/turtlebot3_msgs/share/turtlebot3_msgs/local_setup.sh
[15.628s] -- Installing: /home/amareb/autonomousDriving/install/turtlebot3_msgs/share/turtlebot3_msgs/local_setup.zsh
[15.628s] -- Installing: /home/amareb/autonomousDriving/install/turtlebot3_msgs/share/turtlebot3_msgs/local_setup.dsv
[15.628s] -- Installing: /home/amareb/autonomousDriving/install/turtlebot3_msgs/share/turtlebot3_msgs/package.dsv
[15.628s] -- Installing: /home/amareb/autonomousDriving/install/turtlebot3_msgs/share/ament_index/resource_index/packages/turtlebot3_msgs
[15.628s] -- Installing: /home/amareb/autonomousDriving/install/turtlebot3_msgs/share/turtlebot3_msgs/cmake/export_turtlebot3_msgs__rosidl_generator_cExport.cmake
[15.629s] -- Installing: /home/amareb/autonomousDriving/install/turtlebot3_msgs/share/turtlebot3_msgs/cmake/export_turtlebot3_msgs__rosidl_generator_cExport-noconfig.cmake
[15.630s] -- Installing: /home/amareb/autonomousDriving/install/turtlebot3_msgs/share/turtlebot3_msgs/cmake/export_turtlebot3_msgs__rosidl_typesupport_fastrtps_cExport.cmake
[15.630s] -- Installing: /home/amareb/autonomousDriving/install/turtlebot3_msgs/share/turtlebot3_msgs/cmake/export_turtlebot3_msgs__rosidl_typesupport_fastrtps_cExport-noconfig.cmake
[15.630s] -- Installing: /home/amareb/autonomousDriving/install/turtlebot3_msgs/share/turtlebot3_msgs/cmake/export_turtlebot3_msgs__rosidl_generator_cppExport.cmake
[15.631s] -- Installing: /home/amareb/autonomousDriving/install/turtlebot3_msgs/share/turtlebot3_msgs/cmake/export_turtlebot3_msgs__rosidl_typesupport_fastrtps_cppExport.cmake
[15.631s] -- Installing: /home/amareb/autonomousDriving/install/turtlebot3_msgs/share/turtlebot3_msgs/cmake/export_turtlebot3_msgs__rosidl_typesupport_fastrtps_cppExport-noconfig.cmake
[15.631s] -- Installing: /home/amareb/autonomousDriving/install/turtlebot3_msgs/share/turtlebot3_msgs/cmake/turtlebot3_msgs__rosidl_typesupport_introspection_cExport.cmake
[15.631s] -- Installing: /home/amareb/autonomousDriving/install/turtlebot3_msgs/share/turtlebot3_msgs/cmake/turtlebot3_msgs__rosidl_typesupport_introspection_cExport-noconfig.cmake
[15.632s] -- Installing: /home/amareb/autonomousDriving/install/turtlebot3_msgs/share/turtlebot3_msgs/cmake/turtlebot3_msgs__rosidl_typesupport_cExport.cmake
[15.633s] -- Installing: /home/amareb/autonomousDriving/install/turtlebot3_msgs/share/turtlebot3_msgs/cmake/turtlebot3_msgs__rosidl_typesupport_cExport-noconfig.cmake
[15.633s] -- Installing: /home/amareb/autonomousDriving/install/turtlebot3_msgs/share/turtlebot3_msgs/cmake/turtlebot3_msgs__rosidl_typesupport_introspection_cppExport.cmake
[15.633s] -- Installing: /home/amareb/autonomousDriving/install/turtlebot3_msgs/share/turtlebot3_msgs/cmake/turtlebot3_msgs__rosidl_typesupport_introspection_cppExport-noconfig.cmake
[15.634s] -- Installing: /home/amareb/autonomousDriving/install/turtlebot3_msgs/share/turtlebot3_msgs/cmake/turtlebot3_msgs__rosidl_typesupport_cppExport.cmake
[15.634s] -- Installing: /home/amareb/autonomousDriving/install/turtlebot3_msgs/share/turtlebot3_msgs/cmake/turtlebot3_msgs__rosidl_typesupport_cppExport-noconfig.cmake
[15.635s] -- Installing: /home/amareb/autonomousDriving/install/turtlebot3_msgs/share/turtlebot3_msgs/cmake/export_turtlebot3_msgs__rosidl_generator_pyExport.cmake
[15.635s] -- Installing: /home/amareb/autonomousDriving/install/turtlebot3_msgs/share/turtlebot3_msgs/cmake/export_turtlebot3_msgs__rosidl_generator_pyExport-noconfig.cmake
[15.636s] -- Installing: /home/amareb/autonomousDriving/install/turtlebot3_msgs/share/turtlebot3_msgs/cmake/rosidl_cmake-extras.cmake
[15.636s] -- Installing: /home/amareb/autonomousDriving/install/turtlebot3_msgs/share/turtlebot3_msgs/cmake/ament_cmake_export_dependencies-extras.cmake
[15.636s] -- Installing: /home/amareb/autonomousDriving/install/turtlebot3_msgs/share/turtlebot3_msgs/cmake/ament_cmake_export_include_directories-extras.cmake
[15.636s] -- Installing: /home/amareb/autonomousDriving/install/turtlebot3_msgs/share/turtlebot3_msgs/cmake/ament_cmake_export_libraries-extras.cmake
[15.636s] -- Installing: /home/amareb/autonomousDriving/install/turtlebot3_msgs/share/turtlebot3_msgs/cmake/ament_cmake_export_targets-extras.cmake
[15.636s] -- Installing: /home/amareb/autonomousDriving/install/turtlebot3_msgs/share/turtlebot3_msgs/cmake/rosidl_cmake_export_typesupport_targets-extras.cmake
[15.636s] -- Installing: /home/amareb/autonomousDriving/install/turtlebot3_msgs/share/turtlebot3_msgs/cmake/rosidl_cmake_export_typesupport_libraries-extras.cmake
[15.636s] -- Installing: /home/amareb/autonomousDriving/install/turtlebot3_msgs/share/turtlebot3_msgs/cmake/turtlebot3_msgsConfig.cmake
[15.637s] -- Installing: /home/amareb/autonomousDriving/install/turtlebot3_msgs/share/turtlebot3_msgs/cmake/turtlebot3_msgsConfig-version.cmake
[15.637s] -- Installing: /home/amareb/autonomousDriving/install/turtlebot3_msgs/share/turtlebot3_msgs/package.xml
[15.640s] Invoked command in '/home/amareb/autonomousDriving/build/turtlebot3_msgs' returned '0': CMAKE_PREFIX_PATH=/home/amareb/autonomousDriving/install/turtlebot3_teleop:/opt/ros/humble /usr/bin/cmake --install /home/amareb/autonomousDriving/build/turtlebot3_msgs
