[0.050s] Invoking command in '/home/amareb/autonomousDriving/build/turtlebot3_description': CMAKE_PREFIX_PATH=/home/amareb/autonomousDriving/install/turtlebot3_teleop:/opt/ros/humble /usr/bin/cmake /home/amareb/autonomousDriving/src/turtlebot3/turtlebot3_description -DCMAKE_INSTALL_PREFIX=/home/amareb/autonomousDriving/install/turtlebot3_description
[0.638s] -- Found ament_cmake: 1.3.9 (/opt/ros/humble/share/ament_cmake/cmake)
[0.641s] -- Found Python3: /usr/bin/python3 (found version "3.10.12") found components: Interpreter 
[0.644s] -- Found urdf: 2.6.0 (/opt/ros/humble/share/urdf/cmake)
[2.477s] -- Configuring done
[2.482s] -- Generating done
[2.484s] -- Build files have been written to: /home/amareb/autonomousDriving/build/turtlebot3_description
[2.495s] Invoked command in '/home/amareb/autonomousDriving/build/turtlebot3_description' returned '0': CMAKE_PREFIX_PATH=/home/amareb/autonomousDriving/install/turtlebot3_teleop:/opt/ros/humble /usr/bin/cmake /home/amareb/autonomousDriving/src/turtlebot3/turtlebot3_description -DCMAKE_INSTALL_PREFIX=/home/amareb/autonomousDriving/install/turtlebot3_description
[2.499s] Invoking command in '/home/amareb/autonomousDriving/build/turtlebot3_description': CMAKE_PREFIX_PATH=/home/amareb/autonomousDriving/install/turtlebot3_teleop:/opt/ros/humble /usr/bin/cmake --build /home/amareb/autonomousDriving/build/turtlebot3_description -- -j16 -l16
[2.567s] Invoked command in '/home/amareb/autonomousDriving/build/turtlebot3_description' returned '0': CMAKE_PREFIX_PATH=/home/amareb/autonomousDriving/install/turtlebot3_teleop:/opt/ros/humble /usr/bin/cmake --build /home/amareb/autonomousDriving/build/turtlebot3_description -- -j16 -l16
[2.606s] Invoking command in '/home/amareb/autonomousDriving/build/turtlebot3_description': CMAKE_PREFIX_PATH=/home/amareb/autonomousDriving/install/turtlebot3_teleop:/opt/ros/humble /usr/bin/cmake --install /home/amareb/autonomousDriving/build/turtlebot3_description
[2.626s] -- Install configuration: ""
[2.627s] -- Installing: /home/amareb/autonomousDriving/install/turtlebot3_description/share/turtlebot3_description/meshes
[2.627s] -- Installing: /home/amareb/autonomousDriving/install/turtlebot3_description/share/turtlebot3_description/meshes/wheels
[2.628s] -- Installing: /home/amareb/autonomousDriving/install/turtlebot3_description/share/turtlebot3_description/meshes/wheels/left_tire.stl:Zone.Identifier
[2.628s] -- Installing: /home/amareb/autonomousDriving/install/turtlebot3_description/share/turtlebot3_description/meshes/wheels/right_tire.stl:Zone.Identifier
[2.628s] -- Installing: /home/amareb/autonomousDriving/install/turtlebot3_description/share/turtlebot3_description/meshes/wheels/right_tire.stl
[2.629s] -- Installing: /home/amareb/autonomousDriving/install/turtlebot3_description/share/turtlebot3_description/meshes/wheels/left_tire.stl
[2.633s] -- Installing: /home/amareb/autonomousDriving/install/turtlebot3_description/share/turtlebot3_description/meshes/sensors
[2.633s] -- Installing: /home/amareb/autonomousDriving/install/turtlebot3_description/share/turtlebot3_description/meshes/sensors/r200.dae
[2.634s] -- Installing: /home/amareb/autonomousDriving/install/turtlebot3_description/share/turtlebot3_description/meshes/sensors/r200.dae:Zone.Identifier
[2.635s] -- Installing: /home/amareb/autonomousDriving/install/turtlebot3_description/share/turtlebot3_description/meshes/sensors/r200.jpg:Zone.Identifier
[2.635s] -- Installing: /home/amareb/autonomousDriving/install/turtlebot3_description/share/turtlebot3_description/meshes/sensors/lds.stl:Zone.Identifier
[2.636s] -- Installing: /home/amareb/autonomousDriving/install/turtlebot3_description/share/turtlebot3_description/meshes/sensors/astra.jpg:Zone.Identifier
[2.636s] -- Installing: /home/amareb/autonomousDriving/install/turtlebot3_description/share/turtlebot3_description/meshes/sensors/astra.dae:Zone.Identifier
[2.636s] -- Installing: /home/amareb/autonomousDriving/install/turtlebot3_description/share/turtlebot3_description/meshes/sensors/r200.jpg
[2.636s] -- Installing: /home/amareb/autonomousDriving/install/turtlebot3_description/share/turtlebot3_description/meshes/sensors/astra.dae
[2.653s] -- Installing: /home/amareb/autonomousDriving/install/turtlebot3_description/share/turtlebot3_description/meshes/sensors/astra.jpg
[2.653s] -- Installing: /home/amareb/autonomousDriving/install/turtlebot3_description/share/turtlebot3_description/meshes/sensors/lds.stl
[2.656s] -- Installing: /home/amareb/autonomousDriving/install/turtlebot3_description/share/turtlebot3_description/meshes/bases
[2.656s] -- Installing: /home/amareb/autonomousDriving/install/turtlebot3_description/share/turtlebot3_description/meshes/bases/waffle_base.stl:Zone.Identifier
[2.656s] -- Installing: /home/amareb/autonomousDriving/install/turtlebot3_description/share/turtlebot3_description/meshes/bases/waffle_pi_base.stl:Zone.Identifier
[2.656s] -- Installing: /home/amareb/autonomousDriving/install/turtlebot3_description/share/turtlebot3_description/meshes/bases/burger_base.stl:Zone.Identifier
[2.656s] -- Installing: /home/amareb/autonomousDriving/install/turtlebot3_description/share/turtlebot3_description/meshes/bases/waffle_base.stl
[2.684s] -- Installing: /home/amareb/autonomousDriving/install/turtlebot3_description/share/turtlebot3_description/meshes/bases/waffle_pi_base.stl
[2.695s] -- Installing: /home/amareb/autonomousDriving/install/turtlebot3_description/share/turtlebot3_description/meshes/bases/burger_base.stl
[2.705s] -- Installing: /home/amareb/autonomousDriving/install/turtlebot3_description/share/turtlebot3_description/rviz
[2.706s] -- Installing: /home/amareb/autonomousDriving/install/turtlebot3_description/share/turtlebot3_description/rviz/model.rviz
[2.706s] -- Installing: /home/amareb/autonomousDriving/install/turtlebot3_description/share/turtlebot3_description/rviz/model.rviz:Zone.Identifier
[2.708s] -- Installing: /home/amareb/autonomousDriving/install/turtlebot3_description/share/turtlebot3_description/urdf
[2.709s] -- Installing: /home/amareb/autonomousDriving/install/turtlebot3_description/share/turtlebot3_description/urdf/turtlebot3_waffle.urdf:Zone.Identifier
[2.709s] -- Installing: /home/amareb/autonomousDriving/install/turtlebot3_description/share/turtlebot3_description/urdf/turtlebot3_waffle_pi.urdf
[2.710s] -- Installing: /home/amareb/autonomousDriving/install/turtlebot3_description/share/turtlebot3_description/urdf/common_properties.urdf
[2.710s] -- Installing: /home/amareb/autonomousDriving/install/turtlebot3_description/share/turtlebot3_description/urdf/turtlebot3_burger.urdf:Zone.Identifier
[2.711s] -- Installing: /home/amareb/autonomousDriving/install/turtlebot3_description/share/turtlebot3_description/urdf/turtlebot3_burger.urdf
[2.712s] -- Installing: /home/amareb/autonomousDriving/install/turtlebot3_description/share/turtlebot3_description/urdf/turtlebot3_waffle_pi.urdf:Zone.Identifier
[2.714s] -- Installing: /home/amareb/autonomousDriving/install/turtlebot3_description/share/turtlebot3_description/urdf/turtlebot3_waffle.urdf
[2.714s] -- Installing: /home/amareb/autonomousDriving/install/turtlebot3_description/share/turtlebot3_description/urdf/common_properties.urdf:Zone.Identifier
[2.714s] -- Installing: /home/amareb/autonomousDriving/install/turtlebot3_description/share/ament_index/resource_index/package_run_dependencies/turtlebot3_description
[2.715s] -- Installing: /home/amareb/autonomousDriving/install/turtlebot3_description/share/ament_index/resource_index/parent_prefix_path/turtlebot3_description
[2.715s] -- Installing: /home/amareb/autonomousDriving/install/turtlebot3_description/share/turtlebot3_description/environment/ament_prefix_path.sh
[2.716s] -- Installing: /home/amareb/autonomousDriving/install/turtlebot3_description/share/turtlebot3_description/environment/ament_prefix_path.dsv
[2.717s] -- Installing: /home/amareb/autonomousDriving/install/turtlebot3_description/share/turtlebot3_description/environment/path.sh
[2.718s] -- Installing: /home/amareb/autonomousDriving/install/turtlebot3_description/share/turtlebot3_description/environment/path.dsv
[2.718s] -- Installing: /home/amareb/autonomousDriving/install/turtlebot3_description/share/turtlebot3_description/local_setup.bash
[2.722s] -- Installing: /home/amareb/autonomousDriving/install/turtlebot3_description/share/turtlebot3_description/local_setup.sh
[2.723s] -- Installing: /home/amareb/autonomousDriving/install/turtlebot3_description/share/turtlebot3_description/local_setup.zsh
[2.723s] -- Installing: /home/amareb/autonomousDriving/install/turtlebot3_description/share/turtlebot3_description/local_setup.dsv
[2.724s] -- Installing: /home/amareb/autonomousDriving/install/turtlebot3_description/share/turtlebot3_description/package.dsv
[2.724s] -- Installing: /home/amareb/autonomousDriving/install/turtlebot3_description/share/ament_index/resource_index/packages/turtlebot3_description
[2.726s] -- Installing: /home/amareb/autonomousDriving/install/turtlebot3_description/share/turtlebot3_description/cmake/turtlebot3_descriptionConfig.cmake
[2.726s] -- Installing: /home/amareb/autonomousDriving/install/turtlebot3_description/share/turtlebot3_description/cmake/turtlebot3_descriptionConfig-version.cmake
[2.727s] -- Installing: /home/amareb/autonomousDriving/install/turtlebot3_description/share/turtlebot3_description/package.xml
[2.727s] Invoked command in '/home/amareb/autonomousDriving/build/turtlebot3_description' returned '0': CMAKE_PREFIX_PATH=/home/amareb/autonomousDriving/install/turtlebot3_teleop:/opt/ros/humble /usr/bin/cmake --install /home/amareb/autonomousDriving/build/turtlebot3_description
