[0.876s] Invoking command in '/home/amareb/autonomousDriving/src/turtlebot3/turtlebot3_example': AMENT_PREFIX_PATH=/home/amareb/autonomousDriving/install/turtlebot3_msgs:${AMENT_PREFIX_PATH} CMAKE_PREFIX_PATH=/home/amareb/autonomousDriving/install/turtlebot3_msgs LD_LIBRARY_PATH=/home/amareb/autonomousDriving/install/turtlebot3_msgs/lib:${LD_LIBRARY_PATH} PYTHONPATH=/home/amareb/autonomousDriving/build/turtlebot3_example/prefix_override:/home/amareb/autonomousDriving/install/turtlebot3_example/lib/python3.10/site-packages:/home/amareb/autonomousDriving/install/turtlebot3_msgs/local/lib/python3.10/dist-packages:${PYTHONPATH} /usr/bin/python3 -W ignore:setup.py install is deprecated setup.py egg_info --egg-base ../../../build/turtlebot3_example build --build-base /home/amareb/autonomousDriving/build/turtlebot3_example/build install --record /home/amareb/autonomousDriving/build/turtlebot3_example/install.log --single-version-externally-managed install_data
[1.237s] running egg_info
[1.237s] creating ../../../build/turtlebot3_example/turtlebot3_example.egg-info
[1.239s] writing ../../../build/turtlebot3_example/turtlebot3_example.egg-info/PKG-INFO
[1.239s] writing dependency_links to ../../../build/turtlebot3_example/turtlebot3_example.egg-info/dependency_links.txt
[1.240s] writing entry points to ../../../build/turtlebot3_example/turtlebot3_example.egg-info/entry_points.txt
[1.240s] writing requirements to ../../../build/turtlebot3_example/turtlebot3_example.egg-info/requires.txt
[1.240s] writing top-level names to ../../../build/turtlebot3_example/turtlebot3_example.egg-info/top_level.txt
[1.240s] writing manifest file '../../../build/turtlebot3_example/turtlebot3_example.egg-info/SOURCES.txt'
[1.243s] reading manifest file '../../../build/turtlebot3_example/turtlebot3_example.egg-info/SOURCES.txt'
[1.244s] writing manifest file '../../../build/turtlebot3_example/turtlebot3_example.egg-info/SOURCES.txt'
[1.245s] running build
[1.245s] running build_py
[1.245s] creating /home/amareb/autonomousDriving/build/turtlebot3_example/build
[1.246s] creating /home/amareb/autonomousDriving/build/turtlebot3_example/build/lib
[1.247s] creating /home/amareb/autonomousDriving/build/turtlebot3_example/build/lib/turtlebot3_example
[1.247s] copying turtlebot3_example/__init__.py -> /home/amareb/autonomousDriving/build/turtlebot3_example/build/lib/turtlebot3_example
[1.247s] creating /home/amareb/autonomousDriving/build/turtlebot3_example/build/lib/turtlebot3_example/turtlebot3_patrol_server
[1.247s] copying turtlebot3_example/turtlebot3_patrol_server/main.py -> /home/amareb/autonomousDriving/build/turtlebot3_example/build/lib/turtlebot3_example/turtlebot3_patrol_server
[1.248s] copying turtlebot3_example/turtlebot3_patrol_server/turtlebot3_path.py -> /home/amareb/autonomousDriving/build/turtlebot3_example/build/lib/turtlebot3_example/turtlebot3_patrol_server
[1.248s] copying turtlebot3_example/turtlebot3_patrol_server/turtlebot3_patrol_server.py -> /home/amareb/autonomousDriving/build/turtlebot3_example/build/lib/turtlebot3_example/turtlebot3_patrol_server
[1.248s] copying turtlebot3_example/turtlebot3_patrol_server/__init__.py -> /home/amareb/autonomousDriving/build/turtlebot3_example/build/lib/turtlebot3_example/turtlebot3_patrol_server
[1.248s] creating /home/amareb/autonomousDriving/build/turtlebot3_example/build/lib/turtlebot3_example/turtlebot3_obstacle_detection
[1.248s] copying turtlebot3_example/turtlebot3_obstacle_detection/main.py -> /home/amareb/autonomousDriving/build/turtlebot3_example/build/lib/turtlebot3_example/turtlebot3_obstacle_detection
[1.249s] copying turtlebot3_example/turtlebot3_obstacle_detection/turtlebot3_obstacle_detection.py -> /home/amareb/autonomousDriving/build/turtlebot3_example/build/lib/turtlebot3_example/turtlebot3_obstacle_detection
[1.249s] copying turtlebot3_example/turtlebot3_obstacle_detection/__init__.py -> /home/amareb/autonomousDriving/build/turtlebot3_example/build/lib/turtlebot3_example/turtlebot3_obstacle_detection
[1.250s] creating /home/amareb/autonomousDriving/build/turtlebot3_example/build/lib/turtlebot3_example/turtlebot3_patrol_client
[1.250s] copying turtlebot3_example/turtlebot3_patrol_client/main.py -> /home/amareb/autonomousDriving/build/turtlebot3_example/build/lib/turtlebot3_example/turtlebot3_patrol_client
[1.250s] copying turtlebot3_example/turtlebot3_patrol_client/turtlebot3_patrol_client.py -> /home/amareb/autonomousDriving/build/turtlebot3_example/build/lib/turtlebot3_example/turtlebot3_patrol_client
[1.251s] copying turtlebot3_example/turtlebot3_patrol_client/__init__.py -> /home/amareb/autonomousDriving/build/turtlebot3_example/build/lib/turtlebot3_example/turtlebot3_patrol_client
[1.251s] creating /home/amareb/autonomousDriving/build/turtlebot3_example/build/lib/turtlebot3_example/turtlebot3_position_control
[1.252s] copying turtlebot3_example/turtlebot3_position_control/main.py -> /home/amareb/autonomousDriving/build/turtlebot3_example/build/lib/turtlebot3_example/turtlebot3_position_control
[1.252s] copying turtlebot3_example/turtlebot3_position_control/turtlebot3_path.py -> /home/amareb/autonomousDriving/build/turtlebot3_example/build/lib/turtlebot3_example/turtlebot3_position_control
[1.253s] copying turtlebot3_example/turtlebot3_position_control/turtlebot3_position_control.py -> /home/amareb/autonomousDriving/build/turtlebot3_example/build/lib/turtlebot3_example/turtlebot3_position_control
[1.254s] copying turtlebot3_example/turtlebot3_position_control/__init__.py -> /home/amareb/autonomousDriving/build/turtlebot3_example/build/lib/turtlebot3_example/turtlebot3_position_control
[1.254s] running install
[1.254s] running install_lib
[1.255s] creating /home/amareb/autonomousDriving/install/turtlebot3_example/lib/python3.10/site-packages/turtlebot3_example
[1.255s] creating /home/amareb/autonomousDriving/install/turtlebot3_example/lib/python3.10/site-packages/turtlebot3_example/turtlebot3_patrol_server
[1.255s] copying /home/amareb/autonomousDriving/build/turtlebot3_example/build/lib/turtlebot3_example/turtlebot3_patrol_server/main.py -> /home/amareb/autonomousDriving/install/turtlebot3_example/lib/python3.10/site-packages/turtlebot3_example/turtlebot3_patrol_server
[1.256s] copying /home/amareb/autonomousDriving/build/turtlebot3_example/build/lib/turtlebot3_example/turtlebot3_patrol_server/turtlebot3_path.py -> /home/amareb/autonomousDriving/install/turtlebot3_example/lib/python3.10/site-packages/turtlebot3_example/turtlebot3_patrol_server
[1.256s] copying /home/amareb/autonomousDriving/build/turtlebot3_example/build/lib/turtlebot3_example/turtlebot3_patrol_server/turtlebot3_patrol_server.py -> /home/amareb/autonomousDriving/install/turtlebot3_example/lib/python3.10/site-packages/turtlebot3_example/turtlebot3_patrol_server
[1.257s] copying /home/amareb/autonomousDriving/build/turtlebot3_example/build/lib/turtlebot3_example/turtlebot3_patrol_server/__init__.py -> /home/amareb/autonomousDriving/install/turtlebot3_example/lib/python3.10/site-packages/turtlebot3_example/turtlebot3_patrol_server
[1.257s] creating /home/amareb/autonomousDriving/install/turtlebot3_example/lib/python3.10/site-packages/turtlebot3_example/turtlebot3_obstacle_detection
[1.258s] copying /home/amareb/autonomousDriving/build/turtlebot3_example/build/lib/turtlebot3_example/turtlebot3_obstacle_detection/main.py -> /home/amareb/autonomousDriving/install/turtlebot3_example/lib/python3.10/site-packages/turtlebot3_example/turtlebot3_obstacle_detection
[1.258s] copying /home/amareb/autonomousDriving/build/turtlebot3_example/build/lib/turtlebot3_example/turtlebot3_obstacle_detection/turtlebot3_obstacle_detection.py -> /home/amareb/autonomousDriving/install/turtlebot3_example/lib/python3.10/site-packages/turtlebot3_example/turtlebot3_obstacle_detection
[1.258s] copying /home/amareb/autonomousDriving/build/turtlebot3_example/build/lib/turtlebot3_example/turtlebot3_obstacle_detection/__init__.py -> /home/amareb/autonomousDriving/install/turtlebot3_example/lib/python3.10/site-packages/turtlebot3_example/turtlebot3_obstacle_detection
[1.258s] creating /home/amareb/autonomousDriving/install/turtlebot3_example/lib/python3.10/site-packages/turtlebot3_example/turtlebot3_patrol_client
[1.259s] copying /home/amareb/autonomousDriving/build/turtlebot3_example/build/lib/turtlebot3_example/turtlebot3_patrol_client/main.py -> /home/amareb/autonomousDriving/install/turtlebot3_example/lib/python3.10/site-packages/turtlebot3_example/turtlebot3_patrol_client
[1.260s] copying /home/amareb/autonomousDriving/build/turtlebot3_example/build/lib/turtlebot3_example/turtlebot3_patrol_client/turtlebot3_patrol_client.py -> /home/amareb/autonomousDriving/install/turtlebot3_example/lib/python3.10/site-packages/turtlebot3_example/turtlebot3_patrol_client
[1.260s] copying /home/amareb/autonomousDriving/build/turtlebot3_example/build/lib/turtlebot3_example/turtlebot3_patrol_client/__init__.py -> /home/amareb/autonomousDriving/install/turtlebot3_example/lib/python3.10/site-packages/turtlebot3_example/turtlebot3_patrol_client
[1.260s] creating /home/amareb/autonomousDriving/install/turtlebot3_example/lib/python3.10/site-packages/turtlebot3_example/turtlebot3_position_control
[1.261s] copying /home/amareb/autonomousDriving/build/turtlebot3_example/build/lib/turtlebot3_example/turtlebot3_position_control/main.py -> /home/amareb/autonomousDriving/install/turtlebot3_example/lib/python3.10/site-packages/turtlebot3_example/turtlebot3_position_control
[1.261s] copying /home/amareb/autonomousDriving/build/turtlebot3_example/build/lib/turtlebot3_example/turtlebot3_position_control/turtlebot3_path.py -> /home/amareb/autonomousDriving/install/turtlebot3_example/lib/python3.10/site-packages/turtlebot3_example/turtlebot3_position_control
[1.261s] copying /home/amareb/autonomousDriving/build/turtlebot3_example/build/lib/turtlebot3_example/turtlebot3_position_control/turtlebot3_position_control.py -> /home/amareb/autonomousDriving/install/turtlebot3_example/lib/python3.10/site-packages/turtlebot3_example/turtlebot3_position_control
[1.261s] copying /home/amareb/autonomousDriving/build/turtlebot3_example/build/lib/turtlebot3_example/turtlebot3_position_control/__init__.py -> /home/amareb/autonomousDriving/install/turtlebot3_example/lib/python3.10/site-packages/turtlebot3_example/turtlebot3_position_control
[1.261s] copying /home/amareb/autonomousDriving/build/turtlebot3_example/build/lib/turtlebot3_example/__init__.py -> /home/amareb/autonomousDriving/install/turtlebot3_example/lib/python3.10/site-packages/turtlebot3_example
[1.261s] byte-compiling /home/amareb/autonomousDriving/install/turtlebot3_example/lib/python3.10/site-packages/turtlebot3_example/turtlebot3_patrol_server/main.py to main.cpython-310.pyc
[1.261s] byte-compiling /home/amareb/autonomousDriving/install/turtlebot3_example/lib/python3.10/site-packages/turtlebot3_example/turtlebot3_patrol_server/turtlebot3_path.py to turtlebot3_path.cpython-310.pyc
[1.261s] byte-compiling /home/amareb/autonomousDriving/install/turtlebot3_example/lib/python3.10/site-packages/turtlebot3_example/turtlebot3_patrol_server/turtlebot3_patrol_server.py to turtlebot3_patrol_server.cpython-310.pyc
[1.261s] byte-compiling /home/amareb/autonomousDriving/install/turtlebot3_example/lib/python3.10/site-packages/turtlebot3_example/turtlebot3_patrol_server/__init__.py to __init__.cpython-310.pyc
[1.262s] byte-compiling /home/amareb/autonomousDriving/install/turtlebot3_example/lib/python3.10/site-packages/turtlebot3_example/turtlebot3_obstacle_detection/main.py to main.cpython-310.pyc
[1.262s] byte-compiling /home/amareb/autonomousDriving/install/turtlebot3_example/lib/python3.10/site-packages/turtlebot3_example/turtlebot3_obstacle_detection/turtlebot3_obstacle_detection.py to turtlebot3_obstacle_detection.cpython-310.pyc
[1.262s] byte-compiling /home/amareb/autonomousDriving/install/turtlebot3_example/lib/python3.10/site-packages/turtlebot3_example/turtlebot3_obstacle_detection/__init__.py to __init__.cpython-310.pyc
[1.262s] byte-compiling /home/amareb/autonomousDriving/install/turtlebot3_example/lib/python3.10/site-packages/turtlebot3_example/turtlebot3_patrol_client/main.py to main.cpython-310.pyc
[1.262s] byte-compiling /home/amareb/autonomousDriving/install/turtlebot3_example/lib/python3.10/site-packages/turtlebot3_example/turtlebot3_patrol_client/turtlebot3_patrol_client.py to turtlebot3_patrol_client.cpython-310.pyc
[1.262s] byte-compiling /home/amareb/autonomousDriving/install/turtlebot3_example/lib/python3.10/site-packages/turtlebot3_example/turtlebot3_patrol_client/__init__.py to __init__.cpython-310.pyc
[1.262s] byte-compiling /home/amareb/autonomousDriving/install/turtlebot3_example/lib/python3.10/site-packages/turtlebot3_example/turtlebot3_position_control/main.py to main.cpython-310.pyc
[1.262s] byte-compiling /home/amareb/autonomousDriving/install/turtlebot3_example/lib/python3.10/site-packages/turtlebot3_example/turtlebot3_position_control/turtlebot3_path.py to turtlebot3_path.cpython-310.pyc
[1.262s] byte-compiling /home/amareb/autonomousDriving/install/turtlebot3_example/lib/python3.10/site-packages/turtlebot3_example/turtlebot3_position_control/turtlebot3_position_control.py to turtlebot3_position_control.cpython-310.pyc
[1.263s] byte-compiling /home/amareb/autonomousDriving/install/turtlebot3_example/lib/python3.10/site-packages/turtlebot3_example/turtlebot3_position_control/__init__.py to __init__.cpython-310.pyc
[1.263s] byte-compiling /home/amareb/autonomousDriving/install/turtlebot3_example/lib/python3.10/site-packages/turtlebot3_example/__init__.py to __init__.cpython-310.pyc
[1.264s] running install_data
[1.264s] creating /home/amareb/autonomousDriving/install/turtlebot3_example/share/ament_index
[1.264s] creating /home/amareb/autonomousDriving/install/turtlebot3_example/share/ament_index/resource_index
[1.265s] creating /home/amareb/autonomousDriving/install/turtlebot3_example/share/ament_index/resource_index/packages
[1.265s] copying resource/turtlebot3_example -> /home/amareb/autonomousDriving/install/turtlebot3_example/share/ament_index/resource_index/packages
[1.265s] copying package.xml -> /home/amareb/autonomousDriving/install/turtlebot3_example/share/turtlebot3_example
[1.265s] running install_egg_info
[1.267s] Copying ../../../build/turtlebot3_example/turtlebot3_example.egg-info to /home/amareb/autonomousDriving/install/turtlebot3_example/lib/python3.10/site-packages/turtlebot3_example-2.1.5-py3.10.egg-info
[1.268s] running install_scripts
[1.304s] Installing turtlebot3_obstacle_detection script to /home/amareb/autonomousDriving/install/turtlebot3_example/lib/turtlebot3_example
[1.304s] Installing turtlebot3_patrol_client script to /home/amareb/autonomousDriving/install/turtlebot3_example/lib/turtlebot3_example
[1.305s] Installing turtlebot3_patrol_server script to /home/amareb/autonomousDriving/install/turtlebot3_example/lib/turtlebot3_example
[1.305s] Installing turtlebot3_position_control script to /home/amareb/autonomousDriving/install/turtlebot3_example/lib/turtlebot3_example
[1.307s] writing list of installed files to '/home/amareb/autonomousDriving/build/turtlebot3_example/install.log'
[1.350s] Invoked command in '/home/amareb/autonomousDriving/src/turtlebot3/turtlebot3_example' returned '0': AMENT_PREFIX_PATH=/home/amareb/autonomousDriving/install/turtlebot3_msgs:${AMENT_PREFIX_PATH} CMAKE_PREFIX_PATH=/home/amareb/autonomousDriving/install/turtlebot3_msgs LD_LIBRARY_PATH=/home/amareb/autonomousDriving/install/turtlebot3_msgs/lib:${LD_LIBRARY_PATH} PYTHONPATH=/home/amareb/autonomousDriving/build/turtlebot3_example/prefix_override:/home/amareb/autonomousDriving/install/turtlebot3_example/lib/python3.10/site-packages:/home/amareb/autonomousDriving/install/turtlebot3_msgs/local/lib/python3.10/dist-packages:${PYTHONPATH} /usr/bin/python3 -W ignore:setup.py install is deprecated setup.py egg_info --egg-base ../../../build/turtlebot3_example build --build-base /home/amareb/autonomousDriving/build/turtlebot3_example/build install --record /home/amareb/autonomousDriving/build/turtlebot3_example/install.log --single-version-externally-managed install_data
