[0.038s] Invoking command in '/home/amareb/autonomousDriving/build/turtlebot3_gazebo': /usr/bin/cmake /home/amareb/autonomousDriving/src/turtlebot3_simulations/turtlebot3_gazebo -DCMAKE_INSTALL_PREFIX=/home/amareb/autonomousDriving/install/turtlebot3_gazebo
[0.517s] -- The C compiler identification is GNU 11.4.0
[0.894s] -- The CXX compiler identification is GNU 11.4.0
[0.984s] -- Detecting C compiler ABI info
[1.195s] -- Detecting C compiler ABI info - done
[1.221s] -- Check for working C compiler: /usr/bin/cc - skipped
[1.222s] -- Detecting C compile features
[1.223s] -- Detecting C compile features - done
[1.228s] -- Detecting CXX compiler ABI info
[1.405s] -- Detecting CXX compiler ABI info - done
[1.429s] -- Check for working CXX compiler: /usr/bin/c++ - skipped
[1.430s] -- Detecting CXX compile features
[1.432s] -- Detecting CXX compile features - done
[1.954s] -- Configuring incomplete, errors occurred!
[1.955s] See also "/home/amareb/autonomousDriving/build/turtlebot3_gazebo/CMakeFiles/CMakeOutput.log".
[1.956s] [31mCMake Error at CMakeLists.txt:22 (find_package):
[1.956s]   By not providing "Findament_cmake.cmake" in CMAKE_MODULE_PATH this project
[1.956s]   has asked CMake to find a package configuration file provided by
[1.956s]   "ament_cmake", but CMake did not find one.
[1.956s] 
[1.957s]   Could not find a package configuration file provided by "ament_cmake" with
[1.957s]   any of the following names:
[1.957s] 
[1.957s]     ament_cmakeConfig.cmake
[1.958s]     ament_cmake-config.cmake
[1.958s] 
[1.958s]   Add the installation prefix of "ament_cmake" to CMAKE_PREFIX_PATH or set
[1.958s]   "ament_cmake_DIR" to a directory containing one of the above files.  If
[1.960s]   "ament_cmake" provides a separate development package or SDK, be sure it
[1.960s]   has been installed.
[1.962s] 
[1.964s] [0m
[1.968s] Invoked command in '/home/amareb/autonomousDriving/build/turtlebot3_gazebo' returned '1': /usr/bin/cmake /home/amareb/autonomousDriving/src/turtlebot3_simulations/turtlebot3_gazebo -DCMAKE_INSTALL_PREFIX=/home/amareb/autonomousDriving/install/turtlebot3_gazebo
